2020-06-03 17:15:58.056 [main] ERROR org.hyw.tools.generator.Generator[Generator.java:159] --  template file:templates/modules/vue/src/components/tools/UserMenu.vue render class org.apache.velocity.exception.ParseErrorException:Encountered "\n            })\n          })\n        },\n        onCancel () {\n        }\n      })\n    }\n  }\n}\n</script>\n" at <unknown template>[line 60, column 39]
Was expecting one of:
    "[" ...
    "," ...
    "}" ...
    <WHITESPACE> ...
    "}" ...
    
 2020-06-03 17:15:58.067 [main] ERROR org.hyw.tools.generator.Generator[Generator.java:159] --  template file:templates/modules/vue/src/components/tools/Breadcrumb.vue render class org.apache.velocity.exception.ParseErrorException:Lexical error,   Encountered: "=" (61), after : "" at *unset*[line 30, column 40]
 2020-06-03 17:15:58.087 [main] ERROR org.hyw.tools.generator.Generator[Generator.java:159] --  template file:templates/modules/vue/src/components/CountDown/CountDown.vue render class org.apache.velocity.exception.ParseErrorException:Encountered "(h)}:" at <unknown template>[line 46, column 26]
Was expecting one of:
    "[" ...
    "}" ...
    
 2020-06-03 17:15:58.350 [main] ERROR org.hyw.tools.generator.Generator[Generator.java:159] --  template file:templates/modules/vue/src/components/Table/index.js render class org.apache.velocity.exception.ParseErrorException:Encountered ".." at <unknown template>[line 82, column 9]
Was expecting one of:
    "}" ...
    "}" ...
    
 2020-06-03 17:15:58.359 [main] ERROR org.hyw.tools.generator.Generator[Generator.java:159] --  template file:templates/modules/vue/src/components/Table/README.md render class org.apache.velocity.exception.ParseErrorException:Encountered ")\n          }).then(res => {\n            return res.result\n          })\n        },\n        selectedRowKeys: [],\n        selectedRows: []\n      }\n    },\n    methods: {\n      onSelectChange (selectedRowKeys, selectedRows) {\n         this.selectedRowKeys = selectedRowKeys\n         this.selectedRows = selectedRows\n       }\n    }\n  }\n</script>\n\n```\n\n\n\n\u4f8b\u5b502\n----\n\n\uff08\u7b80\u5355\u7684\u8868\u683c\uff0c\u6700\u540e\u4e00\u5217\u662f\u5404\u79cd\u64cd\u4f5c\uff09\n\n```vue\n<template>\n  <s-table\n    ref=\"table\"\n    size=\"default\"\n    :columns=\"columns\"\n    :data=\"loadData\"\n  >\n    <span slot=\"action\" slot-scope=\"text, record\">\n      <a>\u7f16\u8f91</a>\n      <a-divider type=\"vertical\"/>\n      <a-dropdown>\n        <a class=\"ant-dropdown-link\">\n          \u66f4\u591a <a-icon type=\"down\"/>\n        </a>\n        <a-menu slot=\"overlay\">\n          <a-menu-item>\n            <a href=\"javascript:;\">1st menu item</a>\n          </a-menu-item>\n          <a-menu-item>\n            <a href=\"javascript:;\">2nd menu item</a>\n          </a-menu-item>\n          <a-menu-item>\n            <a href=\"javascript:;\">3rd menu item</a>\n          </a-menu-item>\n        </a-menu>\n      </a-dropdown>\n    </span>\n  </s-table>\n</template>\n\n<script>\n  import STable from \'@/components/table/\'\n\n  export default {\n    components: {\n      STable\n    },\n    data() {\n      return {\n        columns: [\n          {\n            title: \'\u89c4\u5219\u7f16\u53f7\',\n            dataIndex: \'no\'\n          },\n          {\n            title: \'\u63cf\u8ff0\',\n            dataIndex: \'description\'\n          },\n          {\n            title: \'\u670d\u52a1\u8c03\u7528\u6b21\u6570\',\n            dataIndex: \'callNo\',\n          },\n          {\n            title: \'\u72b6\u6001\',\n            dataIndex: \'status\',\n          },\n          {\n            title: \'\u66f4\u65b0\u65f6\u95f4\',\n            dataIndex: \'updatedAt\',\n          },\n          {\n            table: \'\u64cd\u4f5c\',\n            dataIndex: \'action\',\n            scopedSlots: {customRender: \'action\'},\n          }\n        ],\n        // \u67e5\u8be2\u6761\u4ef6\u53c2\u6570\n        queryParam: {},\n        // \u52a0\u8f7d\u6570\u636e\u65b9\u6cd5 \u5fc5\u987b\u4e3a Promise \u5bf9\u8c61\n        loadData: parameter => {\n          return this." at <unknown template>[line 74, column 61]
Was expecting one of:
    "[" ...
    "," ...
    ")" ...
    <WHITESPACE> ...
    
 2020-06-03 17:15:58.407 [main] ERROR org.hyw.tools.generator.Generator[Generator.java:159] --  template file:templates/modules/vue/src/components/Ellipsis/Ellipsis.vue render class org.apache.velocity.exception.ParseErrorException:Lexical error,   Encountered: "=" (61), after : "" at *unset*[line 56, column 47]
 2020-06-03 17:15:58.419 [main] ERROR org.hyw.tools.generator.Generator[Generator.java:159] --  template file:templates/modules/vue/src/components/Exception/ExceptionPage.vue render class org.apache.velocity.exception.ParseErrorException:Lexical error,   Encountered: "y" (121), after : "t" at *unset*[line 4, column 68]
 2020-06-03 17:15:58.444 [main] ERROR org.hyw.tools.generator.Generator[Generator.java:159] --  template file:templates/modules/vue/src/components/Editor/QuillEditor.vue render class org.apache.velocity.exception.ParseErrorException:Encountered "\n          })\n        }\n      }\n    },\n    onEditorBlur (quill) {\n      console.log(\'editor blur!\', quill)\n    },\n    onEditorFocus (quill) {\n      console.log(\'editor focus!\', quill)\n    },\n    onEditorReady (quill) {\n      console.log(\'editor ready!\', quill)\n    },\n    onEditorChange ({ quill, html, text }) {\n      console.log(\'editor change!\', quill, html, text)\n      this." at <unknown template>[line 121, column 42]
Was expecting one of:
    "[" ...
    "," ...
    "}" ...
    <WHITESPACE> ...
    "}" ...
    
 2020-06-03 17:15:58.569 [main] ERROR org.hyw.tools.generator.Generator[Generator.java:159] --  template file:templates/modules/vue/src/views/form/advancedForm/AdvancedForm.vue render class org.apache.velocity.exception.ParseErrorException:Encountered " ? 256 : 80}px)` : \'100%\'}\">\n      <span class=\"popover-wrapper\">\n        <a-popover title=\"\u8868\u5355\u6821\u9a8c\u4fe1\u606f\" overlayClassName=\"antd-pro-pages-forms-style-errorPopover\" trigger=\"click\" :getPopupContainer=\"trigger => trigger.parentNode\">\n          <template slot=\"content\">\n            <li v-for=\"item in errors\" :key=\"item.key\" @click=\"scrollToField(item.key)\" class=\"antd-pro-pages-forms-style-errorListItem\">\n              <a-icon type=\"cross-circle-o\" class=\"antd-pro-pages-forms-style-errorIcon\" />\n              <div class=\"\">{{ item.message }}</div>\n              <div class=\"antd-pro-pages-forms-style-errorField\">{{ item.fieldLabel }}</div>\n            </li>\n          </template>\n          <span class=\"antd-pro-pages-forms-style-errorIcon\" v-if=\"errors.length > 0\">\n            <a-icon type=\"exclamation-circle\" />{{ errors.length }}\n          </span>\n        </a-popover>\n      </span>\n      <a-button type=\"primary\" @click=\"validate\" :loading=\"loading\">\u63d0\u4ea4</a-button>\n    </footer-tool-bar>\n  </div>\n</template>\n\n<script>\nimport RepositoryForm from \'./RepositoryForm\'\nimport TaskForm from \'./TaskForm\'\nimport FooterToolBar from \'@/components/FooterToolbar\'\nimport { mixin, mixinDevice } from \'@/utils/mixin\'\n\nconst fieldLabels = {\n  name: \'\u4ed3\u5e93\u540d\',\n  url: \'\u4ed3\u5e93\u57df\u540d\',\n  owner: \'\u4ed3\u5e93\u7ba1\u7406\u5458\',\n  approver: \'\u5ba1\u6279\u4eba\',\n  dateRange: \'\u751f\u6548\u65e5\u671f\',\n  type: \'\u4ed3\u5e93\u7c7b\u578b\',\n  name2: \'\u4efb\u52a1\u540d\',\n  url2: \'\u4efb\u52a1\u63cf\u8ff0\',\n  owner2: \'\u6267\u884c\u4eba\',\n  approver2: \'\u8d23\u4efb\u4eba\',\n  dateRange2: \'\u751f\u6548\u65e5\u671f\',\n  type2: \'\u4efb\u52a1\u7c7b\u578b\'\n}\n\nexport default {\n  name: \'AdvancedForm\',\n  mixins: [mixin, mixinDevice],\n  components: {\n    FooterToolBar,\n    RepositoryForm,\n    TaskForm\n  },\n  data () {\n    return {\n      description: \'\u9ad8\u7ea7\u8868\u5355\u5e38\u89c1\u4e8e\u4e00\u6b21\u6027\u8f93\u5165\u548c\u63d0\u4ea4\u5927\u6279\u91cf\u6570\u636e\u7684\u573a\u666f\u3002\',\n      loading: false,\n      memberLoading: false,\n\n      // table\n      columns: [\n        {\n          title: \'\u6210\u5458\u59d3\u540d\',\n          dataIndex: \'name\',\n          key: \'name\',\n          width: \'20%\',\n          scopedSlots: { customRender: \'name\' }\n        },\n        {\n          title: \'\u5de5\u53f7\',\n          dataIndex: \'workId\',\n          key: \'workId\',\n          width: \'20%\',\n          scopedSlots: { customRender: \'workId\' }\n        },\n        {\n          title: \'\u6240\u5c5e\u90e8\u95e8\',\n          dataIndex: \'department\',\n          key: \'department\',\n          width: \'40%\',\n          scopedSlots: { customRender: \'department\' }\n        },\n        {\n          title: \'\u64cd\u4f5c\',\n          key: \'action\',\n          scopedSlots: { customRender: \'operation\' }\n        }\n      ],\n      data: [\n        {\n          key: \'1\',\n          name: \'\u5c0f\u660e\',\n          workId: \'001\',\n          editable: false,\n          department: \'\u884c\u653f\u90e8\'\n        },\n        {\n          key: \'2\',\n          name: \'\u674e\u8389\',\n          workId: \'002\',\n          editable: false,\n          department: \'IT\u90e8\'\n        },\n        {\n          key: \'3\',\n          name: \'\u738b\u5c0f\u5e05\',\n          workId: \'003\',\n          editable: false,\n          department: \'\u8d22\u52a1\u90e8\'\n        }\n      ],\n\n      errors: []\n    }\n  },\n  methods: {\n    handleSubmit (e) {\n      e.preventDefault()\n    },\n    newMember () {\n      const length = this.data.length\n      this.data.push({\n        key: length === 0 ? \'1\' : (parseInt(this.data[length - 1].key) + 1).toString(),\n        name: \'\',\n        workId: \'\',\n        department: \'\',\n        editable: true,\n        isNew: true\n      })\n    },\n    remove (key) {\n      const newData = this.data.filter(item => item.key !== key)\n      this.data = newData\n    },\n    saveRow (record) {\n      this.memberLoading = true\n      const { key, name, workId, department } = record\n      if (!name || !workId || !department) {\n        this.memberLoading = false\n        this." at <unknown template>[line 57, column 97]
Was expecting one of:
    "[" ...
    "}" ...
    
 2020-06-03 17:15:58.609 [main] ERROR org.hyw.tools.generator.Generator[Generator.java:159] --  template file:templates/modules/vue/src/views/Home.vue render class org.apache.velocity.exception.ParseErrorException:Lexical error,   Encountered: "=" (61), after : "" at *unset*[line 196, column 55]
 2020-06-03 17:15:58.624 [main] ERROR org.hyw.tools.generator.Generator[Generator.java:159] --  template file:templates/modules/vue/src/views/other/PermissionList.vue render class org.apache.velocity.exception.ParseErrorException:Encountered ")\n        }).then(res => {\n          const result = res.result\n          result.data.map(permission => {\n            permission.actionList = JSON.parse(permission.actionData)\n            return permission\n          })\n          return result\n        })\n      },\n\n      selectedRowKeys: [],\n      selectedRows: []\n    }\n  },\n  filters: {\n    statusFilter (status) {\n      const statusMap = {\n        1: \'\u6b63\u5e38\',\n        2: \'\u7981\u7528\'\n      }\n      return statusMap[status]\n    }\n  },\n  created () {\n    this.loadPermissionList()\n  },\n  methods: {\n    loadPermissionList () {\n      // permissionList\n      new Promise(resolve => {\n        const data = [\n          { label: \'\u65b0\u589e\', value: \'add\', defaultChecked: false },\n          { label: \'\u67e5\u8be2\', value: \'get\', defaultChecked: false },\n          { label: \'\u4fee\u6539\', value: \'update\', defaultChecked: false },\n          { label: \'\u5217\u8868\', value: \'query\', defaultChecked: false },\n          { label: \'\u5220\u9664\', value: \'delete\', defaultChecked: false },\n          { label: \'\u5bfc\u5165\', value: \'import\', defaultChecked: false },\n          { label: \'\u5bfc\u51fa\', value: \'export\', defaultChecked: false }\n        ]\n        setTimeout(resolve(data), 1500)\n      }).then(res => {\n        this.permissionList = res\n      })\n    },\n    handleEdit (record) {\n      this.mdl = Object.assign({}, record)\n      console.log(this.mdl)\n      this.visible = true\n    },\n    handleOk () {\n\n    },\n    onChange (selectedRowKeys, selectedRows) {\n      this.selectedRowKeys = selectedRowKeys\n      this.selectedRows = selectedRows\n    },\n    toggleAdvanced () {\n      this.advanced = !this.advanced\n    }\n  },\n  watch: {\n    /*\n      \'selectedRows\': function (selectedRows) {\n        this.needTotalList = this.needTotalList.map(item => {\n          return {\n            ...item,\n            total: selectedRows.reduce( (sum, val) => {\n              return sum + val[item.dataIndex]\n            }, 0)\n          }\n        })\n      }\n      */\n  }\n}\n</script>\n" at <unknown template>[line 196, column 59]
Was expecting one of:
    "[" ...
    "," ...
    ")" ...
    <WHITESPACE> ...
    
 2020-06-03 17:15:58.637 [main] ERROR org.hyw.tools.generator.Generator[Generator.java:159] --  template file:templates/modules/vue/src/views/other/TreeList.vue render class org.apache.velocity.exception.ParseErrorException:Lexical error,   Encountered: "`" (96), after : "" at *unset*[line 132, column 26]
 2020-06-03 17:15:58.644 [main] ERROR org.hyw.tools.generator.Generator[Generator.java:159] --  template file:templates/modules/vue/src/views/other/IconSelectorView.vue render class org.apache.velocity.exception.ParseErrorException:Lexical error,   Encountered: "<" (60), after : "" at *unset*[line 23, column 26]
 2020-06-03 17:15:58.657 [main] ERROR org.hyw.tools.generator.Generator[Generator.java:159] --  template file:templates/modules/vue/src/views/other/RoleList.vue render class org.apache.velocity.exception.ParseErrorException:Encountered ")\n        }).then(res => {\n          return res.result\n        })\n      },\n\n      selectedRowKeys: [],\n      selectedRows: []\n    }\n  },\n  methods: {\n    handleEdit (record) {\n      this.mdl = Object.assign({}, record)\n\n      this.mdl.permissions.forEach(permission => {\n        permission.actionsOptions = permission.actionEntitySet.map(action => {\n          return { label: action.describe, value: action.action, defaultCheck: action.defaultCheck }\n        })\n      })\n\n      console.log(this.mdl)\n      this.visible = true\n    },\n    handleOk () {\n      // \u65b0\u589e/\u4fee\u6539 \u6210\u529f\u65f6\uff0c\u91cd\u8f7d\u5217\u8868\n      this." at <unknown template>[line 132, column 59]
Was expecting one of:
    "[" ...
    "," ...
    ")" ...
    <WHITESPACE> ...
    
 2020-06-03 17:15:58.669 [main] ERROR org.hyw.tools.generator.Generator[Generator.java:159] --  template file:templates/modules/vue/src/views/other/TableInnerEditList.vue render class org.apache.velocity.exception.ParseErrorException:Encountered ")\n        }).then(res => {\n          return res.result\n        })\n      },\n\n      selectedRowKeys: [],\n      selectedRows: []\n    }\n  },\n  methods: {\n\n    handleChange (value, key, column, record) {\n      console.log(value, key, column)\n      record[column.dataIndex] = value\n    },\n    edit (row) {\n      row.editable = true\n      // row = Object.assign({}, row)\n    },\n    // eslint-disable-next-line\n    del (row) {\n      this." at <unknown template>[line 177, column 59]
Was expecting one of:
    "[" ...
    "," ...
    ")" ...
    <WHITESPACE> ...
    
 2020-06-03 17:15:58.704 [main] ERROR org.hyw.tools.generator.Generator[Generator.java:159] --  template file:templates/modules/vue/src/views/user/Login.vue render class org.apache.velocity.exception.ParseErrorException:Lexical error,   Encountered: "=" (61), after : "" at *unset*[line 148, column 50]
 2020-06-03 17:15:58.774 [main] ERROR org.hyw.tools.generator.Generator[Generator.java:159] --  template file:templates/modules/vue/src/views/dashboard/Analysis.vue render class org.apache.velocity.exception.ParseErrorException:Encountered " + 1}\u6708`,\n    y: Math.floor(Math.random() * 1000) + 200\n  })\n  barData2.push({\n    x: `" at <unknown template>[line 223, column 12]
Was expecting one of:
    "[" ...
    "}" ...
    
 2020-06-03 17:15:58.872 [main] ERROR org.hyw.tools.generator.Generator[Generator.java:159] --  template file:templates/modules/vue/src/views/list/search/Projects.vue render class org.apache.velocity.exception.ParseErrorException:Lexical error,   Encountered: "=" (61), after : "" at *unset*[line 119, column 74]
 2020-06-03 17:15:58.904 [main] ERROR org.hyw.tools.generator.Generator[Generator.java:159] --  template file:templates/modules/vue/src/views/list/search/Article.vue render class org.apache.velocity.exception.ParseErrorException:Lexical error,   Encountered: "=" (61), after : "" at *unset*[line 149, column 48]
 2020-06-03 17:15:58.916 [main] ERROR org.hyw.tools.generator.Generator[Generator.java:159] --  template file:templates/modules/vue/src/views/list/search/Applications.vue render class org.apache.velocity.exception.ParseErrorException:Lexical error,   Encountered: "=" (61), after : "" at *unset*[line 137, column 74]
 2020-06-03 17:15:58.979 [main] ERROR org.hyw.tools.generator.Generator[Generator.java:159] --  template file:templates/modules/vue/src/views/list/TableList.vue render class org.apache.velocity.exception.ParseErrorException:Lexical error,   Encountered: "`" (96), after : "" at *unset*[line 257, column 28]
 2020-06-03 17:15:59.108 [main] ERROR org.hyw.tools.generator.Generator[Generator.java:159] --  template file:templates/modules/vue/src/views/account/center/Index.vue render class org.apache.velocity.exception.ParseErrorException:Lexical error,   Encountered: "=" (61), after : "" at *unset*[line 146, column 51]
 2020-06-03 17:15:59.125 [main] ERROR org.hyw.tools.generator.Generator[Generator.java:159] --  template file:templates/modules/vue/src/views/account/center/page/Project.vue render class org.apache.velocity.exception.ParseErrorException:Lexical error,   Encountered: "=" (61), after : "" at *unset*[line 67, column 74]
 2020-06-03 17:15:59.141 [main] ERROR org.hyw.tools.generator.Generator[Generator.java:159] --  template file:templates/modules/vue/src/views/account/center/page/Article.vue render class org.apache.velocity.exception.ParseErrorException:Lexical error,   Encountered: "=" (61), after : "" at *unset*[line 55, column 48]
 2020-06-03 17:15:59.185 [main] ERROR org.hyw.tools.generator.Generator[Generator.java:159] --  template file:templates/modules/vue/src/store/modules/permission.js render class org.apache.velocity.exception.ParseErrorException:Encountered " && parent.resourceUri || \'\'}/" at <unknown template>[line 45, column 25]
Was expecting one of:
    "[" ...
    "}" ...
    
 