2020-06-03 17:07:10.866 [main] INFO  com.alibaba.druid.pool.DruidDataSource[DruidDataSource.java:854] --  {dataSource-1} inited
 2020-06-03 17:07:13.638 [main] INFO  org.hyw.tools.generator.AbstractGenerator[AbstractGenerator.java:67] --  开始读取数据库元数据...
 2020-06-03 17:07:18.927 [main] INFO  org.hyw.tools.generator.AbstractGenerator[AbstractGenerator.java:67] --  开始读取数据库元数据...
 2020-06-03 17:07:50.703 [main] INFO  org.hyw.tools.generator.Generator[Generator.java:171] --  generator file:/Users/a123/workspace/demo/templates/modules/{0}/pom.xml
 2020-06-03 17:07:50.707 [main] INFO  org.hyw.tools.generator.Generator[Generator.java:171] --  generator file:/Users/a123/workspace/demo/templates/modules/{0}/readme.md
 2020-06-03 17:07:50.714 [main] INFO  org.hyw.tools.generator.Generator[Generator.java:171] --  generator file:/Users/a123/workspace/demo/templates/modules/vue/jsconfig.json
 2020-06-03 17:07:50.718 [main] INFO  org.hyw.tools.generator.Generator[Generator.java:171] --  generator file:/Users/a123/workspace/demo/templates/modules/vue/LICENSE
 2020-06-03 17:07:50.720 [main] INFO  org.hyw.tools.generator.Generator[Generator.java:171] --  generator file:/Users/a123/workspace/demo/templates/modules/vue/webstorm.config.js
 2020-06-03 17:07:50.721 [main] INFO  org.hyw.tools.generator.Generator[Generator.java:171] --  generator file:/Users/a123/workspace/demo/templates/modules/vue/.env.preview
 2020-06-03 17:07:50.725 [main] INFO  org.hyw.tools.generator.Generator[Generator.java:171] --  generator file:/Users/a123/workspace/demo/templates/modules/vue/jest.config.js
 2020-06-03 17:07:50.728 [main] INFO  org.hyw.tools.generator.Generator[Generator.java:171] --  generator file:/Users/a123/workspace/demo/templates/modules/vue/tests/unit/.eslintrc.js
 2020-06-03 17:07:50.730 [main] INFO  org.hyw.tools.generator.Generator[Generator.java:171] --  generator file:/Users/a123/workspace/demo/templates/modules/vue/.classpath
 2020-06-03 17:07:50.734 [main] INFO  org.hyw.tools.generator.Generator[Generator.java:171] --  generator file:/Users/a123/workspace/demo/templates/modules/vue/.editorconfig
 2020-06-03 17:07:50.736 [main] INFO  org.hyw.tools.generator.Generator[Generator.java:171] --  generator file:/Users/a123/workspace/demo/templates/modules/vue/README.md
 2020-06-03 17:07:50.737 [main] INFO  org.hyw.tools.generator.Generator[Generator.java:171] --  generator file:/Users/a123/workspace/demo/templates/modules/vue/public/loading/option2/loading.svg
 2020-06-03 17:07:50.739 [main] INFO  org.hyw.tools.generator.Generator[Generator.java:171] --  generator file:/Users/a123/workspace/demo/templates/modules/vue/public/loading/option2/loading.css
 2020-06-03 17:07:50.745 [main] INFO  org.hyw.tools.generator.Generator[Generator.java:171] --  generator file:/Users/a123/workspace/demo/templates/modules/vue/public/loading/option2/html_code_segment.html
 2020-06-03 17:07:50.746 [main] INFO  org.hyw.tools.generator.Generator[Generator.java:171] --  generator file:/Users/a123/workspace/demo/templates/modules/vue/public/loading/loading.css
 2020-06-03 17:07:50.749 [main] INFO  org.hyw.tools.generator.Generator[Generator.java:171] --  generator file:/Users/a123/workspace/demo/templates/modules/vue/public/loading/loading.html
 2020-06-03 17:07:50.750 [main] INFO  org.hyw.tools.generator.Generator[Generator.java:171] --  generator file:/Users/a123/workspace/demo/templates/modules/vue/public/logo.png
 2020-06-03 17:07:50.830 [main] INFO  org.hyw.tools.generator.Generator[Generator.java:171] --  generator file:/Users/a123/workspace/demo/templates/modules/vue/public/color.less
 2020-06-03 17:07:50.850 [main] INFO  org.hyw.tools.generator.Generator[Generator.java:171] --  generator file:/Users/a123/workspace/demo/templates/modules/vue/public/avatar2.jpg
 2020-06-03 17:07:50.864 [main] INFO  org.hyw.tools.generator.Generator[Generator.java:171] --  generator file:/Users/a123/workspace/demo/templates/modules/vue/babel.config.js
 2020-06-03 17:07:50.869 [main] INFO  org.hyw.tools.generator.Generator[Generator.java:171] --  generator file:/Users/a123/workspace/demo/templates/modules/vue/package.json
 2020-06-03 17:07:50.871 [main] INFO  org.hyw.tools.generator.Generator[Generator.java:171] --  generator file:/Users/a123/workspace/demo/templates/modules/vue/.env
 2020-06-03 17:07:50.874 [main] INFO  org.hyw.tools.generator.Generator[Generator.java:171] --  generator file:/Users/a123/workspace/demo/templates/modules/vue/.project
 2020-06-03 17:07:50.878 [main] INFO  org.hyw.tools.generator.Generator[Generator.java:171] --  generator file:/Users/a123/workspace/demo/templates/modules/vue/vue.config.js
 2020-06-03 17:07:50.882 [main] INFO  org.hyw.tools.generator.Generator[Generator.java:171] --  generator file:/Users/a123/workspace/demo/templates/modules/vue/.prettierrc
 2020-06-03 17:07:50.883 [main] INFO  org.hyw.tools.generator.Generator[Generator.java:171] --  generator file:/Users/a123/workspace/demo/templates/modules/vue/.travis.yml
 2020-06-03 17:07:50.885 [main] INFO  org.hyw.tools.generator.Generator[Generator.java:171] --  generator file:/Users/a123/workspace/demo/templates/modules/vue/src/App.vue
 2020-06-03 17:07:50.905 [main] INFO  org.hyw.tools.generator.Generator[Generator.java:171] --  generator file:/Users/a123/workspace/demo/templates/modules/vue/src/core/directives/action.js
 2020-06-03 17:07:50.910 [main] INFO  org.hyw.tools.generator.Generator[Generator.java:171] --  generator file:/Users/a123/workspace/demo/templates/modules/vue/src/core/icons.js
 2020-06-03 17:07:50.917 [main] INFO  org.hyw.tools.generator.Generator[Generator.java:171] --  generator file:/Users/a123/workspace/demo/templates/modules/vue/src/core/bootstrap.js
 2020-06-03 17:07:50.920 [main] INFO  org.hyw.tools.generator.Generator[Generator.java:171] --  generator file:/Users/a123/workspace/demo/templates/modules/vue/src/core/lazy_use.js
 2020-06-03 17:07:50.923 [main] INFO  org.hyw.tools.generator.Generator[Generator.java:171] --  generator file:/Users/a123/workspace/demo/templates/modules/vue/src/core/use.js
 2020-06-03 17:07:50.927 [main] INFO  org.hyw.tools.generator.Generator[Generator.java:171] --  generator file:/Users/a123/workspace/demo/templates/modules/vue/src/core/lazy_lib/components_use.js
 2020-06-03 17:07:50.929 [main] INFO  org.hyw.tools.generator.Generator[Generator.java:171] --  generator file:/Users/a123/workspace/demo/templates/modules/vue/src/config/router.config.js
 2020-06-03 17:07:50.934 [main] INFO  org.hyw.tools.generator.Generator[Generator.java:171] --  generator file:/Users/a123/workspace/demo/templates/modules/vue/src/config/defaultSettings.js
 2020-06-03 17:07:50.937 [main] INFO  org.hyw.tools.generator.Generator[Generator.java:171] --  generator file:/Users/a123/workspace/demo/templates/modules/vue/src/mock/util.js
 2020-06-03 17:07:50.938 [main] INFO  org.hyw.tools.generator.Generator[Generator.java:171] --  generator file:/Users/a123/workspace/demo/templates/modules/vue/src/mock/index.js
 2020-06-03 17:07:50.944 [main] INFO  org.hyw.tools.generator.Generator[Generator.java:171] --  generator file:/Users/a123/workspace/demo/templates/modules/vue/src/mock/services/other.js
 2020-06-03 17:07:50.947 [main] INFO  org.hyw.tools.generator.Generator[Generator.java:171] --  generator file:/Users/a123/workspace/demo/templates/modules/vue/src/mock/services/user.js
 2020-06-03 17:07:50.973 [main] INFO  org.hyw.tools.generator.Generator[Generator.java:171] --  generator file:/Users/a123/workspace/demo/templates/modules/vue/src/mock/services/auth.js
 2020-06-03 17:07:50.977 [main] INFO  org.hyw.tools.generator.Generator[Generator.java:171] --  generator file:/Users/a123/workspace/demo/templates/modules/vue/src/mock/services/tagCloud.js
 2020-06-03 17:07:50.991 [main] INFO  org.hyw.tools.generator.Generator[Generator.java:171] --  generator file:/Users/a123/workspace/demo/templates/modules/vue/src/mock/services/manage.js
 2020-06-03 17:07:50.992 [main] INFO  org.hyw.tools.generator.Generator[Generator.java:171] --  generator file:/Users/a123/workspace/demo/templates/modules/vue/src/mock/services/article.js
 2020-06-03 17:07:51.005 [main] INFO  org.hyw.tools.generator.Generator[Generator.java:171] --  generator file:/Users/a123/workspace/demo/templates/modules/vue/src/permission.js
 2020-06-03 17:07:51.007 [main] INFO  org.hyw.tools.generator.Generator[Generator.java:171] --  generator file:/Users/a123/workspace/demo/templates/modules/vue/src/utils/util.js
 2020-06-03 17:07:51.008 [main] INFO  org.hyw.tools.generator.Generator[Generator.java:171] --  generator file:/Users/a123/workspace/demo/templates/modules/vue/src/utils/device.js
 2020-06-03 17:07:51.010 [main] INFO  org.hyw.tools.generator.Generator[Generator.java:171] --  generator file:/Users/a123/workspace/demo/templates/modules/vue/src/utils/axios.js
 2020-06-03 17:07:51.011 [main] INFO  org.hyw.tools.generator.Generator[Generator.java:171] --  generator file:/Users/a123/workspace/demo/templates/modules/vue/src/utils/utils.less
 2020-06-03 17:07:51.014 [main] INFO  org.hyw.tools.generator.Generator[Generator.java:171] --  generator file:/Users/a123/workspace/demo/templates/modules/vue/src/utils/request.js
 2020-06-03 17:07:51.033 [main] INFO  org.hyw.tools.generator.Generator[Generator.java:171] --  generator file:/Users/a123/workspace/demo/templates/modules/vue/src/utils/mixin.js
 2020-06-03 17:07:51.037 [main] INFO  org.hyw.tools.generator.Generator[Generator.java:171] --  generator file:/Users/a123/workspace/demo/templates/modules/vue/src/utils/helper/permission.js
 2020-06-03 17:07:51.039 [main] INFO  org.hyw.tools.generator.Generator[Generator.java:171] --  generator file:/Users/a123/workspace/demo/templates/modules/vue/src/utils/filter.js
 2020-06-03 17:07:51.040 [main] INFO  org.hyw.tools.generator.Generator[Generator.java:171] --  generator file:/Users/a123/workspace/demo/templates/modules/vue/src/utils/permissions.js
 2020-06-03 17:07:51.045 [main] INFO  org.hyw.tools.generator.Generator[Generator.java:171] --  generator file:/Users/a123/workspace/demo/templates/modules/vue/src/utils/storage.js
 2020-06-03 17:07:51.046 [main] INFO  org.hyw.tools.generator.Generator[Generator.java:171] --  generator file:/Users/a123/workspace/demo/templates/modules/vue/src/main.js
 2020-06-03 17:07:51.048 [main] INFO  org.hyw.tools.generator.Generator[Generator.java:171] --  generator file:/Users/a123/workspace/demo/templates/modules/vue/src/components/Tree/Tree.jsx
 2020-06-03 17:07:51.057 [main] INFO  org.hyw.tools.generator.Generator[Generator.java:171] --  generator file:/Users/a123/workspace/demo/templates/modules/vue/src/components/global.less
 2020-06-03 17:07:51.058 [main] INFO  org.hyw.tools.generator.Generator[Generator.java:171] --  generator file:/Users/a123/workspace/demo/templates/modules/vue/src/components/PageLoading/index.jsx
 2020-06-03 17:07:51.066 [main] INFO  org.hyw.tools.generator.Generator[Generator.java:171] --  generator file:/Users/a123/workspace/demo/templates/modules/vue/src/components/tools/HeadInfo.vue
 2020-06-03 17:07:51.102 [main] ERROR org.hyw.tools.generator.Generator[Generator.java:159] --  template file:templates/modules/vue/src/components/tools/UserMenu.vue render class org.apache.velocity.exception.ParseErrorException:Encountered "\n            })\n          })\n        },\n        onCancel () {\n        }\n      })\n    }\n  }\n}\n</script>\n" at <unknown template>[line 60, column 39]
Was expecting one of:
    "[" ...
    "," ...
    "}" ...
    <WHITESPACE> ...
    "}" ...
    
 2020-06-03 17:07:51.118 [main] ERROR org.hyw.tools.generator.Generator[Generator.java:159] --  template file:templates/modules/vue/src/components/tools/Breadcrumb.vue render class org.apache.velocity.exception.ParseErrorException:Lexical error,   Encountered: "=" (61), after : "" at *unset*[line 30, column 40]
 2020-06-03 17:07:51.120 [main] INFO  org.hyw.tools.generator.Generator[Generator.java:171] --  generator file:/Users/a123/workspace/demo/templates/modules/vue/src/components/tools/TwoStepCaptcha.vue
 2020-06-03 17:07:51.121 [main] INFO  org.hyw.tools.generator.Generator[Generator.java:171] --  generator file:/Users/a123/workspace/demo/templates/modules/vue/src/components/tools/Logo.vue
 2020-06-03 17:07:51.122 [main] INFO  org.hyw.tools.generator.Generator[Generator.java:171] --  generator file:/Users/a123/workspace/demo/templates/modules/vue/src/components/tools/DetailList.vue
 2020-06-03 17:07:51.125 [main] INFO  org.hyw.tools.generator.Generator[Generator.java:171] --  generator file:/Users/a123/workspace/demo/templates/modules/vue/src/components/_util/util.js
 2020-06-03 17:07:51.133 [main] INFO  org.hyw.tools.generator.Generator[Generator.java:171] --  generator file:/Users/a123/workspace/demo/templates/modules/vue/src/components/Result/Result.vue
 2020-06-03 17:07:51.134 [main] INFO  org.hyw.tools.generator.Generator[Generator.java:171] --  generator file:/Users/a123/workspace/demo/templates/modules/vue/src/components/Result/index.js
 2020-06-03 17:07:51.136 [main] INFO  org.hyw.tools.generator.Generator[Generator.java:171] --  generator file:/Users/a123/workspace/demo/templates/modules/vue/src/components/StandardFormRow/StandardFormRow.vue
 2020-06-03 17:07:51.137 [main] INFO  org.hyw.tools.generator.Generator[Generator.java:171] --  generator file:/Users/a123/workspace/demo/templates/modules/vue/src/components/StandardFormRow/index.js
 2020-06-03 17:07:51.138 [main] INFO  org.hyw.tools.generator.Generator[Generator.java:171] --  generator file:/Users/a123/workspace/demo/templates/modules/vue/src/components/ArticleListContent/index.js
 2020-06-03 17:07:51.139 [main] INFO  org.hyw.tools.generator.Generator[Generator.java:171] --  generator file:/Users/a123/workspace/demo/templates/modules/vue/src/components/ArticleListContent/ArticleListContent.vue
 2020-06-03 17:07:51.141 [main] INFO  org.hyw.tools.generator.Generator[Generator.java:171] --  generator file:/Users/a123/workspace/demo/templates/modules/vue/src/components/CountDown/index.js
 2020-06-03 17:07:51.145 [main] ERROR org.hyw.tools.generator.Generator[Generator.java:159] --  template file:templates/modules/vue/src/components/CountDown/CountDown.vue render class org.apache.velocity.exception.ParseErrorException:Encountered "(h)}:" at <unknown template>[line 46, column 26]
Was expecting one of:
    "[" ...
    "}" ...
    
 2020-06-03 17:07:51.149 [main] INFO  org.hyw.tools.generator.Generator[Generator.java:171] --  generator file:/Users/a123/workspace/demo/templates/modules/vue/src/components/CountDown/index.md
 2020-06-03 17:07:51.151 [main] INFO  org.hyw.tools.generator.Generator[Generator.java:171] --  generator file:/Users/a123/workspace/demo/templates/modules/vue/src/components/IconSelector/icons.js
 2020-06-03 17:07:51.171 [main] INFO  org.hyw.tools.generator.Generator[Generator.java:171] --  generator file:/Users/a123/workspace/demo/templates/modules/vue/src/components/IconSelector/index.js
 2020-06-03 17:07:51.174 [main] INFO  org.hyw.tools.generator.Generator[Generator.java:171] --  generator file:/Users/a123/workspace/demo/templates/modules/vue/src/components/IconSelector/README.md
 2020-06-03 17:07:51.189 [main] INFO  org.hyw.tools.generator.Generator[Generator.java:171] --  generator file:/Users/a123/workspace/demo/templates/modules/vue/src/components/IconSelector/IconSelector.vue
 2020-06-03 17:07:51.190 [main] INFO  org.hyw.tools.generator.Generator[Generator.java:171] --  generator file:/Users/a123/workspace/demo/templates/modules/vue/src/components/MultiTab/index.js
 2020-06-03 17:07:51.191 [main] INFO  org.hyw.tools.generator.Generator[Generator.java:171] --  generator file:/Users/a123/workspace/demo/templates/modules/vue/src/components/MultiTab/index.less
 2020-06-03 17:07:51.211 [main] INFO  org.hyw.tools.generator.Generator[Generator.java:171] --  generator file:/Users/a123/workspace/demo/templates/modules/vue/src/components/MultiTab/MultiTab.vue
 2020-06-03 17:07:51.214 [main] INFO  org.hyw.tools.generator.Generator[Generator.java:171] --  generator file:/Users/a123/workspace/demo/templates/modules/vue/src/components/Trend/index.js
 2020-06-03 17:07:51.215 [main] INFO  org.hyw.tools.generator.Generator[Generator.java:171] --  generator file:/Users/a123/workspace/demo/templates/modules/vue/src/components/Trend/index.less
 2020-06-03 17:07:51.218 [main] INFO  org.hyw.tools.generator.Generator[Generator.java:171] --  generator file:/Users/a123/workspace/demo/templates/modules/vue/src/components/Trend/index.md
 2020-06-03 17:07:51.221 [main] INFO  org.hyw.tools.generator.Generator[Generator.java:171] --  generator file:/Users/a123/workspace/demo/templates/modules/vue/src/components/Trend/Trend.vue
 2020-06-03 17:07:51.227 [main] INFO  org.hyw.tools.generator.Generator[Generator.java:171] --  generator file:/Users/a123/workspace/demo/templates/modules/vue/src/components/SettingDrawer/themeColor.js
 2020-06-03 17:07:51.232 [main] INFO  org.hyw.tools.generator.Generator[Generator.java:171] --  generator file:/Users/a123/workspace/demo/templates/modules/vue/src/components/SettingDrawer/SettingItem.vue
 2020-06-03 17:07:51.237 [main] INFO  org.hyw.tools.generator.Generator[Generator.java:171] --  generator file:/Users/a123/workspace/demo/templates/modules/vue/src/components/SettingDrawer/index.js
 2020-06-03 17:07:51.283 [main] INFO  org.hyw.tools.generator.Generator[Generator.java:171] --  generator file:/Users/a123/workspace/demo/templates/modules/vue/src/components/SettingDrawer/SettingDrawer.vue
 2020-06-03 17:07:51.286 [main] INFO  org.hyw.tools.generator.Generator[Generator.java:171] --  generator file:/Users/a123/workspace/demo/templates/modules/vue/src/components/SettingDrawer/settingConfig.js
 2020-06-03 17:07:51.289 [main] INFO  org.hyw.tools.generator.Generator[Generator.java:171] --  generator file:/Users/a123/workspace/demo/templates/modules/vue/src/components/NoticeIcon/NoticeIcon.vue
 2020-06-03 17:07:51.290 [main] INFO  org.hyw.tools.generator.Generator[Generator.java:171] --  generator file:/Users/a123/workspace/demo/templates/modules/vue/src/components/NoticeIcon/index.js
 2020-06-03 17:07:51.293 [main] INFO  org.hyw.tools.generator.Generator[Generator.java:171] --  generator file:/Users/a123/workspace/demo/templates/modules/vue/src/components/DescriptionList/index.js
 2020-06-03 17:07:51.301 [main] INFO  org.hyw.tools.generator.Generator[Generator.java:171] --  generator file:/Users/a123/workspace/demo/templates/modules/vue/src/components/DescriptionList/DescriptionList.vue
 2020-06-03 17:07:51.304 [main] INFO  org.hyw.tools.generator.Generator[Generator.java:171] --  generator file:/Users/a123/workspace/demo/templates/modules/vue/src/components/Charts/TransferBar.vue
 2020-06-03 17:07:51.306 [main] INFO  org.hyw.tools.generator.Generator[Generator.java:171] --  generator file:/Users/a123/workspace/demo/templates/modules/vue/src/components/Charts/Liquid.vue
 2020-06-03 17:07:51.309 [main] INFO  org.hyw.tools.generator.Generator[Generator.java:171] --  generator file:/Users/a123/workspace/demo/templates/modules/vue/src/components/Charts/RankList.vue
 2020-06-03 17:07:51.311 [main] INFO  org.hyw.tools.generator.Generator[Generator.java:171] --  generator file:/Users/a123/workspace/demo/templates/modules/vue/src/components/Charts/TagCloud.vue
 2020-06-03 17:07:51.313 [main] INFO  org.hyw.tools.generator.Generator[Generator.java:171] --  generator file:/Users/a123/workspace/demo/templates/modules/vue/src/components/Charts/MiniProgress.vue
 2020-06-03 17:07:51.314 [main] INFO  org.hyw.tools.generator.Generator[Generator.java:171] --  generator file:/Users/a123/workspace/demo/templates/modules/vue/src/components/Charts/Radar.vue
 2020-06-03 17:07:51.316 [main] INFO  org.hyw.tools.generator.Generator[Generator.java:171] --  generator file:/Users/a123/workspace/demo/templates/modules/vue/src/components/Charts/MiniArea.vue
 2020-06-03 17:07:51.318 [main] INFO  org.hyw.tools.generator.Generator[Generator.java:171] --  generator file:/Users/a123/workspace/demo/templates/modules/vue/src/components/Charts/ChartCard.vue
 2020-06-03 17:07:51.320 [main] INFO  org.hyw.tools.generator.Generator[Generator.java:171] --  generator file:/Users/a123/workspace/demo/templates/modules/vue/src/components/Charts/Trend.vue
 2020-06-03 17:07:51.322 [main] INFO  org.hyw.tools.generator.Generator[Generator.java:171] --  generator file:/Users/a123/workspace/demo/templates/modules/vue/src/components/Charts/MiniBar.vue
 2020-06-03 17:07:51.324 [main] INFO  org.hyw.tools.generator.Generator[Generator.java:171] --  generator file:/Users/a123/workspace/demo/templates/modules/vue/src/components/Charts/Bar.vue
 2020-06-03 17:07:51.327 [main] INFO  org.hyw.tools.generator.Generator[Generator.java:171] --  generator file:/Users/a123/workspace/demo/templates/modules/vue/src/components/Charts/chart.less
 2020-06-03 17:07:51.333 [main] INFO  org.hyw.tools.generator.Generator[Generator.java:171] --  generator file:/Users/a123/workspace/demo/templates/modules/vue/src/components/Charts/smooth.area.less
 2020-06-03 17:07:51.335 [main] INFO  org.hyw.tools.generator.Generator[Generator.java:171] --  generator file:/Users/a123/workspace/demo/templates/modules/vue/src/components/Charts/MiniSmoothArea.vue
 2020-06-03 17:07:51.337 [main] INFO  org.hyw.tools.generator.Generator[Generator.java:171] --  generator file:/Users/a123/workspace/demo/templates/modules/vue/src/components/GlobalFooter/index.js
 2020-06-03 17:07:51.339 [main] INFO  org.hyw.tools.generator.Generator[Generator.java:171] --  generator file:/Users/a123/workspace/demo/templates/modules/vue/src/components/index.js
 2020-06-03 17:07:51.349 [main] INFO  org.hyw.tools.generator.Generator[Generator.java:171] --  generator file:/Users/a123/workspace/demo/templates/modules/vue/src/components/PageHeader/PageHeader.vue
 2020-06-03 17:07:51.351 [main] INFO  org.hyw.tools.generator.Generator[Generator.java:171] --  generator file:/Users/a123/workspace/demo/templates/modules/vue/src/components/PageHeader/index.js
 2020-06-03 17:07:51.353 [main] INFO  org.hyw.tools.generator.Generator[Generator.java:171] --  generator file:/Users/a123/workspace/demo/templates/modules/vue/src/components/index.less
 2020-06-03 17:07:51.359 [main] INFO  org.hyw.tools.generator.Generator[Generator.java:171] --  generator file:/Users/a123/workspace/demo/templates/modules/vue/src/components/TagSelect/TagSelectOption.jsx
 2020-06-03 17:07:51.366 [main] INFO  org.hyw.tools.generator.Generator[Generator.java:171] --  generator file:/Users/a123/workspace/demo/templates/modules/vue/src/components/TagSelect/index.jsx
 2020-06-03 17:07:51.376 [main] INFO  org.hyw.tools.generator.Generator[Generator.java:171] --  generator file:/Users/a123/workspace/demo/templates/modules/vue/src/components/AvatarList/List.vue
 2020-06-03 17:07:51.378 [main] INFO  org.hyw.tools.generator.Generator[Generator.java:171] --  generator file:/Users/a123/workspace/demo/templates/modules/vue/src/components/AvatarList/index.js
 2020-06-03 17:07:51.380 [main] INFO  org.hyw.tools.generator.Generator[Generator.java:171] --  generator file:/Users/a123/workspace/demo/templates/modules/vue/src/components/AvatarList/index.less
 2020-06-03 17:07:51.383 [main] INFO  org.hyw.tools.generator.Generator[Generator.java:171] --  generator file:/Users/a123/workspace/demo/templates/modules/vue/src/components/AvatarList/Item.vue
 2020-06-03 17:07:51.386 [main] INFO  org.hyw.tools.generator.Generator[Generator.java:171] --  generator file:/Users/a123/workspace/demo/templates/modules/vue/src/components/AvatarList/index.md
 2020-06-03 17:07:51.387 [main] INFO  org.hyw.tools.generator.Generator[Generator.java:171] --  generator file:/Users/a123/workspace/demo/templates/modules/vue/src/components/GlobalHeader/GlobalHeader.vue
 2020-06-03 17:07:51.390 [main] INFO  org.hyw.tools.generator.Generator[Generator.java:171] --  generator file:/Users/a123/workspace/demo/templates/modules/vue/src/components/GlobalHeader/index.js
 2020-06-03 17:07:51.395 [main] ERROR org.hyw.tools.generator.Generator[Generator.java:159] --  template file:templates/modules/vue/src/components/Table/index.js render class org.apache.velocity.exception.ParseErrorException:Encountered ".." at <unknown template>[line 82, column 9]
Was expecting one of:
    "}" ...
    "}" ...
    
 2020-06-03 17:07:51.402 [main] ERROR org.hyw.tools.generator.Generator[Generator.java:159] --  template file:templates/modules/vue/src/components/Table/README.md render class org.apache.velocity.exception.ParseErrorException:Encountered ")\n          }).then(res => {\n            return res.result\n          })\n        },\n        selectedRowKeys: [],\n        selectedRows: []\n      }\n    },\n    methods: {\n      onSelectChange (selectedRowKeys, selectedRows) {\n         this.selectedRowKeys = selectedRowKeys\n         this.selectedRows = selectedRows\n       }\n    }\n  }\n</script>\n\n```\n\n\n\n\u4f8b\u5b502\n----\n\n\uff08\u7b80\u5355\u7684\u8868\u683c\uff0c\u6700\u540e\u4e00\u5217\u662f\u5404\u79cd\u64cd\u4f5c\uff09\n\n```vue\n<template>\n  <s-table\n    ref=\"table\"\n    size=\"default\"\n    :columns=\"columns\"\n    :data=\"loadData\"\n  >\n    <span slot=\"action\" slot-scope=\"text, record\">\n      <a>\u7f16\u8f91</a>\n      <a-divider type=\"vertical\"/>\n      <a-dropdown>\n        <a class=\"ant-dropdown-link\">\n          \u66f4\u591a <a-icon type=\"down\"/>\n        </a>\n        <a-menu slot=\"overlay\">\n          <a-menu-item>\n            <a href=\"javascript:;\">1st menu item</a>\n          </a-menu-item>\n          <a-menu-item>\n            <a href=\"javascript:;\">2nd menu item</a>\n          </a-menu-item>\n          <a-menu-item>\n            <a href=\"javascript:;\">3rd menu item</a>\n          </a-menu-item>\n        </a-menu>\n      </a-dropdown>\n    </span>\n  </s-table>\n</template>\n\n<script>\n  import STable from \'@/components/table/\'\n\n  export default {\n    components: {\n      STable\n    },\n    data() {\n      return {\n        columns: [\n          {\n            title: \'\u89c4\u5219\u7f16\u53f7\',\n            dataIndex: \'no\'\n          },\n          {\n            title: \'\u63cf\u8ff0\',\n            dataIndex: \'description\'\n          },\n          {\n            title: \'\u670d\u52a1\u8c03\u7528\u6b21\u6570\',\n            dataIndex: \'callNo\',\n          },\n          {\n            title: \'\u72b6\u6001\',\n            dataIndex: \'status\',\n          },\n          {\n            title: \'\u66f4\u65b0\u65f6\u95f4\',\n            dataIndex: \'updatedAt\',\n          },\n          {\n            table: \'\u64cd\u4f5c\',\n            dataIndex: \'action\',\n            scopedSlots: {customRender: \'action\'},\n          }\n        ],\n        // \u67e5\u8be2\u6761\u4ef6\u53c2\u6570\n        queryParam: {},\n        // \u52a0\u8f7d\u6570\u636e\u65b9\u6cd5 \u5fc5\u987b\u4e3a Promise \u5bf9\u8c61\n        loadData: parameter => {\n          return this." at <unknown template>[line 74, column 61]
Was expecting one of:
    "[" ...
    "," ...
    ")" ...
    <WHITESPACE> ...
    
 2020-06-03 17:07:51.405 [main] INFO  org.hyw.tools.generator.Generator[Generator.java:171] --  generator file:/Users/a123/workspace/demo/templates/modules/vue/src/components/Menu/SideMenu.vue
 2020-06-03 17:07:51.409 [main] INFO  org.hyw.tools.generator.Generator[Generator.java:171] --  generator file:/Users/a123/workspace/demo/templates/modules/vue/src/components/Menu/index.js
 2020-06-03 17:07:51.416 [main] INFO  org.hyw.tools.generator.Generator[Generator.java:171] --  generator file:/Users/a123/workspace/demo/templates/modules/vue/src/components/Menu/menu.js
 2020-06-03 17:07:51.424 [main] INFO  org.hyw.tools.generator.Generator[Generator.java:171] --  generator file:/Users/a123/workspace/demo/templates/modules/vue/src/components/Menu/menu.render.js
 2020-06-03 17:07:51.426 [main] INFO  org.hyw.tools.generator.Generator[Generator.java:171] --  generator file:/Users/a123/workspace/demo/templates/modules/vue/src/components/FooterToolbar/FooterToolBar.vue
 2020-06-03 17:07:51.428 [main] INFO  org.hyw.tools.generator.Generator[Generator.java:171] --  generator file:/Users/a123/workspace/demo/templates/modules/vue/src/components/FooterToolbar/index.js
 2020-06-03 17:07:51.429 [main] INFO  org.hyw.tools.generator.Generator[Generator.java:171] --  generator file:/Users/a123/workspace/demo/templates/modules/vue/src/components/FooterToolbar/index.less
 2020-06-03 17:07:51.431 [main] INFO  org.hyw.tools.generator.Generator[Generator.java:171] --  generator file:/Users/a123/workspace/demo/templates/modules/vue/src/components/FooterToolbar/index.md
 2020-06-03 17:07:51.433 [main] INFO  org.hyw.tools.generator.Generator[Generator.java:171] --  generator file:/Users/a123/workspace/demo/templates/modules/vue/src/components/Ellipsis/index.js
 2020-06-03 17:07:51.441 [main] ERROR org.hyw.tools.generator.Generator[Generator.java:159] --  template file:templates/modules/vue/src/components/Ellipsis/Ellipsis.vue render class org.apache.velocity.exception.ParseErrorException:Lexical error,   Encountered: "=" (61), after : "" at *unset*[line 56, column 47]
 2020-06-03 17:07:51.442 [main] INFO  org.hyw.tools.generator.Generator[Generator.java:171] --  generator file:/Users/a123/workspace/demo/templates/modules/vue/src/components/Ellipsis/index.md
 2020-06-03 17:07:51.453 [main] ERROR org.hyw.tools.generator.Generator[Generator.java:159] --  template file:templates/modules/vue/src/components/Exception/ExceptionPage.vue render class org.apache.velocity.exception.ParseErrorException:Lexical error,   Encountered: "y" (121), after : "t" at *unset*[line 4, column 68]
 2020-06-03 17:07:51.454 [main] INFO  org.hyw.tools.generator.Generator[Generator.java:171] --  generator file:/Users/a123/workspace/demo/templates/modules/vue/src/components/Exception/type.js
 2020-06-03 17:07:51.455 [main] INFO  org.hyw.tools.generator.Generator[Generator.java:171] --  generator file:/Users/a123/workspace/demo/templates/modules/vue/src/components/Exception/index.js
 2020-06-03 17:07:51.468 [main] ERROR org.hyw.tools.generator.Generator[Generator.java:159] --  template file:templates/modules/vue/src/components/Editor/QuillEditor.vue render class org.apache.velocity.exception.ParseErrorException:Encountered "\n          })\n        }\n      }\n    },\n    onEditorBlur (quill) {\n      console.log(\'editor blur!\', quill)\n    },\n    onEditorFocus (quill) {\n      console.log(\'editor focus!\', quill)\n    },\n    onEditorReady (quill) {\n      console.log(\'editor ready!\', quill)\n    },\n    onEditorChange ({ quill, html, text }) {\n      console.log(\'editor change!\', quill, html, text)\n      this." at <unknown template>[line 121, column 42]
Was expecting one of:
    "[" ...
    "," ...
    "}" ...
    <WHITESPACE> ...
    "}" ...
    
 2020-06-03 17:07:51.470 [main] INFO  org.hyw.tools.generator.Generator[Generator.java:171] --  generator file:/Users/a123/workspace/demo/templates/modules/vue/src/components/Editor/WangEditor.vue
 2020-06-03 17:07:51.473 [main] INFO  org.hyw.tools.generator.Generator[Generator.java:171] --  generator file:/Users/a123/workspace/demo/templates/modules/vue/src/components/NumberInfo/NumberInfo.vue
 2020-06-03 17:07:51.474 [main] INFO  org.hyw.tools.generator.Generator[Generator.java:171] --  generator file:/Users/a123/workspace/demo/templates/modules/vue/src/components/NumberInfo/index.js
 2020-06-03 17:07:51.475 [main] INFO  org.hyw.tools.generator.Generator[Generator.java:171] --  generator file:/Users/a123/workspace/demo/templates/modules/vue/src/components/NumberInfo/index.less
 2020-06-03 17:07:51.476 [main] INFO  org.hyw.tools.generator.Generator[Generator.java:171] --  generator file:/Users/a123/workspace/demo/templates/modules/vue/src/components/NumberInfo/index.md
 2020-06-03 17:07:51.479 [main] INFO  org.hyw.tools.generator.Generator[Generator.java:171] --  generator file:/Users/a123/workspace/demo/templates/modules/vue/src/layouts/IframeView.vue
 2020-06-03 17:07:51.483 [main] INFO  org.hyw.tools.generator.Generator[Generator.java:171] --  generator file:/Users/a123/workspace/demo/templates/modules/vue/src/layouts/RouteView.vue
 2020-06-03 17:07:51.484 [main] INFO  org.hyw.tools.generator.Generator[Generator.java:171] --  generator file:/Users/a123/workspace/demo/templates/modules/vue/src/layouts/index.js
 2020-06-03 17:07:51.493 [main] INFO  org.hyw.tools.generator.Generator[Generator.java:171] --  generator file:/Users/a123/workspace/demo/templates/modules/vue/src/layouts/PageView.vue
 2020-06-03 17:07:51.494 [main] INFO  org.hyw.tools.generator.Generator[Generator.java:171] --  generator file:/Users/a123/workspace/demo/templates/modules/vue/src/layouts/BlankLayout.vue
 2020-06-03 17:07:51.498 [main] INFO  org.hyw.tools.generator.Generator[Generator.java:171] --  generator file:/Users/a123/workspace/demo/templates/modules/vue/src/layouts/BasicLayout.vue
 2020-06-03 17:07:51.508 [main] INFO  org.hyw.tools.generator.Generator[Generator.java:171] --  generator file:/Users/a123/workspace/demo/templates/modules/vue/src/api/usergrouprolemapping.js
 2020-06-03 17:07:51.509 [main] INFO  org.hyw.tools.generator.Generator[Generator.java:171] --  generator file:/Users/a123/workspace/demo/templates/modules/vue/src/api/usergroupmapping.js
 2020-06-03 17:07:51.514 [main] INFO  org.hyw.tools.generator.Generator[Generator.java:171] --  generator file:/Users/a123/workspace/demo/templates/modules/vue/src/api/cresource.js
 2020-06-03 17:07:51.523 [main] INFO  org.hyw.tools.generator.Generator[Generator.java:171] --  generator file:/Users/a123/workspace/demo/templates/modules/vue/src/api/role.js
 2020-06-03 17:07:51.524 [main] INFO  org.hyw.tools.generator.Generator[Generator.java:171] --  generator file:/Users/a123/workspace/demo/templates/modules/vue/src/api/param.js
 2020-06-03 17:07:51.525 [main] INFO  org.hyw.tools.generator.Generator[Generator.java:171] --  generator file:/Users/a123/workspace/demo/templates/modules/vue/src/api/media.js
 2020-06-03 17:07:51.526 [main] INFO  org.hyw.tools.generator.Generator[Generator.java:171] --  generator file:/Users/a123/workspace/demo/templates/modules/vue/src/api/user.js
 2020-06-03 17:07:51.528 [main] INFO  org.hyw.tools.generator.Generator[Generator.java:171] --  generator file:/Users/a123/workspace/demo/templates/modules/vue/src/api/userpostmapping.js
 2020-06-03 17:07:51.530 [main] INFO  org.hyw.tools.generator.Generator[Generator.java:171] --  generator file:/Users/a123/workspace/demo/templates/modules/vue/src/api/index.js
 2020-06-03 17:07:51.531 [main] INFO  org.hyw.tools.generator.Generator[Generator.java:171] --  generator file:/Users/a123/workspace/demo/templates/modules/vue/src/api/gallery.js
 2020-06-03 17:07:51.532 [main] INFO  org.hyw.tools.generator.Generator[Generator.java:171] --  generator file:/Users/a123/workspace/demo/templates/modules/vue/src/api/login.js
 2020-06-03 17:07:51.533 [main] INFO  org.hyw.tools.generator.Generator[Generator.java:171] --  generator file:/Users/a123/workspace/demo/templates/modules/vue/src/api/userdeptmapping.js
 2020-06-03 17:07:51.534 [main] INFO  org.hyw.tools.generator.Generator[Generator.java:171] --  generator file:/Users/a123/workspace/demo/templates/modules/vue/src/api/manage.js
 2020-06-03 17:07:51.535 [main] INFO  org.hyw.tools.generator.Generator[Generator.java:171] --  generator file:/Users/a123/workspace/demo/templates/modules/vue/src/api/cuser.js
 2020-06-03 17:07:51.536 [main] INFO  org.hyw.tools.generator.Generator[Generator.java:171] --  generator file:/Users/a123/workspace/demo/templates/modules/vue/src/api/userrolemapping.js
 2020-06-03 17:07:51.538 [main] INFO  org.hyw.tools.generator.Generator[Generator.java:171] --  generator file:/Users/a123/workspace/demo/templates/modules/vue/src/api/tool.js
 2020-06-03 17:07:51.539 [main] INFO  org.hyw.tools.generator.Generator[Generator.java:171] --  generator file:/Users/a123/workspace/demo/templates/modules/vue/src/api/roleresourcemapping.js
 2020-06-03 17:07:51.540 [main] INFO  org.hyw.tools.generator.Generator[Generator.java:171] --  generator file:/Users/a123/workspace/demo/templates/modules/vue/src/api/crole.js
 2020-06-03 17:07:51.545 [main] INFO  org.hyw.tools.generator.Generator[Generator.java:171] --  generator file:/Users/a123/workspace/demo/templates/modules/vue/src/views/form/stepForm/Step2.vue
 2020-06-03 17:07:51.552 [main] INFO  org.hyw.tools.generator.Generator[Generator.java:171] --  generator file:/Users/a123/workspace/demo/templates/modules/vue/src/views/form/stepForm/Step3.vue
 2020-06-03 17:07:51.555 [main] INFO  org.hyw.tools.generator.Generator[Generator.java:171] --  generator file:/Users/a123/workspace/demo/templates/modules/vue/src/views/form/stepForm/Step1.vue
 2020-06-03 17:07:51.556 [main] INFO  org.hyw.tools.generator.Generator[Generator.java:171] --  generator file:/Users/a123/workspace/demo/templates/modules/vue/src/views/form/stepForm/StepForm.vue
 2020-06-03 17:07:51.561 [main] ERROR org.hyw.tools.generator.Generator[Generator.java:159] --  template file:templates/modules/vue/src/views/form/advancedForm/AdvancedForm.vue render class org.apache.velocity.exception.ParseErrorException:Encountered " ? 256 : 80}px)` : \'100%\'}\">\n      <span class=\"popover-wrapper\">\n        <a-popover title=\"\u8868\u5355\u6821\u9a8c\u4fe1\u606f\" overlayClassName=\"antd-pro-pages-forms-style-errorPopover\" trigger=\"click\" :getPopupContainer=\"trigger => trigger.parentNode\">\n          <template slot=\"content\">\n            <li v-for=\"item in errors\" :key=\"item.key\" @click=\"scrollToField(item.key)\" class=\"antd-pro-pages-forms-style-errorListItem\">\n              <a-icon type=\"cross-circle-o\" class=\"antd-pro-pages-forms-style-errorIcon\" />\n              <div class=\"\">{{ item.message }}</div>\n              <div class=\"antd-pro-pages-forms-style-errorField\">{{ item.fieldLabel }}</div>\n            </li>\n          </template>\n          <span class=\"antd-pro-pages-forms-style-errorIcon\" v-if=\"errors.length > 0\">\n            <a-icon type=\"exclamation-circle\" />{{ errors.length }}\n          </span>\n        </a-popover>\n      </span>\n      <a-button type=\"primary\" @click=\"validate\" :loading=\"loading\">\u63d0\u4ea4</a-button>\n    </footer-tool-bar>\n  </div>\n</template>\n\n<script>\nimport RepositoryForm from \'./RepositoryForm\'\nimport TaskForm from \'./TaskForm\'\nimport FooterToolBar from \'@/components/FooterToolbar\'\nimport { mixin, mixinDevice } from \'@/utils/mixin\'\n\nconst fieldLabels = {\n  name: \'\u4ed3\u5e93\u540d\',\n  url: \'\u4ed3\u5e93\u57df\u540d\',\n  owner: \'\u4ed3\u5e93\u7ba1\u7406\u5458\',\n  approver: \'\u5ba1\u6279\u4eba\',\n  dateRange: \'\u751f\u6548\u65e5\u671f\',\n  type: \'\u4ed3\u5e93\u7c7b\u578b\',\n  name2: \'\u4efb\u52a1\u540d\',\n  url2: \'\u4efb\u52a1\u63cf\u8ff0\',\n  owner2: \'\u6267\u884c\u4eba\',\n  approver2: \'\u8d23\u4efb\u4eba\',\n  dateRange2: \'\u751f\u6548\u65e5\u671f\',\n  type2: \'\u4efb\u52a1\u7c7b\u578b\'\n}\n\nexport default {\n  name: \'AdvancedForm\',\n  mixins: [mixin, mixinDevice],\n  components: {\n    FooterToolBar,\n    RepositoryForm,\n    TaskForm\n  },\n  data () {\n    return {\n      description: \'\u9ad8\u7ea7\u8868\u5355\u5e38\u89c1\u4e8e\u4e00\u6b21\u6027\u8f93\u5165\u548c\u63d0\u4ea4\u5927\u6279\u91cf\u6570\u636e\u7684\u573a\u666f\u3002\',\n      loading: false,\n      memberLoading: false,\n\n      // table\n      columns: [\n        {\n          title: \'\u6210\u5458\u59d3\u540d\',\n          dataIndex: \'name\',\n          key: \'name\',\n          width: \'20%\',\n          scopedSlots: { customRender: \'name\' }\n        },\n        {\n          title: \'\u5de5\u53f7\',\n          dataIndex: \'workId\',\n          key: \'workId\',\n          width: \'20%\',\n          scopedSlots: { customRender: \'workId\' }\n        },\n        {\n          title: \'\u6240\u5c5e\u90e8\u95e8\',\n          dataIndex: \'department\',\n          key: \'department\',\n          width: \'40%\',\n          scopedSlots: { customRender: \'department\' }\n        },\n        {\n          title: \'\u64cd\u4f5c\',\n          key: \'action\',\n          scopedSlots: { customRender: \'operation\' }\n        }\n      ],\n      data: [\n        {\n          key: \'1\',\n          name: \'\u5c0f\u660e\',\n          workId: \'001\',\n          editable: false,\n          department: \'\u884c\u653f\u90e8\'\n        },\n        {\n          key: \'2\',\n          name: \'\u674e\u8389\',\n          workId: \'002\',\n          editable: false,\n          department: \'IT\u90e8\'\n        },\n        {\n          key: \'3\',\n          name: \'\u738b\u5c0f\u5e05\',\n          workId: \'003\',\n          editable: false,\n          department: \'\u8d22\u52a1\u90e8\'\n        }\n      ],\n\n      errors: []\n    }\n  },\n  methods: {\n    handleSubmit (e) {\n      e.preventDefault()\n    },\n    newMember () {\n      const length = this.data.length\n      this.data.push({\n        key: length === 0 ? \'1\' : (parseInt(this.data[length - 1].key) + 1).toString(),\n        name: \'\',\n        workId: \'\',\n        department: \'\',\n        editable: true,\n        isNew: true\n      })\n    },\n    remove (key) {\n      const newData = this.data.filter(item => item.key !== key)\n      this.data = newData\n    },\n    saveRow (record) {\n      this.memberLoading = true\n      const { key, name, workId, department } = record\n      if (!name || !workId || !department) {\n        this.memberLoading = false\n        this." at <unknown template>[line 57, column 97]
Was expecting one of:
    "[" ...
    "}" ...
    
 2020-06-03 17:07:51.566 [main] INFO  org.hyw.tools.generator.Generator[Generator.java:171] --  generator file:/Users/a123/workspace/demo/templates/modules/vue/src/views/form/advancedForm/RepositoryForm.vue
 2020-06-03 17:07:51.570 [main] INFO  org.hyw.tools.generator.Generator[Generator.java:171] --  generator file:/Users/a123/workspace/demo/templates/modules/vue/src/views/form/advancedForm/TaskForm.vue
 2020-06-03 17:07:51.574 [main] INFO  org.hyw.tools.generator.Generator[Generator.java:171] --  generator file:/Users/a123/workspace/demo/templates/modules/vue/src/views/form/BasicForm.vue
 2020-06-03 17:07:51.575 [main] INFO  org.hyw.tools.generator.Generator[Generator.java:171] --  generator file:/Users/a123/workspace/demo/templates/modules/vue/src/views/result/Success.vue
 2020-06-03 17:07:51.577 [main] INFO  org.hyw.tools.generator.Generator[Generator.java:171] --  generator file:/Users/a123/workspace/demo/templates/modules/vue/src/views/result/Error.vue
 2020-06-03 17:07:51.578 [main] INFO  org.hyw.tools.generator.Generator[Generator.java:171] --  generator file:/Users/a123/workspace/demo/templates/modules/vue/src/views/404.vue
 2020-06-03 17:07:51.588 [main] ERROR org.hyw.tools.generator.Generator[Generator.java:159] --  template file:templates/modules/vue/src/views/Home.vue render class org.apache.velocity.exception.ParseErrorException:Lexical error,   Encountered: "=" (61), after : "" at *unset*[line 196, column 55]
 2020-06-03 17:07:51.604 [main] ERROR org.hyw.tools.generator.Generator[Generator.java:159] --  template file:templates/modules/vue/src/views/other/PermissionList.vue render class org.apache.velocity.exception.ParseErrorException:Encountered ")\n        }).then(res => {\n          const result = res.result\n          result.data.map(permission => {\n            permission.actionList = JSON.parse(permission.actionData)\n            return permission\n          })\n          return result\n        })\n      },\n\n      selectedRowKeys: [],\n      selectedRows: []\n    }\n  },\n  filters: {\n    statusFilter (status) {\n      const statusMap = {\n        1: \'\u6b63\u5e38\',\n        2: \'\u7981\u7528\'\n      }\n      return statusMap[status]\n    }\n  },\n  created () {\n    this.loadPermissionList()\n  },\n  methods: {\n    loadPermissionList () {\n      // permissionList\n      new Promise(resolve => {\n        const data = [\n          { label: \'\u65b0\u589e\', value: \'add\', defaultChecked: false },\n          { label: \'\u67e5\u8be2\', value: \'get\', defaultChecked: false },\n          { label: \'\u4fee\u6539\', value: \'update\', defaultChecked: false },\n          { label: \'\u5217\u8868\', value: \'query\', defaultChecked: false },\n          { label: \'\u5220\u9664\', value: \'delete\', defaultChecked: false },\n          { label: \'\u5bfc\u5165\', value: \'import\', defaultChecked: false },\n          { label: \'\u5bfc\u51fa\', value: \'export\', defaultChecked: false }\n        ]\n        setTimeout(resolve(data), 1500)\n      }).then(res => {\n        this.permissionList = res\n      })\n    },\n    handleEdit (record) {\n      this.mdl = Object.assign({}, record)\n      console.log(this.mdl)\n      this.visible = true\n    },\n    handleOk () {\n\n    },\n    onChange (selectedRowKeys, selectedRows) {\n      this.selectedRowKeys = selectedRowKeys\n      this.selectedRows = selectedRows\n    },\n    toggleAdvanced () {\n      this.advanced = !this.advanced\n    }\n  },\n  watch: {\n    /*\n      \'selectedRows\': function (selectedRows) {\n        this.needTotalList = this.needTotalList.map(item => {\n          return {\n            ...item,\n            total: selectedRows.reduce( (sum, val) => {\n              return sum + val[item.dataIndex]\n            }, 0)\n          }\n        })\n      }\n      */\n  }\n}\n</script>\n" at <unknown template>[line 196, column 59]
Was expecting one of:
    "[" ...
    "," ...
    ")" ...
    <WHITESPACE> ...
    
 2020-06-03 17:07:51.615 [main] ERROR org.hyw.tools.generator.Generator[Generator.java:159] --  template file:templates/modules/vue/src/views/other/TreeList.vue render class org.apache.velocity.exception.ParseErrorException:Lexical error,   Encountered: "`" (96), after : "" at *unset*[line 132, column 26]
 2020-06-03 17:07:51.619 [main] ERROR org.hyw.tools.generator.Generator[Generator.java:159] --  template file:templates/modules/vue/src/views/other/IconSelectorView.vue render class org.apache.velocity.exception.ParseErrorException:Lexical error,   Encountered: "<" (60), after : "" at *unset*[line 23, column 26]
 2020-06-03 17:07:51.620 [main] INFO  org.hyw.tools.generator.Generator[Generator.java:171] --  generator file:/Users/a123/workspace/demo/templates/modules/vue/src/views/other/UserList.vue
 2020-06-03 17:07:51.630 [main] ERROR org.hyw.tools.generator.Generator[Generator.java:159] --  template file:templates/modules/vue/src/views/other/RoleList.vue render class org.apache.velocity.exception.ParseErrorException:Encountered ")\n        }).then(res => {\n          return res.result\n        })\n      },\n\n      selectedRowKeys: [],\n      selectedRows: []\n    }\n  },\n  methods: {\n    handleEdit (record) {\n      this.mdl = Object.assign({}, record)\n\n      this.mdl.permissions.forEach(permission => {\n        permission.actionsOptions = permission.actionEntitySet.map(action => {\n          return { label: action.describe, value: action.action, defaultCheck: action.defaultCheck }\n        })\n      })\n\n      console.log(this.mdl)\n      this.visible = true\n    },\n    handleOk () {\n      // \u65b0\u589e/\u4fee\u6539 \u6210\u529f\u65f6\uff0c\u91cd\u8f7d\u5217\u8868\n      this." at <unknown template>[line 132, column 59]
Was expecting one of:
    "[" ...
    "," ...
    ")" ...
    <WHITESPACE> ...
    
 2020-06-03 17:07:51.636 [main] ERROR org.hyw.tools.generator.Generator[Generator.java:159] --  template file:templates/modules/vue/src/views/other/TableInnerEditList.vue render class org.apache.velocity.exception.ParseErrorException:Encountered ")\n        }).then(res => {\n          return res.result\n        })\n      },\n\n      selectedRowKeys: [],\n      selectedRows: []\n    }\n  },\n  methods: {\n\n    handleChange (value, key, column, record) {\n      console.log(value, key, column)\n      record[column.dataIndex] = value\n    },\n    edit (row) {\n      row.editable = true\n      // row = Object.assign({}, row)\n    },\n    // eslint-disable-next-line\n    del (row) {\n      this." at <unknown template>[line 177, column 59]
Was expecting one of:
    "[" ...
    "," ...
    ")" ...
    <WHITESPACE> ...
    
 2020-06-03 17:07:51.639 [main] INFO  org.hyw.tools.generator.Generator[Generator.java:171] --  generator file:/Users/a123/workspace/demo/templates/modules/vue/src/views/other/modules/OrgModal.vue
 2020-06-03 17:07:51.644 [main] INFO  org.hyw.tools.generator.Generator[Generator.java:171] --  generator file:/Users/a123/workspace/demo/templates/modules/vue/src/views/other/modules/RoleModal.vue
 2020-06-03 17:07:51.657 [main] ERROR org.hyw.tools.generator.Generator[Generator.java:159] --  template file:templates/modules/vue/src/views/user/Login.vue render class org.apache.velocity.exception.ParseErrorException:Lexical error,   Encountered: "=" (61), after : "" at *unset*[line 148, column 50]
 2020-06-03 17:07:51.660 [main] INFO  org.hyw.tools.generator.Generator[Generator.java:171] --  generator file:/Users/a123/workspace/demo/templates/modules/vue/src/views/param/CreateForm.vue
 2020-06-03 17:07:51.685 [main] INFO  org.hyw.tools.generator.Generator[Generator.java:171] --  generator file:/Users/a123/workspace/demo/templates/modules/vue/src/views/param/ParamView.vue
 2020-06-03 17:07:51.687 [main] INFO  org.hyw.tools.generator.Generator[Generator.java:171] --  generator file:/Users/a123/workspace/demo/templates/modules/vue/src/views/dashboard/Monitor.vue
 2020-06-03 17:07:51.699 [main] INFO  org.hyw.tools.generator.Generator[Generator.java:171] --  generator file:/Users/a123/workspace/demo/templates/modules/vue/src/views/dashboard/Workplace.vue
 2020-06-03 17:07:51.703 [main] ERROR org.hyw.tools.generator.Generator[Generator.java:159] --  template file:templates/modules/vue/src/views/dashboard/Analysis.vue render class org.apache.velocity.exception.ParseErrorException:Encountered " + 1}\u6708`,\n    y: Math.floor(Math.random() * 1000) + 200\n  })\n  barData2.push({\n    x: `" at <unknown template>[line 223, column 12]
Was expecting one of:
    "[" ...
    "}" ...
    
 2020-06-03 17:07:51.707 [main] INFO  org.hyw.tools.generator.Generator[Generator.java:171] --  generator file:/Users/a123/workspace/demo/templates/modules/vue/src/views/common/CreateForm.vue
 2020-06-03 17:07:51.727 [main] INFO  org.hyw.tools.generator.Generator[Generator.java:171] --  generator file:/Users/a123/workspace/demo/templates/modules/vue/src/views/common/ListView.vue
 2020-06-03 17:07:51.728 [main] INFO  org.hyw.tools.generator.Generator[Generator.java:171] --  generator file:/Users/a123/workspace/demo/templates/modules/vue/src/views/profile/advanced/Advanced.vue
 2020-06-03 17:07:51.733 [main] INFO  org.hyw.tools.generator.Generator[Generator.java:171] --  generator file:/Users/a123/workspace/demo/templates/modules/vue/src/views/profile/basic/Index.vue
 2020-06-03 17:07:51.736 [main] INFO  org.hyw.tools.generator.Generator[Generator.java:171] --  generator file:/Users/a123/workspace/demo/templates/modules/vue/src/views/list/StandardList.vue
 2020-06-03 17:07:51.738 [main] INFO  org.hyw.tools.generator.Generator[Generator.java:171] --  generator file:/Users/a123/workspace/demo/templates/modules/vue/src/views/list/CardList.vue
 2020-06-03 17:07:51.752 [main] ERROR org.hyw.tools.generator.Generator[Generator.java:159] --  template file:templates/modules/vue/src/views/list/search/Projects.vue render class org.apache.velocity.exception.ParseErrorException:Lexical error,   Encountered: "=" (61), after : "" at *unset*[line 119, column 74]
 2020-06-03 17:07:51.759 [main] INFO  org.hyw.tools.generator.Generator[Generator.java:171] --  generator file:/Users/a123/workspace/demo/templates/modules/vue/src/views/list/search/SearchLayout.vue
 2020-06-03 17:07:51.760 [main] INFO  org.hyw.tools.generator.Generator[Generator.java:171] --  generator file:/Users/a123/workspace/demo/templates/modules/vue/src/views/list/search/components/CardInfo.vue
 2020-06-03 17:07:51.762 [main] INFO  org.hyw.tools.generator.Generator[Generator.java:171] --  generator file:/Users/a123/workspace/demo/templates/modules/vue/src/views/list/search/components/IconText.vue
 2020-06-03 17:07:51.770 [main] ERROR org.hyw.tools.generator.Generator[Generator.java:159] --  template file:templates/modules/vue/src/views/list/search/Article.vue render class org.apache.velocity.exception.ParseErrorException:Lexical error,   Encountered: "=" (61), after : "" at *unset*[line 149, column 48]
 2020-06-03 17:07:51.803 [main] ERROR org.hyw.tools.generator.Generator[Generator.java:159] --  template file:templates/modules/vue/src/views/list/search/Applications.vue render class org.apache.velocity.exception.ParseErrorException:Lexical error,   Encountered: "=" (61), after : "" at *unset*[line 137, column 74]
 2020-06-03 17:07:51.806 [main] INFO  org.hyw.tools.generator.Generator[Generator.java:171] --  generator file:/Users/a123/workspace/demo/templates/modules/vue/src/views/list/table/List.vue
 2020-06-03 17:07:51.815 [main] INFO  org.hyw.tools.generator.Generator[Generator.java:171] --  generator file:/Users/a123/workspace/demo/templates/modules/vue/src/views/list/table/Edit.vue
 2020-06-03 17:07:51.821 [main] INFO  org.hyw.tools.generator.Generator[Generator.java:171] --  generator file:/Users/a123/workspace/demo/templates/modules/vue/src/views/list/modules/CreateForm.vue
 2020-06-03 17:07:51.824 [main] INFO  org.hyw.tools.generator.Generator[Generator.java:171] --  generator file:/Users/a123/workspace/demo/templates/modules/vue/src/views/list/modules/StepByStepModal.vue
 2020-06-03 17:07:51.828 [main] INFO  org.hyw.tools.generator.Generator[Generator.java:171] --  generator file:/Users/a123/workspace/demo/templates/modules/vue/src/views/list/modules/TaskForm.vue
 2020-06-03 17:07:51.834 [main] INFO  org.hyw.tools.generator.Generator[Generator.java:171] --  generator file:/Users/a123/workspace/demo/templates/modules/vue/src/views/list/QueryList.vue
 2020-06-03 17:07:51.858 [main] ERROR org.hyw.tools.generator.Generator[Generator.java:159] --  template file:templates/modules/vue/src/views/list/TableList.vue render class org.apache.velocity.exception.ParseErrorException:Lexical error,   Encountered: "`" (96), after : "" at *unset*[line 257, column 28]
 2020-06-03 17:07:51.868 [main] INFO  org.hyw.tools.generator.Generator[Generator.java:171] --  generator file:/Users/a123/workspace/demo/templates/modules/vue/src/views/account/settings/Custom.vue
 2020-06-03 17:07:51.884 [main] INFO  org.hyw.tools.generator.Generator[Generator.java:171] --  generator file:/Users/a123/workspace/demo/templates/modules/vue/src/views/account/settings/Index.vue
 2020-06-03 17:07:51.888 [main] INFO  org.hyw.tools.generator.Generator[Generator.java:171] --  generator file:/Users/a123/workspace/demo/templates/modules/vue/src/views/account/settings/AvatarModal.vue
 2020-06-03 17:07:51.894 [main] INFO  org.hyw.tools.generator.Generator[Generator.java:171] --  generator file:/Users/a123/workspace/demo/templates/modules/vue/src/views/account/settings/BaseSetting.vue
 2020-06-03 17:07:51.895 [main] INFO  org.hyw.tools.generator.Generator[Generator.java:171] --  generator file:/Users/a123/workspace/demo/templates/modules/vue/src/views/account/settings/Binding.vue
 2020-06-03 17:07:51.896 [main] INFO  org.hyw.tools.generator.Generator[Generator.java:171] --  generator file:/Users/a123/workspace/demo/templates/modules/vue/src/views/account/settings/Notification.vue
 2020-06-03 17:07:51.908 [main] INFO  org.hyw.tools.generator.Generator[Generator.java:171] --  generator file:/Users/a123/workspace/demo/templates/modules/vue/src/views/account/settings/Security.vue
 2020-06-03 17:07:51.918 [main] ERROR org.hyw.tools.generator.Generator[Generator.java:159] --  template file:templates/modules/vue/src/views/account/center/Index.vue render class org.apache.velocity.exception.ParseErrorException:Lexical error,   Encountered: "=" (61), after : "" at *unset*[line 146, column 51]
 2020-06-03 17:07:51.920 [main] INFO  org.hyw.tools.generator.Generator[Generator.java:171] --  generator file:/Users/a123/workspace/demo/templates/modules/vue/src/views/account/center/page/App.vue
 2020-06-03 17:07:51.921 [main] INFO  org.hyw.tools.generator.Generator[Generator.java:171] --  generator file:/Users/a123/workspace/demo/templates/modules/vue/src/views/account/center/page/index.js
 2020-06-03 17:07:51.936 [main] ERROR org.hyw.tools.generator.Generator[Generator.java:159] --  template file:templates/modules/vue/src/views/account/center/page/Project.vue render class org.apache.velocity.exception.ParseErrorException:Lexical error,   Encountered: "=" (61), after : "" at *unset*[line 67, column 74]
 2020-06-03 17:07:51.949 [main] ERROR org.hyw.tools.generator.Generator[Generator.java:159] --  template file:templates/modules/vue/src/views/account/center/page/Article.vue render class org.apache.velocity.exception.ParseErrorException:Lexical error,   Encountered: "=" (61), after : "" at *unset*[line 55, column 48]
 2020-06-03 17:07:51.950 [main] INFO  org.hyw.tools.generator.Generator[Generator.java:171] --  generator file:/Users/a123/workspace/demo/templates/modules/vue/src/views/exception/403.vue
 2020-06-03 17:07:51.951 [main] INFO  org.hyw.tools.generator.Generator[Generator.java:171] --  generator file:/Users/a123/workspace/demo/templates/modules/vue/src/views/exception/404.vue
 2020-06-03 17:07:51.954 [main] INFO  org.hyw.tools.generator.Generator[Generator.java:171] --  generator file:/Users/a123/workspace/demo/templates/modules/vue/src/views/exception/500.vue
 2020-06-03 17:07:51.958 [main] INFO  org.hyw.tools.generator.Generator[Generator.java:171] --  generator file:/Users/a123/workspace/demo/templates/modules/vue/src/views/tool/GenCodeView.vue
 2020-06-03 17:07:51.968 [main] INFO  org.hyw.tools.generator.Generator[Generator.java:171] --  generator file:/Users/a123/workspace/demo/templates/modules/vue/src/assets/background.svg
 2020-06-03 17:07:51.978 [main] INFO  org.hyw.tools.generator.Generator[Generator.java:171] --  generator file:/Users/a123/workspace/demo/templates/modules/vue/src/assets/logo.png
 2020-06-03 17:07:51.980 [main] INFO  org.hyw.tools.generator.Generator[Generator.java:171] --  generator file:/Users/a123/workspace/demo/templates/modules/vue/src/assets/icons/bx-analyse.svg
 2020-06-03 17:07:51.982 [main] INFO  org.hyw.tools.generator.Generator[Generator.java:171] --  generator file:/Users/a123/workspace/demo/templates/modules/vue/src/assets/logo.svg
 2020-06-03 17:07:51.984 [main] INFO  org.hyw.tools.generator.Generator[Generator.java:171] --  generator file:/Users/a123/workspace/demo/templates/modules/vue/src/store/getters.js
 2020-06-03 17:07:51.986 [main] INFO  org.hyw.tools.generator.Generator[Generator.java:171] --  generator file:/Users/a123/workspace/demo/templates/modules/vue/src/store/index.js
 2020-06-03 17:07:51.986 [main] INFO  org.hyw.tools.generator.Generator[Generator.java:171] --  generator file:/Users/a123/workspace/demo/templates/modules/vue/src/store/mutation-types.js
 2020-06-03 17:07:51.990 [main] INFO  org.hyw.tools.generator.Generator[Generator.java:171] --  generator file:/Users/a123/workspace/demo/templates/modules/vue/src/store/modules/user.js
 2020-06-03 17:07:51.994 [main] ERROR org.hyw.tools.generator.Generator[Generator.java:159] --  template file:templates/modules/vue/src/store/modules/permission.js render class org.apache.velocity.exception.ParseErrorException:Encountered " && parent.resourceUri || \'\'}/" at <unknown template>[line 45, column 25]
Was expecting one of:
    "[" ...
    "}" ...
    
 2020-06-03 17:07:51.995 [main] INFO  org.hyw.tools.generator.Generator[Generator.java:171] --  generator file:/Users/a123/workspace/demo/templates/modules/vue/src/store/modules/app.js
 2020-06-03 17:07:51.997 [main] INFO  org.hyw.tools.generator.Generator[Generator.java:171] --  generator file:/Users/a123/workspace/demo/templates/modules/vue/src/router/index.js
 2020-06-03 17:07:51.998 [main] INFO  org.hyw.tools.generator.Generator[Generator.java:171] --  generator file:/Users/a123/workspace/demo/templates/modules/vue/src/router/README.md
 2020-06-03 17:07:52.087 [main] INFO  org.hyw.tools.generator.Generator[Generator.java:171] --  generator file:/Users/a123/workspace/demo/templates/modules/parent/pom.xml
 2020-06-03 17:07:52.107 [main] INFO  org.hyw.tools.generator.Generator[Generator.java:171] --  generator file:/Users/a123/workspace/demo/templates/modules/parent/readme.md
 2020-06-03 17:07:52.140 [main] INFO  org.hyw.tools.generator.Generator[Generator.java:171] --  generator file:/Users/a123/workspace/demo/templates/modules/{1}/pom.xml
 2020-06-03 17:07:52.143 [main] INFO  org.hyw.tools.generator.Generator[Generator.java:171] --  generator file:/Users/a123/workspace/demo/templates/modules/{1}/readme.md
 