2020-06-03 18:34:09.997 [main] INFO  com.alibaba.druid.pool.DruidDataSource[DruidDataSource.java:854] --  {dataSource-1} inited
 2020-06-03 18:34:11.919 [main] INFO  org.hyw.tools.generator.AbstractGenerator[AbstractGenerator.java:67] --  开始读取数据库元数据...
 2020-06-03 18:34:17.116 [main] INFO  org.hyw.tools.generator.AbstractGenerator[AbstractGenerator.java:67] --  开始读取数据库元数据...
 2020-06-03 18:35:02.678 [main] WARN  org.hyw.tools.generator.Generator[Generator.java:169] --  override:/Users/a123/workspace/demo/api/pom.xml
 2020-06-03 18:35:02.684 [main] WARN  org.hyw.tools.generator.Generator[Generator.java:169] --  override:/Users/a123/workspace/demo/api/readme.md
 2020-06-03 18:35:02.750 [main] WARN  org.hyw.tools.generator.Generator[Generator.java:169] --  override:/Users/a123/workspace/demo/parent/pom.xml
 2020-06-03 18:35:02.755 [main] WARN  org.hyw.tools.generator.Generator[Generator.java:169] --  override:/Users/a123/workspace/demo/parent/readme.md
 2020-06-03 18:35:02.809 [main] WARN  org.hyw.tools.generator.Generator[Generator.java:169] --  override:/Users/a123/workspace/demo/app/pom.xml
 2020-06-03 18:35:02.814 [main] WARN  org.hyw.tools.generator.Generator[Generator.java:169] --  override:/Users/a123/workspace/demo/app/readme.md
 2020-06-03 18:35:02.940 [main] WARN  org.hyw.tools.generator.Generator[Generator.java:169] --  override:/Users/a123/workspace/demo/vue/jsconfig.json
 2020-06-03 18:35:02.945 [main] WARN  org.hyw.tools.generator.Generator[Generator.java:169] --  override:/Users/a123/workspace/demo/vue/LICENSE
 2020-06-03 18:35:02.949 [main] WARN  org.hyw.tools.generator.Generator[Generator.java:169] --  override:/Users/a123/workspace/demo/vue/webstorm.config.js
 2020-06-03 18:35:02.953 [main] WARN  org.hyw.tools.generator.Generator[Generator.java:169] --  override:/Users/a123/workspace/demo/vue/.env.preview
 2020-06-03 18:35:02.955 [main] WARN  org.hyw.tools.generator.Generator[Generator.java:169] --  override:/Users/a123/workspace/demo/vue/jest.config.js
 2020-06-03 18:35:02.956 [main] WARN  org.hyw.tools.generator.Generator[Generator.java:169] --  override:/Users/a123/workspace/demo/vue/tests/unit/.eslintrc.js
 2020-06-03 18:35:02.958 [main] WARN  org.hyw.tools.generator.Generator[Generator.java:169] --  override:/Users/a123/workspace/demo/vue/.classpath
 2020-06-03 18:35:02.966 [main] WARN  org.hyw.tools.generator.Generator[Generator.java:169] --  override:/Users/a123/workspace/demo/vue/.editorconfig
 2020-06-03 18:35:02.969 [main] WARN  org.hyw.tools.generator.Generator[Generator.java:169] --  override:/Users/a123/workspace/demo/vue/README.md
 2020-06-03 18:35:02.971 [main] WARN  org.hyw.tools.generator.Generator[Generator.java:169] --  override:/Users/a123/workspace/demo/vue/public/loading/option2/loading.svg
 2020-06-03 18:35:02.972 [main] WARN  org.hyw.tools.generator.Generator[Generator.java:169] --  override:/Users/a123/workspace/demo/vue/public/loading/option2/loading.css
 2020-06-03 18:35:02.975 [main] WARN  org.hyw.tools.generator.Generator[Generator.java:169] --  override:/Users/a123/workspace/demo/vue/public/loading/option2/html_code_segment.html
 2020-06-03 18:35:02.979 [main] WARN  org.hyw.tools.generator.Generator[Generator.java:169] --  override:/Users/a123/workspace/demo/vue/public/loading/loading.css
 2020-06-03 18:35:02.980 [main] WARN  org.hyw.tools.generator.Generator[Generator.java:169] --  override:/Users/a123/workspace/demo/vue/public/loading/loading.html
 2020-06-03 18:35:02.982 [main] WARN  org.hyw.tools.generator.Generator[Generator.java:169] --  override:/Users/a123/workspace/demo/vue/public/logo.png
 2020-06-03 18:35:02.986 [main] WARN  org.hyw.tools.generator.Generator[Generator.java:169] --  override:/Users/a123/workspace/demo/vue/public/color.less
 2020-06-03 18:35:03.006 [main] WARN  org.hyw.tools.generator.Generator[Generator.java:169] --  override:/Users/a123/workspace/demo/vue/public/avatar2.jpg
 2020-06-03 18:35:03.014 [main] WARN  org.hyw.tools.generator.Generator[Generator.java:169] --  override:/Users/a123/workspace/demo/vue/babel.config.js
 2020-06-03 18:35:03.018 [main] WARN  org.hyw.tools.generator.Generator[Generator.java:169] --  override:/Users/a123/workspace/demo/vue/package.json
 2020-06-03 18:35:03.021 [main] WARN  org.hyw.tools.generator.Generator[Generator.java:169] --  override:/Users/a123/workspace/demo/vue/.env
 2020-06-03 18:35:03.025 [main] WARN  org.hyw.tools.generator.Generator[Generator.java:169] --  override:/Users/a123/workspace/demo/vue/.project
 2020-06-03 18:35:03.027 [main] WARN  org.hyw.tools.generator.Generator[Generator.java:169] --  override:/Users/a123/workspace/demo/vue/vue.config.js
 2020-06-03 18:35:03.030 [main] WARN  org.hyw.tools.generator.Generator[Generator.java:169] --  override:/Users/a123/workspace/demo/vue/.prettierrc
 2020-06-03 18:35:03.034 [main] WARN  org.hyw.tools.generator.Generator[Generator.java:169] --  override:/Users/a123/workspace/demo/vue/.travis.yml
 2020-06-03 18:35:03.037 [main] WARN  org.hyw.tools.generator.Generator[Generator.java:169] --  override:/Users/a123/workspace/demo/vue/src/App.vue
 2020-06-03 18:35:03.041 [main] WARN  org.hyw.tools.generator.Generator[Generator.java:169] --  override:/Users/a123/workspace/demo/vue/src/core/directives/action.js
 2020-06-03 18:35:03.044 [main] WARN  org.hyw.tools.generator.Generator[Generator.java:169] --  override:/Users/a123/workspace/demo/vue/src/core/icons.js
 2020-06-03 18:35:03.046 [main] WARN  org.hyw.tools.generator.Generator[Generator.java:169] --  override:/Users/a123/workspace/demo/vue/src/core/bootstrap.js
 2020-06-03 18:35:03.053 [main] WARN  org.hyw.tools.generator.Generator[Generator.java:169] --  override:/Users/a123/workspace/demo/vue/src/core/lazy_use.js
 2020-06-03 18:35:03.054 [main] WARN  org.hyw.tools.generator.Generator[Generator.java:169] --  override:/Users/a123/workspace/demo/vue/src/core/use.js
 2020-06-03 18:35:03.057 [main] WARN  org.hyw.tools.generator.Generator[Generator.java:169] --  override:/Users/a123/workspace/demo/vue/src/core/lazy_lib/components_use.js
 2020-06-03 18:35:03.059 [main] WARN  org.hyw.tools.generator.Generator[Generator.java:169] --  override:/Users/a123/workspace/demo/vue/src/config/router.config.js
 2020-06-03 18:35:03.063 [main] WARN  org.hyw.tools.generator.Generator[Generator.java:169] --  override:/Users/a123/workspace/demo/vue/src/config/defaultSettings.js
 2020-06-03 18:35:03.084 [main] WARN  org.hyw.tools.generator.Generator[Generator.java:169] --  override:/Users/a123/workspace/demo/vue/src/mock/util.js
 2020-06-03 18:35:03.085 [main] WARN  org.hyw.tools.generator.Generator[Generator.java:169] --  override:/Users/a123/workspace/demo/vue/src/mock/index.js
 2020-06-03 18:35:03.089 [main] WARN  org.hyw.tools.generator.Generator[Generator.java:169] --  override:/Users/a123/workspace/demo/vue/src/mock/services/other.js
 2020-06-03 18:35:03.090 [main] WARN  org.hyw.tools.generator.Generator[Generator.java:169] --  override:/Users/a123/workspace/demo/vue/src/mock/services/user.js
 2020-06-03 18:35:03.094 [main] WARN  org.hyw.tools.generator.Generator[Generator.java:169] --  override:/Users/a123/workspace/demo/vue/src/mock/services/auth.js
 2020-06-03 18:35:03.097 [main] WARN  org.hyw.tools.generator.Generator[Generator.java:169] --  override:/Users/a123/workspace/demo/vue/src/mock/services/tagCloud.js
 2020-06-03 18:35:03.100 [main] WARN  org.hyw.tools.generator.Generator[Generator.java:169] --  override:/Users/a123/workspace/demo/vue/src/mock/services/manage.js
 2020-06-03 18:35:03.101 [main] WARN  org.hyw.tools.generator.Generator[Generator.java:169] --  override:/Users/a123/workspace/demo/vue/src/mock/services/article.js
 2020-06-03 18:35:03.102 [main] WARN  org.hyw.tools.generator.Generator[Generator.java:169] --  override:/Users/a123/workspace/demo/vue/src/permission.js
 2020-06-03 18:35:03.102 [main] WARN  org.hyw.tools.generator.Generator[Generator.java:169] --  override:/Users/a123/workspace/demo/vue/src/utils/util.js
 2020-06-03 18:35:03.104 [main] WARN  org.hyw.tools.generator.Generator[Generator.java:169] --  override:/Users/a123/workspace/demo/vue/src/utils/device.js
 2020-06-03 18:35:03.105 [main] WARN  org.hyw.tools.generator.Generator[Generator.java:169] --  override:/Users/a123/workspace/demo/vue/src/utils/axios.js
 2020-06-03 18:35:03.106 [main] WARN  org.hyw.tools.generator.Generator[Generator.java:169] --  override:/Users/a123/workspace/demo/vue/src/utils/utils.less
 2020-06-03 18:35:03.107 [main] WARN  org.hyw.tools.generator.Generator[Generator.java:169] --  override:/Users/a123/workspace/demo/vue/src/utils/request.js
 2020-06-03 18:35:03.108 [main] WARN  org.hyw.tools.generator.Generator[Generator.java:169] --  override:/Users/a123/workspace/demo/vue/src/utils/mixin.js
 2020-06-03 18:35:03.109 [main] WARN  org.hyw.tools.generator.Generator[Generator.java:169] --  override:/Users/a123/workspace/demo/vue/src/utils/helper/permission.js
 2020-06-03 18:35:03.110 [main] WARN  org.hyw.tools.generator.Generator[Generator.java:169] --  override:/Users/a123/workspace/demo/vue/src/utils/filter.js
 2020-06-03 18:35:03.111 [main] WARN  org.hyw.tools.generator.Generator[Generator.java:169] --  override:/Users/a123/workspace/demo/vue/src/utils/permissions.js
 2020-06-03 18:35:03.112 [main] WARN  org.hyw.tools.generator.Generator[Generator.java:169] --  override:/Users/a123/workspace/demo/vue/src/utils/storage.js
 2020-06-03 18:35:03.114 [main] WARN  org.hyw.tools.generator.Generator[Generator.java:169] --  override:/Users/a123/workspace/demo/vue/src/main.js
 2020-06-03 18:35:03.114 [main] WARN  org.hyw.tools.generator.Generator[Generator.java:169] --  override:/Users/a123/workspace/demo/vue/src/components/Tree/Tree.jsx
 2020-06-03 18:35:03.115 [main] WARN  org.hyw.tools.generator.Generator[Generator.java:169] --  override:/Users/a123/workspace/demo/vue/src/components/global.less
 2020-06-03 18:35:03.117 [main] WARN  org.hyw.tools.generator.Generator[Generator.java:169] --  override:/Users/a123/workspace/demo/vue/src/components/PageLoading/index.jsx
 2020-06-03 18:35:03.118 [main] WARN  org.hyw.tools.generator.Generator[Generator.java:169] --  override:/Users/a123/workspace/demo/vue/src/components/tools/HeadInfo.vue
 2020-06-03 18:35:03.120 [main] WARN  org.hyw.tools.generator.Generator[Generator.java:169] --  override:/Users/a123/workspace/demo/vue/src/components/tools/UserMenu.vue
 2020-06-03 18:35:03.121 [main] WARN  org.hyw.tools.generator.Generator[Generator.java:169] --  override:/Users/a123/workspace/demo/vue/src/components/tools/Breadcrumb.vue
 2020-06-03 18:35:03.123 [main] WARN  org.hyw.tools.generator.Generator[Generator.java:169] --  override:/Users/a123/workspace/demo/vue/src/components/tools/TwoStepCaptcha.vue
 2020-06-03 18:35:03.126 [main] WARN  org.hyw.tools.generator.Generator[Generator.java:169] --  override:/Users/a123/workspace/demo/vue/src/components/tools/Logo.vue
 2020-06-03 18:35:03.129 [main] WARN  org.hyw.tools.generator.Generator[Generator.java:169] --  override:/Users/a123/workspace/demo/vue/src/components/tools/DetailList.vue
 2020-06-03 18:35:03.130 [main] WARN  org.hyw.tools.generator.Generator[Generator.java:169] --  override:/Users/a123/workspace/demo/vue/src/components/_util/util.js
 2020-06-03 18:35:03.131 [main] WARN  org.hyw.tools.generator.Generator[Generator.java:169] --  override:/Users/a123/workspace/demo/vue/src/components/Result/Result.vue
 2020-06-03 18:35:03.132 [main] WARN  org.hyw.tools.generator.Generator[Generator.java:169] --  override:/Users/a123/workspace/demo/vue/src/components/Result/index.js
 2020-06-03 18:35:03.133 [main] WARN  org.hyw.tools.generator.Generator[Generator.java:169] --  override:/Users/a123/workspace/demo/vue/src/components/StandardFormRow/StandardFormRow.vue
 2020-06-03 18:35:03.133 [main] WARN  org.hyw.tools.generator.Generator[Generator.java:169] --  override:/Users/a123/workspace/demo/vue/src/components/StandardFormRow/index.js
 2020-06-03 18:35:03.134 [main] WARN  org.hyw.tools.generator.Generator[Generator.java:169] --  override:/Users/a123/workspace/demo/vue/src/components/ArticleListContent/index.js
 2020-06-03 18:35:03.135 [main] WARN  org.hyw.tools.generator.Generator[Generator.java:169] --  override:/Users/a123/workspace/demo/vue/src/components/ArticleListContent/ArticleListContent.vue
 2020-06-03 18:35:03.137 [main] WARN  org.hyw.tools.generator.Generator[Generator.java:169] --  override:/Users/a123/workspace/demo/vue/src/components/CountDown/index.js
 2020-06-03 18:35:03.138 [main] WARN  org.hyw.tools.generator.Generator[Generator.java:169] --  override:/Users/a123/workspace/demo/vue/src/components/CountDown/CountDown.vue
 2020-06-03 18:35:03.139 [main] WARN  org.hyw.tools.generator.Generator[Generator.java:169] --  override:/Users/a123/workspace/demo/vue/src/components/CountDown/index.md
 2020-06-03 18:35:03.140 [main] WARN  org.hyw.tools.generator.Generator[Generator.java:169] --  override:/Users/a123/workspace/demo/vue/src/components/IconSelector/icons.js
 2020-06-03 18:35:03.141 [main] WARN  org.hyw.tools.generator.Generator[Generator.java:169] --  override:/Users/a123/workspace/demo/vue/src/components/IconSelector/index.js
 2020-06-03 18:35:03.142 [main] WARN  org.hyw.tools.generator.Generator[Generator.java:169] --  override:/Users/a123/workspace/demo/vue/src/components/IconSelector/README.md
 2020-06-03 18:35:03.142 [main] WARN  org.hyw.tools.generator.Generator[Generator.java:169] --  override:/Users/a123/workspace/demo/vue/src/components/IconSelector/IconSelector.vue
 2020-06-03 18:35:03.144 [main] WARN  org.hyw.tools.generator.Generator[Generator.java:169] --  override:/Users/a123/workspace/demo/vue/src/components/MultiTab/index.js
 2020-06-03 18:35:03.145 [main] WARN  org.hyw.tools.generator.Generator[Generator.java:169] --  override:/Users/a123/workspace/demo/vue/src/components/MultiTab/index.less
 2020-06-03 18:35:03.146 [main] WARN  org.hyw.tools.generator.Generator[Generator.java:169] --  override:/Users/a123/workspace/demo/vue/src/components/MultiTab/MultiTab.vue
 2020-06-03 18:35:03.146 [main] WARN  org.hyw.tools.generator.Generator[Generator.java:169] --  override:/Users/a123/workspace/demo/vue/src/components/Trend/index.js
 2020-06-03 18:35:03.147 [main] WARN  org.hyw.tools.generator.Generator[Generator.java:169] --  override:/Users/a123/workspace/demo/vue/src/components/Trend/index.less
 2020-06-03 18:35:03.148 [main] WARN  org.hyw.tools.generator.Generator[Generator.java:169] --  override:/Users/a123/workspace/demo/vue/src/components/Trend/index.md
 2020-06-03 18:35:03.150 [main] WARN  org.hyw.tools.generator.Generator[Generator.java:169] --  override:/Users/a123/workspace/demo/vue/src/components/Trend/Trend.vue
 2020-06-03 18:35:03.153 [main] WARN  org.hyw.tools.generator.Generator[Generator.java:169] --  override:/Users/a123/workspace/demo/vue/src/components/SettingDrawer/themeColor.js
 2020-06-03 18:35:03.154 [main] WARN  org.hyw.tools.generator.Generator[Generator.java:169] --  override:/Users/a123/workspace/demo/vue/src/components/SettingDrawer/SettingItem.vue
 2020-06-03 18:35:03.154 [main] WARN  org.hyw.tools.generator.Generator[Generator.java:169] --  override:/Users/a123/workspace/demo/vue/src/components/SettingDrawer/index.js
 2020-06-03 18:35:03.155 [main] WARN  org.hyw.tools.generator.Generator[Generator.java:169] --  override:/Users/a123/workspace/demo/vue/src/components/SettingDrawer/SettingDrawer.vue
 2020-06-03 18:35:03.156 [main] WARN  org.hyw.tools.generator.Generator[Generator.java:169] --  override:/Users/a123/workspace/demo/vue/src/components/SettingDrawer/settingConfig.js
 2020-06-03 18:35:03.157 [main] WARN  org.hyw.tools.generator.Generator[Generator.java:169] --  override:/Users/a123/workspace/demo/vue/src/components/NoticeIcon/NoticeIcon.vue
 2020-06-03 18:35:03.158 [main] WARN  org.hyw.tools.generator.Generator[Generator.java:169] --  override:/Users/a123/workspace/demo/vue/src/components/NoticeIcon/index.js
 2020-06-03 18:35:03.159 [main] WARN  org.hyw.tools.generator.Generator[Generator.java:169] --  override:/Users/a123/workspace/demo/vue/src/components/DescriptionList/index.js
 2020-06-03 18:35:03.161 [main] WARN  org.hyw.tools.generator.Generator[Generator.java:169] --  override:/Users/a123/workspace/demo/vue/src/components/DescriptionList/DescriptionList.vue
 2020-06-03 18:35:03.162 [main] WARN  org.hyw.tools.generator.Generator[Generator.java:169] --  override:/Users/a123/workspace/demo/vue/src/components/Charts/TransferBar.vue
 2020-06-03 18:35:03.164 [main] WARN  org.hyw.tools.generator.Generator[Generator.java:169] --  override:/Users/a123/workspace/demo/vue/src/components/Charts/Liquid.vue
 2020-06-03 18:35:03.165 [main] WARN  org.hyw.tools.generator.Generator[Generator.java:169] --  override:/Users/a123/workspace/demo/vue/src/components/Charts/RankList.vue
 2020-06-03 18:35:03.166 [main] WARN  org.hyw.tools.generator.Generator[Generator.java:169] --  override:/Users/a123/workspace/demo/vue/src/components/Charts/TagCloud.vue
 2020-06-03 18:35:03.168 [main] WARN  org.hyw.tools.generator.Generator[Generator.java:169] --  override:/Users/a123/workspace/demo/vue/src/components/Charts/MiniProgress.vue
 2020-06-03 18:35:03.169 [main] WARN  org.hyw.tools.generator.Generator[Generator.java:169] --  override:/Users/a123/workspace/demo/vue/src/components/Charts/Radar.vue
 2020-06-03 18:35:03.170 [main] WARN  org.hyw.tools.generator.Generator[Generator.java:169] --  override:/Users/a123/workspace/demo/vue/src/components/Charts/MiniArea.vue
 2020-06-03 18:35:03.171 [main] WARN  org.hyw.tools.generator.Generator[Generator.java:169] --  override:/Users/a123/workspace/demo/vue/src/components/Charts/ChartCard.vue
 2020-06-03 18:35:03.172 [main] WARN  org.hyw.tools.generator.Generator[Generator.java:169] --  override:/Users/a123/workspace/demo/vue/src/components/Charts/Trend.vue
 2020-06-03 18:35:03.173 [main] WARN  org.hyw.tools.generator.Generator[Generator.java:169] --  override:/Users/a123/workspace/demo/vue/src/components/Charts/MiniBar.vue
 2020-06-03 18:35:03.174 [main] WARN  org.hyw.tools.generator.Generator[Generator.java:169] --  override:/Users/a123/workspace/demo/vue/src/components/Charts/Bar.vue
 2020-06-03 18:35:03.176 [main] WARN  org.hyw.tools.generator.Generator[Generator.java:169] --  override:/Users/a123/workspace/demo/vue/src/components/Charts/chart.less
 2020-06-03 18:35:03.179 [main] WARN  org.hyw.tools.generator.Generator[Generator.java:169] --  override:/Users/a123/workspace/demo/vue/src/components/Charts/smooth.area.less
 2020-06-03 18:35:03.180 [main] WARN  org.hyw.tools.generator.Generator[Generator.java:169] --  override:/Users/a123/workspace/demo/vue/src/components/Charts/MiniSmoothArea.vue
 2020-06-03 18:35:03.181 [main] WARN  org.hyw.tools.generator.Generator[Generator.java:169] --  override:/Users/a123/workspace/demo/vue/src/components/GlobalFooter/index.js
 2020-06-03 18:35:03.181 [main] WARN  org.hyw.tools.generator.Generator[Generator.java:169] --  override:/Users/a123/workspace/demo/vue/src/components/index.js
 2020-06-03 18:35:03.182 [main] WARN  org.hyw.tools.generator.Generator[Generator.java:169] --  override:/Users/a123/workspace/demo/vue/src/components/PageHeader/PageHeader.vue
 2020-06-03 18:35:03.183 [main] WARN  org.hyw.tools.generator.Generator[Generator.java:169] --  override:/Users/a123/workspace/demo/vue/src/components/PageHeader/index.js
 2020-06-03 18:35:03.185 [main] WARN  org.hyw.tools.generator.Generator[Generator.java:169] --  override:/Users/a123/workspace/demo/vue/src/components/index.less
 2020-06-03 18:35:03.186 [main] WARN  org.hyw.tools.generator.Generator[Generator.java:169] --  override:/Users/a123/workspace/demo/vue/src/components/TagSelect/TagSelectOption.jsx
 2020-06-03 18:35:03.187 [main] WARN  org.hyw.tools.generator.Generator[Generator.java:169] --  override:/Users/a123/workspace/demo/vue/src/components/TagSelect/index.jsx
 2020-06-03 18:35:03.188 [main] WARN  org.hyw.tools.generator.Generator[Generator.java:169] --  override:/Users/a123/workspace/demo/vue/src/components/AvatarList/List.vue
 2020-06-03 18:35:03.190 [main] WARN  org.hyw.tools.generator.Generator[Generator.java:169] --  override:/Users/a123/workspace/demo/vue/src/components/AvatarList/index.js
 2020-06-03 18:35:03.192 [main] WARN  org.hyw.tools.generator.Generator[Generator.java:169] --  override:/Users/a123/workspace/demo/vue/src/components/AvatarList/index.less
 2020-06-03 18:35:03.193 [main] WARN  org.hyw.tools.generator.Generator[Generator.java:169] --  override:/Users/a123/workspace/demo/vue/src/components/AvatarList/Item.vue
 2020-06-03 18:35:03.194 [main] WARN  org.hyw.tools.generator.Generator[Generator.java:169] --  override:/Users/a123/workspace/demo/vue/src/components/AvatarList/index.md
 2020-06-03 18:35:03.195 [main] WARN  org.hyw.tools.generator.Generator[Generator.java:169] --  override:/Users/a123/workspace/demo/vue/src/components/GlobalHeader/GlobalHeader.vue
 2020-06-03 18:35:03.198 [main] WARN  org.hyw.tools.generator.Generator[Generator.java:169] --  override:/Users/a123/workspace/demo/vue/src/components/GlobalHeader/index.js
 2020-06-03 18:35:03.199 [main] WARN  org.hyw.tools.generator.Generator[Generator.java:169] --  override:/Users/a123/workspace/demo/vue/src/components/Table/index.js
 2020-06-03 18:35:03.201 [main] WARN  org.hyw.tools.generator.Generator[Generator.java:169] --  override:/Users/a123/workspace/demo/vue/src/components/Table/README.md
 2020-06-03 18:35:03.203 [main] WARN  org.hyw.tools.generator.Generator[Generator.java:169] --  override:/Users/a123/workspace/demo/vue/src/components/Menu/SideMenu.vue
 2020-06-03 18:35:03.204 [main] WARN  org.hyw.tools.generator.Generator[Generator.java:169] --  override:/Users/a123/workspace/demo/vue/src/components/Menu/index.js
 2020-06-03 18:35:03.205 [main] WARN  org.hyw.tools.generator.Generator[Generator.java:169] --  override:/Users/a123/workspace/demo/vue/src/components/Menu/menu.js
 2020-06-03 18:35:03.206 [main] WARN  org.hyw.tools.generator.Generator[Generator.java:169] --  override:/Users/a123/workspace/demo/vue/src/components/Menu/menu.render.js
 2020-06-03 18:35:03.207 [main] WARN  org.hyw.tools.generator.Generator[Generator.java:169] --  override:/Users/a123/workspace/demo/vue/src/components/FooterToolbar/FooterToolBar.vue
 2020-06-03 18:35:03.209 [main] WARN  org.hyw.tools.generator.Generator[Generator.java:169] --  override:/Users/a123/workspace/demo/vue/src/components/FooterToolbar/index.js
 2020-06-03 18:35:03.210 [main] WARN  org.hyw.tools.generator.Generator[Generator.java:169] --  override:/Users/a123/workspace/demo/vue/src/components/FooterToolbar/index.less
 2020-06-03 18:35:03.211 [main] WARN  org.hyw.tools.generator.Generator[Generator.java:169] --  override:/Users/a123/workspace/demo/vue/src/components/FooterToolbar/index.md
 2020-06-03 18:35:03.212 [main] WARN  org.hyw.tools.generator.Generator[Generator.java:169] --  override:/Users/a123/workspace/demo/vue/src/components/Ellipsis/index.js
 2020-06-03 18:35:03.213 [main] WARN  org.hyw.tools.generator.Generator[Generator.java:169] --  override:/Users/a123/workspace/demo/vue/src/components/Ellipsis/Ellipsis.vue
 2020-06-03 18:35:03.214 [main] WARN  org.hyw.tools.generator.Generator[Generator.java:169] --  override:/Users/a123/workspace/demo/vue/src/components/Ellipsis/index.md
 2020-06-03 18:35:03.216 [main] WARN  org.hyw.tools.generator.Generator[Generator.java:169] --  override:/Users/a123/workspace/demo/vue/src/components/Exception/ExceptionPage.vue
 2020-06-03 18:35:03.217 [main] WARN  org.hyw.tools.generator.Generator[Generator.java:169] --  override:/Users/a123/workspace/demo/vue/src/components/Exception/type.js
 2020-06-03 18:35:03.219 [main] WARN  org.hyw.tools.generator.Generator[Generator.java:169] --  override:/Users/a123/workspace/demo/vue/src/components/Exception/index.js
 2020-06-03 18:35:03.220 [main] WARN  org.hyw.tools.generator.Generator[Generator.java:169] --  override:/Users/a123/workspace/demo/vue/src/components/Editor/QuillEditor.vue
 2020-06-03 18:35:03.221 [main] WARN  org.hyw.tools.generator.Generator[Generator.java:169] --  override:/Users/a123/workspace/demo/vue/src/components/Editor/WangEditor.vue
 2020-06-03 18:35:03.222 [main] WARN  org.hyw.tools.generator.Generator[Generator.java:169] --  override:/Users/a123/workspace/demo/vue/src/components/NumberInfo/NumberInfo.vue
 2020-06-03 18:35:03.224 [main] WARN  org.hyw.tools.generator.Generator[Generator.java:169] --  override:/Users/a123/workspace/demo/vue/src/components/NumberInfo/index.js
 2020-06-03 18:35:03.225 [main] WARN  org.hyw.tools.generator.Generator[Generator.java:169] --  override:/Users/a123/workspace/demo/vue/src/components/NumberInfo/index.less
 2020-06-03 18:35:03.227 [main] WARN  org.hyw.tools.generator.Generator[Generator.java:169] --  override:/Users/a123/workspace/demo/vue/src/components/NumberInfo/index.md
 2020-06-03 18:35:03.227 [main] WARN  org.hyw.tools.generator.Generator[Generator.java:169] --  override:/Users/a123/workspace/demo/vue/src/layouts/IframeView.vue
 2020-06-03 18:35:03.228 [main] WARN  org.hyw.tools.generator.Generator[Generator.java:169] --  override:/Users/a123/workspace/demo/vue/src/layouts/RouteView.vue
 2020-06-03 18:35:03.229 [main] WARN  org.hyw.tools.generator.Generator[Generator.java:169] --  override:/Users/a123/workspace/demo/vue/src/layouts/index.js
 2020-06-03 18:35:03.230 [main] WARN  org.hyw.tools.generator.Generator[Generator.java:169] --  override:/Users/a123/workspace/demo/vue/src/layouts/PageView.vue
 2020-06-03 18:35:03.232 [main] WARN  org.hyw.tools.generator.Generator[Generator.java:169] --  override:/Users/a123/workspace/demo/vue/src/layouts/BlankLayout.vue
 2020-06-03 18:35:03.233 [main] WARN  org.hyw.tools.generator.Generator[Generator.java:169] --  override:/Users/a123/workspace/demo/vue/src/layouts/BasicLayout.vue
 2020-06-03 18:35:03.234 [main] WARN  org.hyw.tools.generator.Generator[Generator.java:169] --  override:/Users/a123/workspace/demo/vue/src/api/usergrouprolemapping.js
 2020-06-03 18:35:03.235 [main] WARN  org.hyw.tools.generator.Generator[Generator.java:169] --  override:/Users/a123/workspace/demo/vue/src/api/usergroupmapping.js
 2020-06-03 18:35:03.236 [main] WARN  org.hyw.tools.generator.Generator[Generator.java:169] --  override:/Users/a123/workspace/demo/vue/src/api/cresource.js
 2020-06-03 18:35:03.239 [main] WARN  org.hyw.tools.generator.Generator[Generator.java:169] --  override:/Users/a123/workspace/demo/vue/src/api/role.js
 2020-06-03 18:35:03.244 [main] WARN  org.hyw.tools.generator.Generator[Generator.java:169] --  override:/Users/a123/workspace/demo/vue/src/api/param.js
 2020-06-03 18:35:03.246 [main] WARN  org.hyw.tools.generator.Generator[Generator.java:169] --  override:/Users/a123/workspace/demo/vue/src/api/media.js
 2020-06-03 18:35:03.249 [main] WARN  org.hyw.tools.generator.Generator[Generator.java:169] --  override:/Users/a123/workspace/demo/vue/src/api/user.js
 2020-06-03 18:35:03.250 [main] WARN  org.hyw.tools.generator.Generator[Generator.java:169] --  override:/Users/a123/workspace/demo/vue/src/api/userpostmapping.js
 2020-06-03 18:35:03.251 [main] WARN  org.hyw.tools.generator.Generator[Generator.java:169] --  override:/Users/a123/workspace/demo/vue/src/api/index.js
 2020-06-03 18:35:03.252 [main] WARN  org.hyw.tools.generator.Generator[Generator.java:169] --  override:/Users/a123/workspace/demo/vue/src/api/gallery.js
 2020-06-03 18:35:03.253 [main] WARN  org.hyw.tools.generator.Generator[Generator.java:169] --  override:/Users/a123/workspace/demo/vue/src/api/login.js
 2020-06-03 18:35:03.254 [main] WARN  org.hyw.tools.generator.Generator[Generator.java:169] --  override:/Users/a123/workspace/demo/vue/src/api/userdeptmapping.js
 2020-06-03 18:35:03.257 [main] WARN  org.hyw.tools.generator.Generator[Generator.java:169] --  override:/Users/a123/workspace/demo/vue/src/api/manage.js
 2020-06-03 18:35:03.261 [main] WARN  org.hyw.tools.generator.Generator[Generator.java:169] --  override:/Users/a123/workspace/demo/vue/src/api/cuser.js
 2020-06-03 18:35:03.262 [main] WARN  org.hyw.tools.generator.Generator[Generator.java:169] --  override:/Users/a123/workspace/demo/vue/src/api/userrolemapping.js
 2020-06-03 18:35:03.267 [main] WARN  org.hyw.tools.generator.Generator[Generator.java:169] --  override:/Users/a123/workspace/demo/vue/src/api/tool.js
 2020-06-03 18:35:03.268 [main] WARN  org.hyw.tools.generator.Generator[Generator.java:169] --  override:/Users/a123/workspace/demo/vue/src/api/roleresourcemapping.js
 2020-06-03 18:35:03.269 [main] WARN  org.hyw.tools.generator.Generator[Generator.java:169] --  override:/Users/a123/workspace/demo/vue/src/api/crole.js
 2020-06-03 18:35:03.270 [main] WARN  org.hyw.tools.generator.Generator[Generator.java:169] --  override:/Users/a123/workspace/demo/vue/src/views/form/stepForm/Step2.vue
 2020-06-03 18:35:03.273 [main] WARN  org.hyw.tools.generator.Generator[Generator.java:169] --  override:/Users/a123/workspace/demo/vue/src/views/form/stepForm/Step3.vue
 2020-06-03 18:35:03.274 [main] WARN  org.hyw.tools.generator.Generator[Generator.java:169] --  override:/Users/a123/workspace/demo/vue/src/views/form/stepForm/Step1.vue
 2020-06-03 18:35:03.274 [main] WARN  org.hyw.tools.generator.Generator[Generator.java:169] --  override:/Users/a123/workspace/demo/vue/src/views/form/stepForm/StepForm.vue
 2020-06-03 18:35:03.275 [main] WARN  org.hyw.tools.generator.Generator[Generator.java:169] --  override:/Users/a123/workspace/demo/vue/src/views/form/advancedForm/AdvancedForm.vue
 2020-06-03 18:35:03.276 [main] WARN  org.hyw.tools.generator.Generator[Generator.java:169] --  override:/Users/a123/workspace/demo/vue/src/views/form/advancedForm/RepositoryForm.vue
 2020-06-03 18:35:03.277 [main] WARN  org.hyw.tools.generator.Generator[Generator.java:169] --  override:/Users/a123/workspace/demo/vue/src/views/form/advancedForm/TaskForm.vue
 2020-06-03 18:35:03.278 [main] WARN  org.hyw.tools.generator.Generator[Generator.java:169] --  override:/Users/a123/workspace/demo/vue/src/views/form/BasicForm.vue
 2020-06-03 18:35:03.281 [main] WARN  org.hyw.tools.generator.Generator[Generator.java:169] --  override:/Users/a123/workspace/demo/vue/src/views/result/Success.vue
 2020-06-03 18:35:03.282 [main] WARN  org.hyw.tools.generator.Generator[Generator.java:169] --  override:/Users/a123/workspace/demo/vue/src/views/result/Error.vue
 2020-06-03 18:35:03.284 [main] WARN  org.hyw.tools.generator.Generator[Generator.java:169] --  override:/Users/a123/workspace/demo/vue/src/views/404.vue
 2020-06-03 18:35:03.285 [main] WARN  org.hyw.tools.generator.Generator[Generator.java:169] --  override:/Users/a123/workspace/demo/vue/src/views/Home.vue
 2020-06-03 18:35:03.286 [main] WARN  org.hyw.tools.generator.Generator[Generator.java:169] --  override:/Users/a123/workspace/demo/vue/src/views/other/PermissionList.vue
 2020-06-03 18:35:03.288 [main] WARN  org.hyw.tools.generator.Generator[Generator.java:169] --  override:/Users/a123/workspace/demo/vue/src/views/other/TreeList.vue
 2020-06-03 18:35:03.289 [main] WARN  org.hyw.tools.generator.Generator[Generator.java:169] --  override:/Users/a123/workspace/demo/vue/src/views/other/IconSelectorView.vue
 2020-06-03 18:35:03.291 [main] WARN  org.hyw.tools.generator.Generator[Generator.java:169] --  override:/Users/a123/workspace/demo/vue/src/views/other/UserList.vue
 2020-06-03 18:35:03.292 [main] WARN  org.hyw.tools.generator.Generator[Generator.java:169] --  override:/Users/a123/workspace/demo/vue/src/views/other/RoleList.vue
 2020-06-03 18:35:03.293 [main] WARN  org.hyw.tools.generator.Generator[Generator.java:169] --  override:/Users/a123/workspace/demo/vue/src/views/other/TableInnerEditList.vue
 2020-06-03 18:35:03.294 [main] WARN  org.hyw.tools.generator.Generator[Generator.java:169] --  override:/Users/a123/workspace/demo/vue/src/views/other/modules/OrgModal.vue
 2020-06-03 18:35:03.296 [main] WARN  org.hyw.tools.generator.Generator[Generator.java:169] --  override:/Users/a123/workspace/demo/vue/src/views/other/modules/RoleModal.vue
 2020-06-03 18:35:03.298 [main] WARN  org.hyw.tools.generator.Generator[Generator.java:169] --  override:/Users/a123/workspace/demo/vue/src/views/user/Login.vue
 2020-06-03 18:35:03.299 [main] WARN  org.hyw.tools.generator.Generator[Generator.java:169] --  override:/Users/a123/workspace/demo/vue/src/views/param/CreateForm.vue
 2020-06-03 18:35:03.300 [main] WARN  org.hyw.tools.generator.Generator[Generator.java:169] --  override:/Users/a123/workspace/demo/vue/src/views/param/ParamView.vue
 2020-06-03 18:35:03.301 [main] WARN  org.hyw.tools.generator.Generator[Generator.java:169] --  override:/Users/a123/workspace/demo/vue/src/views/dashboard/Monitor.vue
 2020-06-03 18:35:03.302 [main] WARN  org.hyw.tools.generator.Generator[Generator.java:169] --  override:/Users/a123/workspace/demo/vue/src/views/dashboard/Workplace.vue
 2020-06-03 18:35:03.303 [main] WARN  org.hyw.tools.generator.Generator[Generator.java:169] --  override:/Users/a123/workspace/demo/vue/src/views/dashboard/Analysis.vue
 2020-06-03 18:35:03.305 [main] WARN  org.hyw.tools.generator.Generator[Generator.java:169] --  override:/Users/a123/workspace/demo/vue/src/views/common/CreateForm.vue
 2020-06-03 18:35:03.306 [main] WARN  org.hyw.tools.generator.Generator[Generator.java:169] --  override:/Users/a123/workspace/demo/vue/src/views/common/ListView.vue
 2020-06-03 18:35:03.307 [main] WARN  org.hyw.tools.generator.Generator[Generator.java:169] --  override:/Users/a123/workspace/demo/vue/src/views/profile/advanced/Advanced.vue
 2020-06-03 18:35:03.311 [main] WARN  org.hyw.tools.generator.Generator[Generator.java:169] --  override:/Users/a123/workspace/demo/vue/src/views/profile/basic/Index.vue
 2020-06-03 18:35:03.313 [main] WARN  org.hyw.tools.generator.Generator[Generator.java:169] --  override:/Users/a123/workspace/demo/vue/src/views/list/StandardList.vue
 2020-06-03 18:35:03.314 [main] WARN  org.hyw.tools.generator.Generator[Generator.java:169] --  override:/Users/a123/workspace/demo/vue/src/views/list/CardList.vue
 2020-06-03 18:35:03.315 [main] WARN  org.hyw.tools.generator.Generator[Generator.java:169] --  override:/Users/a123/workspace/demo/vue/src/views/list/search/Projects.vue
 2020-06-03 18:35:03.316 [main] WARN  org.hyw.tools.generator.Generator[Generator.java:169] --  override:/Users/a123/workspace/demo/vue/src/views/list/search/SearchLayout.vue
 2020-06-03 18:35:03.320 [main] WARN  org.hyw.tools.generator.Generator[Generator.java:169] --  override:/Users/a123/workspace/demo/vue/src/views/list/search/components/CardInfo.vue
 2020-06-03 18:35:03.322 [main] WARN  org.hyw.tools.generator.Generator[Generator.java:169] --  override:/Users/a123/workspace/demo/vue/src/views/list/search/components/IconText.vue
 2020-06-03 18:35:03.323 [main] WARN  org.hyw.tools.generator.Generator[Generator.java:169] --  override:/Users/a123/workspace/demo/vue/src/views/list/search/Article.vue
 2020-06-03 18:35:03.324 [main] WARN  org.hyw.tools.generator.Generator[Generator.java:169] --  override:/Users/a123/workspace/demo/vue/src/views/list/search/Applications.vue
 2020-06-03 18:35:03.325 [main] WARN  org.hyw.tools.generator.Generator[Generator.java:169] --  override:/Users/a123/workspace/demo/vue/src/views/list/table/List.vue
 2020-06-03 18:35:03.326 [main] WARN  org.hyw.tools.generator.Generator[Generator.java:169] --  override:/Users/a123/workspace/demo/vue/src/views/list/table/Edit.vue
 2020-06-03 18:35:03.328 [main] WARN  org.hyw.tools.generator.Generator[Generator.java:169] --  override:/Users/a123/workspace/demo/vue/src/views/list/modules/CreateForm.vue
 2020-06-03 18:35:03.330 [main] WARN  org.hyw.tools.generator.Generator[Generator.java:169] --  override:/Users/a123/workspace/demo/vue/src/views/list/modules/StepByStepModal.vue
 2020-06-03 18:35:03.331 [main] WARN  org.hyw.tools.generator.Generator[Generator.java:169] --  override:/Users/a123/workspace/demo/vue/src/views/list/modules/TaskForm.vue
 2020-06-03 18:35:03.332 [main] WARN  org.hyw.tools.generator.Generator[Generator.java:169] --  override:/Users/a123/workspace/demo/vue/src/views/list/QueryList.vue
 2020-06-03 18:35:03.333 [main] WARN  org.hyw.tools.generator.Generator[Generator.java:169] --  override:/Users/a123/workspace/demo/vue/src/views/list/TableList.vue
 2020-06-03 18:35:03.334 [main] WARN  org.hyw.tools.generator.Generator[Generator.java:169] --  override:/Users/a123/workspace/demo/vue/src/views/account/settings/Custom.vue
 2020-06-03 18:35:03.337 [main] WARN  org.hyw.tools.generator.Generator[Generator.java:169] --  override:/Users/a123/workspace/demo/vue/src/views/account/settings/Index.vue
 2020-06-03 18:35:03.337 [main] WARN  org.hyw.tools.generator.Generator[Generator.java:169] --  override:/Users/a123/workspace/demo/vue/src/views/account/settings/AvatarModal.vue
 2020-06-03 18:35:03.340 [main] WARN  org.hyw.tools.generator.Generator[Generator.java:169] --  override:/Users/a123/workspace/demo/vue/src/views/account/settings/BaseSetting.vue
 2020-06-03 18:35:03.345 [main] WARN  org.hyw.tools.generator.Generator[Generator.java:169] --  override:/Users/a123/workspace/demo/vue/src/views/account/settings/Binding.vue
 2020-06-03 18:35:03.346 [main] WARN  org.hyw.tools.generator.Generator[Generator.java:169] --  override:/Users/a123/workspace/demo/vue/src/views/account/settings/Notification.vue
 2020-06-03 18:35:03.348 [main] WARN  org.hyw.tools.generator.Generator[Generator.java:169] --  override:/Users/a123/workspace/demo/vue/src/views/account/settings/Security.vue
 2020-06-03 18:35:03.348 [main] WARN  org.hyw.tools.generator.Generator[Generator.java:169] --  override:/Users/a123/workspace/demo/vue/src/views/account/center/Index.vue
 2020-06-03 18:35:03.349 [main] WARN  org.hyw.tools.generator.Generator[Generator.java:169] --  override:/Users/a123/workspace/demo/vue/src/views/account/center/page/App.vue
 2020-06-03 18:35:03.354 [main] WARN  org.hyw.tools.generator.Generator[Generator.java:169] --  override:/Users/a123/workspace/demo/vue/src/views/account/center/page/index.js
 2020-06-03 18:35:03.390 [main] WARN  org.hyw.tools.generator.Generator[Generator.java:169] --  override:/Users/a123/workspace/demo/vue/src/views/account/center/page/Project.vue
 2020-06-03 18:35:03.393 [main] WARN  org.hyw.tools.generator.Generator[Generator.java:169] --  override:/Users/a123/workspace/demo/vue/src/views/account/center/page/Article.vue
 2020-06-03 18:35:03.394 [main] WARN  org.hyw.tools.generator.Generator[Generator.java:169] --  override:/Users/a123/workspace/demo/vue/src/views/exception/403.vue
 2020-06-03 18:35:03.395 [main] WARN  org.hyw.tools.generator.Generator[Generator.java:169] --  override:/Users/a123/workspace/demo/vue/src/views/exception/404.vue
 2020-06-03 18:35:03.396 [main] WARN  org.hyw.tools.generator.Generator[Generator.java:169] --  override:/Users/a123/workspace/demo/vue/src/views/exception/500.vue
 2020-06-03 18:35:03.397 [main] WARN  org.hyw.tools.generator.Generator[Generator.java:169] --  override:/Users/a123/workspace/demo/vue/src/views/tool/GenCodeView.vue
 2020-06-03 18:35:03.398 [main] WARN  org.hyw.tools.generator.Generator[Generator.java:169] --  override:/Users/a123/workspace/demo/vue/src/assets/background.svg
 2020-06-03 18:35:03.417 [main] WARN  org.hyw.tools.generator.Generator[Generator.java:169] --  override:/Users/a123/workspace/demo/vue/src/assets/logo.png
 2020-06-03 18:35:03.419 [main] WARN  org.hyw.tools.generator.Generator[Generator.java:169] --  override:/Users/a123/workspace/demo/vue/src/assets/icons/bx-analyse.svg
 2020-06-03 18:35:03.420 [main] WARN  org.hyw.tools.generator.Generator[Generator.java:169] --  override:/Users/a123/workspace/demo/vue/src/assets/logo.svg
 2020-06-03 18:35:03.421 [main] WARN  org.hyw.tools.generator.Generator[Generator.java:169] --  override:/Users/a123/workspace/demo/vue/src/store/getters.js
 2020-06-03 18:35:03.422 [main] WARN  org.hyw.tools.generator.Generator[Generator.java:169] --  override:/Users/a123/workspace/demo/vue/src/store/index.js
 2020-06-03 18:35:03.423 [main] WARN  org.hyw.tools.generator.Generator[Generator.java:169] --  override:/Users/a123/workspace/demo/vue/src/store/mutation-types.js
 2020-06-03 18:35:03.424 [main] WARN  org.hyw.tools.generator.Generator[Generator.java:169] --  override:/Users/a123/workspace/demo/vue/src/store/modules/user.js
 2020-06-03 18:35:03.424 [main] WARN  org.hyw.tools.generator.Generator[Generator.java:169] --  override:/Users/a123/workspace/demo/vue/src/store/modules/permission.js
 2020-06-03 18:35:03.428 [main] WARN  org.hyw.tools.generator.Generator[Generator.java:169] --  override:/Users/a123/workspace/demo/vue/src/store/modules/app.js
 2020-06-03 18:35:03.429 [main] WARN  org.hyw.tools.generator.Generator[Generator.java:169] --  override:/Users/a123/workspace/demo/vue/src/router/index.js
 2020-06-03 18:35:03.434 [main] WARN  org.hyw.tools.generator.Generator[Generator.java:169] --  override:/Users/a123/workspace/demo/vue/src/router/README.md
 2020-06-03 18:35:03.505 [main] WARN  org.hyw.tools.generator.Generator[Generator.java:169] --  override:/Users/a123/workspace/demo/api/src/main/java/com/big/box/demo/api/vo/Result.java
 2020-06-03 18:35:03.519 [main] WARN  org.hyw.tools.generator.Generator[Generator.java:169] --  override:/Users/a123/workspace/demo/api/src/main/java/com/big/box/demo/api/enums/StatusCode.java
 2020-06-03 18:35:03.523 [main] WARN  org.hyw.tools.generator.Generator[Generator.java:169] --  override:/Users/a123/workspace/demo/app/src/main/java/com/big/box/demo/app/utils/JWTUtil.java
 2020-06-03 18:35:03.534 [main] WARN  org.hyw.tools.generator.Generator[Generator.java:169] --  override:/Users/a123/workspace/demo/app/src/main/java/com/big/box/demo/app/filter/JWTFilter.java
 2020-06-03 18:35:03.545 [main] WARN  org.hyw.tools.generator.Generator[Generator.java:169] --  override:/Users/a123/workspace/demo/app/src/main/java/com/big/box/demo/app/service/impl/TokenServiceImpl.java
 2020-06-03 18:35:03.551 [main] WARN  org.hyw.tools.generator.Generator[Generator.java:169] --  override:/Users/a123/workspace/demo/app/src/main/java/com/big/box/demo/app/service/TokenService.java
 2020-06-03 18:35:03.555 [main] WARN  org.hyw.tools.generator.Generator[Generator.java:169] --  override:/Users/a123/workspace/demo/app/src/main/resources/logback.xml
 2020-06-03 18:35:03.563 [main] WARN  org.hyw.tools.generator.Generator[Generator.java:169] --  override:/Users/a123/workspace/demo/app/src/main/java/com/big/box/demo/app/springboot/runner/StartupRunner.java
 2020-06-03 18:35:03.572 [main] WARN  org.hyw.tools.generator.Generator[Generator.java:169] --  override:/Users/a123/workspace/demo/app/src/main/java/com/big/box/demo/app/springboot/swagger2/Swagger2Configuration.java
 2020-06-03 18:35:03.580 [main] WARN  org.hyw.tools.generator.Generator[Generator.java:169] --  override:/Users/a123/workspace/demo/app/src/main/resources/bin/startup.sh
 2020-06-03 18:35:03.582 [main] WARN  org.hyw.tools.generator.Generator[Generator.java:169] --  override:/Users/a123/workspace/demo/app/src/main/resources/bin/stop.sh
 2020-06-03 18:35:03.588 [main] WARN  org.hyw.tools.generator.Generator[Generator.java:169] --  override:/Users/a123/workspace/demo/app/src/main/resources/maven/assembly.xml
 2020-06-03 18:35:03.597 [main] WARN  org.hyw.tools.generator.Generator[Generator.java:169] --  override:/Users/a123/workspace/demo/app/src/main/java/com/big/box/demo/app/Booter.java
 2020-06-03 18:35:03.602 [main] WARN  org.hyw.tools.generator.Generator[Generator.java:169] --  override:/Users/a123/workspace/demo/app/src/main/java/com/big/box/demo/app/utils/SpringUtils.java
 2020-06-03 18:35:03.607 [main] WARN  org.hyw.tools.generator.Generator[Generator.java:169] --  override:/Users/a123/workspace/demo/app/src/main/java/com/big/box/demo/app/utils/HttpUtils.java
 2020-06-03 18:35:03.618 [main] WARN  org.hyw.tools.generator.Generator[Generator.java:169] --  override:/Users/a123/workspace/demo/app/src/main/resources/banner.txt
 2020-06-03 18:35:03.622 [main] WARN  org.hyw.tools.generator.Generator[Generator.java:169] --  override:/Users/a123/workspace/demo/app/src/main/java/com/big/box/demo/app/controller/commons/ErrorController.java
 2020-06-03 18:35:03.630 [main] WARN  org.hyw.tools.generator.Generator[Generator.java:169] --  override:/Users/a123/workspace/demo/app/src/main/resources/bootstrap.yml
 2020-06-03 18:35:03.654 [main] WARN  org.hyw.tools.generator.Generator[Generator.java:169] --  override:/Users/a123/workspace/demo/app/src/main/resources/data/UserInfo.json
 2020-06-03 18:35:03.699 [main] WARN  org.hyw.tools.generator.Generator[Generator.java:169] --  override:/Users/a123/workspace/demo/app/src/main/resources/data/ResourceResponseVo.json
 2020-06-03 18:35:03.702 [main] WARN  org.hyw.tools.generator.Generator[Generator.java:169] --  override:/Users/a123/workspace/demo/app/src/main/resources/conf/messages.properties
 2020-06-03 18:35:03.708 [main] WARN  org.hyw.tools.generator.Generator[Generator.java:169] --  override:/Users/a123/workspace/demo/app/src/main/java/com/big/box/demo/app/aspects/LogAspect.java
 2020-06-03 18:35:03.755 [main] WARN  org.hyw.tools.generator.Generator[Generator.java:169] --  override:/Users/a123/workspace/demo/api/src/main/java/com/big/box/demo/api/entity/BaseEntity.java
 2020-06-03 18:35:03.765 [main] WARN  org.hyw.tools.generator.Generator[Generator.java:169] --  override:/Users/a123/workspace/demo/api/src/main/java/com/big/box/demo/api/service/BaseService.java
 2020-06-03 18:35:03.767 [main] WARN  org.hyw.tools.generator.Generator[Generator.java:169] --  override:/Users/a123/workspace/demo/app/src/main/java/com/big/box/demo/app/vo/BaseModel.java
 2020-06-03 18:35:03.769 [main] WARN  org.hyw.tools.generator.Generator[Generator.java:169] --  override:/Users/a123/workspace/demo/app/src/main/java/com/big/box/demo/app/vo/TokenVo.java
 2020-06-03 18:35:03.771 [main] WARN  org.hyw.tools.generator.Generator[Generator.java:169] --  override:/Users/a123/workspace/demo/app/src/main/java/com/big/box/demo/app/vo/ResourceResponseVo.java
 2020-06-03 18:35:03.775 [main] WARN  org.hyw.tools.generator.Generator[Generator.java:169] --  override:/Users/a123/workspace/demo/app/src/main/java/com/big/box/demo/app/vo/Resource.java
 2020-06-03 18:35:03.777 [main] WARN  org.hyw.tools.generator.Generator[Generator.java:169] --  override:/Users/a123/workspace/demo/app/src/main/java/com/big/box/demo/app/vo/LoginVo.java
 2020-06-03 18:35:03.779 [main] WARN  org.hyw.tools.generator.Generator[Generator.java:169] --  override:/Users/a123/workspace/demo/app/src/main/java/com/big/box/demo/app/vo/UserInfo.java
 2020-06-03 18:35:03.781 [main] WARN  org.hyw.tools.generator.Generator[Generator.java:169] --  override:/Users/a123/workspace/demo/app/src/main/java/com/big/box/demo/app/vo/Role.java
 2020-06-03 18:35:03.784 [main] WARN  org.hyw.tools.generator.Generator[Generator.java:169] --  override:/Users/a123/workspace/demo/app/src/main/java/com/big/box/demo/app/vo/LoginResponseVo.java
 2020-06-03 18:35:03.787 [main] WARN  org.hyw.tools.generator.Generator[Generator.java:169] --  override:/Users/a123/workspace/demo/app/src/main/java/com/big/box/demo/app/vo/UserAuthCache.java
 2020-06-03 18:35:03.812 [main] WARN  org.hyw.tools.generator.Generator[Generator.java:169] --  override:/Users/a123/workspace/demo/app/src/main/java/com/big/box/demo/app/service/impl/BaseServiceImpl.java
 2020-06-03 18:35:03.827 [main] WARN  org.hyw.tools.generator.Generator[Generator.java:169] --  override:/Users/a123/workspace/demo/app/src/main/java/com/big/box/demo/app/plus/MybatisPlusConfiguration.java
 2020-06-03 18:35:03.830 [main] WARN  org.hyw.tools.generator.Generator[Generator.java:169] --  override:/Users/a123/workspace/demo/app/src/main/java/com/big/box/demo/app/plus/MybatisPlusMetaObjectHandler.java
 2020-06-03 18:35:03.836 [main] WARN  org.hyw.tools.generator.Generator[Generator.java:169] --  override:/Users/a123/workspace/demo/app/src/test/java/com/big/box/demo/app/test/redis/RedisTemplateTest.java
 2020-06-03 18:35:03.839 [main] WARN  org.hyw.tools.generator.Generator[Generator.java:169] --  override:/Users/a123/workspace/demo/vue/public/index.html
 2020-06-03 18:35:03.841 [main] WARN  org.hyw.tools.generator.Generator[Generator.java:169] --  override:/Users/a123/workspace/demo/vue/.project
 2020-06-03 18:35:03.843 [main] WARN  org.hyw.tools.generator.Generator[Generator.java:169] --  override:/Users/a123/workspace/demo/vue/src/utils/domUtil.js
 2020-06-03 18:35:03.851 [main] WARN  org.hyw.tools.generator.Generator[Generator.java:169] --  override:/Users/a123/workspace/demo/vue/src/components/GlobalFooter/GlobalFooter.vue
 2020-06-03 18:35:03.862 [main] WARN  org.hyw.tools.generator.Generator[Generator.java:169] --  override:/Users/a123/workspace/demo/vue/src/layouts/UserLayout.vue
 2020-06-03 18:35:03.864 [main] WARN  org.hyw.tools.generator.Generator[Generator.java:169] --  override:/Users/a123/workspace/demo/app/src/test/java/com/big/box/demo/app/test/zookeeper/ZkTool.java
 2020-06-03 18:35:03.870 [main] WARN  org.hyw.tools.generator.Generator[Generator.java:169] --  override:/Users/a123/workspace/demo/app/src/test/java/com/big/box/demo/app/test/dubbo/DubboTest.java
 2020-06-03 18:35:03.954 [main] WARN  org.hyw.tools.generator.Generator[Generator.java:169] --  override:/Users/a123/workspace/demo/app/src/test/resources/zookeeper.data
 2020-06-03 18:35:03.966 [main] WARN  org.hyw.tools.generator.Generator[Generator.java:169] --  override:/Users/a123/workspace/demo/app/src/test/resources/bootstrap.yml
 2020-06-03 18:35:03.981 [main] WARN  org.hyw.tools.generator.Generator[Generator.java:169] --  override:/Users/a123/workspace/demo/app/src/test/resources/application.yml
 2020-06-03 18:35:03.987 [main] WARN  org.hyw.tools.generator.Generator[Generator.java:169] --  override:/Users/a123/workspace/demo/app/src/main/java/com/big/box/demo/app/mvc/JsonFormContentFilter.java
 2020-06-03 18:35:04.000 [main] WARN  org.hyw.tools.generator.Generator[Generator.java:169] --  override:/Users/a123/workspace/demo/app/src/main/java/com/big/box/demo/app/mvc/WebMvcConfigurer.java
 2020-06-03 18:35:04.017 [main] WARN  org.hyw.tools.generator.Generator[Generator.java:169] --  override:/Users/a123/workspace/demo/app/src/main/java/com/big/box/demo/app/controller/commons/BaseController.java
 2020-06-03 18:35:04.037 [main] WARN  org.hyw.tools.generator.Generator[Generator.java:169] --  override:/Users/a123/workspace/demo/app/src/main/java/com/big/box/demo/app/controller/LoginController.java
 2020-06-03 18:35:04.040 [main] WARN  org.hyw.tools.generator.Generator[Generator.java:169] --  override:/Users/a123/workspace/demo/app/src/main/java/com/big/box/demo/app/interceptor/ContextInterceptor.java
 2020-06-03 18:35:04.054 [main] WARN  org.hyw.tools.generator.Generator[Generator.java:169] --  override:/Users/a123/workspace/demo/app/src/main/java/com/big/box/demo/app/shiro/ShiroRealm.java
 2020-06-03 18:35:04.061 [main] WARN  org.hyw.tools.generator.Generator[Generator.java:169] --  override:/Users/a123/workspace/demo/app/src/main/java/com/big/box/demo/app/shiro/ShiroConfig.java
 2020-06-03 18:35:04.167 [main] WARN  org.hyw.tools.generator.Generator[Generator.java:169] --  override:/Users/a123/workspace/demo/api/src/main/java/com/big/box/demo/api/entity/Device.java
 2020-06-03 18:35:04.213 [main] WARN  org.hyw.tools.generator.Generator[Generator.java:169] --  override:/Users/a123/workspace/demo/api/src/main/java/com/big/box/demo/api/service/DeviceService.java
 2020-06-03 18:35:04.265 [main] WARN  org.hyw.tools.generator.Generator[Generator.java:169] --  override:/Users/a123/workspace/demo/app/src/main/java/com/big/box/demo/app/mapper/DeviceMapper.java
 2020-06-03 18:35:04.414 [main] WARN  org.hyw.tools.generator.Generator[Generator.java:169] --  override:/Users/a123/workspace/demo/app/src/main/resources/mappers/DeviceMapper.xml
 2020-06-03 18:35:04.461 [main] WARN  org.hyw.tools.generator.Generator[Generator.java:169] --  override:/Users/a123/workspace/demo/app/src/main/java/com/big/box/demo/app/service/impl/DeviceServiceImpl.java
 2020-06-03 18:35:04.463 [main] WARN  org.hyw.tools.generator.Generator[Generator.java:169] --  override:/Users/a123/workspace/demo/vue/.project
 2020-06-03 18:35:04.488 [main] WARN  org.hyw.tools.generator.Generator[Generator.java:169] --  override:/Users/a123/workspace/demo/vue/src/api/Device.js
 2020-06-03 18:35:04.585 [main] WARN  org.hyw.tools.generator.Generator[Generator.java:169] --  override:/Users/a123/workspace/demo/vue/src/views/Device/DeviceList.vue
 2020-06-03 18:35:04.614 [main] WARN  org.hyw.tools.generator.Generator[Generator.java:169] --  override:/Users/a123/workspace/demo/vue/src/views/Device/DeviceForm.vue
 2020-06-03 18:35:04.626 [main] WARN  org.hyw.tools.generator.Generator[Generator.java:169] --  override:/Users/a123/workspace/demo/app/src/test/java/com/big/box/demo/app/test/controller/DeviceControllerTest.java
 2020-06-03 18:35:04.722 [main] WARN  org.hyw.tools.generator.Generator[Generator.java:169] --  override:/Users/a123/workspace/demo/app/src/main/java/com/big/box/demo/app/controller/DeviceController.java
 2020-06-03 18:35:04.723 [main] INFO  org.hyw.tools.generator.AbstractGenerator[AbstractGenerator.java:225] --  文件已生成:/Users/a123/workspace/demo
 