2020-06-03 20:03:11.374 [main] INFO  com.alibaba.druid.pool.DruidDataSource[DruidDataSource.java:854] --  {dataSource-1} inited
 2020-06-03 20:03:13.657 [main] INFO  org.hyw.tools.generator.AbstractGenerator[AbstractGenerator.java:67] --  开始读取数据库元数据...
 2020-06-03 20:03:20.983 [main] INFO  org.hyw.tools.generator.AbstractGenerator[AbstractGenerator.java:67] --  开始读取数据库元数据...
 2020-06-03 20:03:21.294 [main] WARN  org.hyw.tools.generator.Generator[Generator.java:168] --  override:/Users/a123/workspace/demo/parent/readme.md
 2020-06-03 20:03:21.333 [main] WARN  org.hyw.tools.generator.Generator[Generator.java:168] --  override:/Users/a123/workspace/demo/parent/pom.xml
 2020-06-03 20:03:21.336 [main] WARN  org.hyw.tools.generator.Generator[Generator.java:168] --  override:/Users/a123/workspace/demo/app/readme.md
 2020-06-03 20:03:21.372 [main] WARN  org.hyw.tools.generator.Generator[Generator.java:168] --  override:/Users/a123/workspace/demo/app/pom.xml
 2020-06-03 20:03:21.384 [main] WARN  org.hyw.tools.generator.Generator[Generator.java:168] --  override:/Users/a123/workspace/demo/api/readme.md
 2020-06-03 20:03:21.395 [main] WARN  org.hyw.tools.generator.Generator[Generator.java:168] --  override:/Users/a123/workspace/demo/api/pom.xml
 2020-06-03 20:03:21.465 [main] WARN  org.hyw.tools.generator.Generator[Generator.java:168] --  override:/Users/a123/workspace/demo/vue/webstorm.config.js
 2020-06-03 20:03:21.466 [main] WARN  org.hyw.tools.generator.Generator[Generator.java:168] --  override:/Users/a123/workspace/demo/vue/vue.config.js
 2020-06-03 20:03:21.468 [main] WARN  org.hyw.tools.generator.Generator[Generator.java:168] --  override:/Users/a123/workspace/demo/vue/tests/unit/.eslintrc.js
 2020-06-03 20:03:21.471 [main] WARN  org.hyw.tools.generator.Generator[Generator.java:168] --  override:/Users/a123/workspace/demo/vue/src/views/user/Login.vue
 2020-06-03 20:03:21.473 [main] WARN  org.hyw.tools.generator.Generator[Generator.java:168] --  override:/Users/a123/workspace/demo/vue/src/views/tool/GenCodeView.vue
 2020-06-03 20:03:21.474 [main] WARN  org.hyw.tools.generator.Generator[Generator.java:168] --  override:/Users/a123/workspace/demo/vue/src/views/result/Success.vue
 2020-06-03 20:03:21.477 [main] WARN  org.hyw.tools.generator.Generator[Generator.java:168] --  override:/Users/a123/workspace/demo/vue/src/views/result/Error.vue
 2020-06-03 20:03:21.479 [main] WARN  org.hyw.tools.generator.Generator[Generator.java:168] --  override:/Users/a123/workspace/demo/vue/src/views/profile/basic/Index.vue
 2020-06-03 20:03:21.481 [main] WARN  org.hyw.tools.generator.Generator[Generator.java:168] --  override:/Users/a123/workspace/demo/vue/src/views/profile/advanced/Advanced.vue
 2020-06-03 20:03:21.483 [main] WARN  org.hyw.tools.generator.Generator[Generator.java:168] --  override:/Users/a123/workspace/demo/vue/src/views/param/ParamView.vue
 2020-06-03 20:03:21.485 [main] WARN  org.hyw.tools.generator.Generator[Generator.java:168] --  override:/Users/a123/workspace/demo/vue/src/views/param/CreateForm.vue
 2020-06-03 20:03:21.487 [main] WARN  org.hyw.tools.generator.Generator[Generator.java:168] --  override:/Users/a123/workspace/demo/vue/src/views/other/modules/RoleModal.vue
 2020-06-03 20:03:21.488 [main] WARN  org.hyw.tools.generator.Generator[Generator.java:168] --  override:/Users/a123/workspace/demo/vue/src/views/other/modules/OrgModal.vue
 2020-06-03 20:03:21.489 [main] WARN  org.hyw.tools.generator.Generator[Generator.java:168] --  override:/Users/a123/workspace/demo/vue/src/views/other/UserList.vue
 2020-06-03 20:03:21.489 [main] WARN  org.hyw.tools.generator.Generator[Generator.java:168] --  override:/Users/a123/workspace/demo/vue/src/views/other/TreeList.vue
 2020-06-03 20:03:21.490 [main] WARN  org.hyw.tools.generator.Generator[Generator.java:168] --  override:/Users/a123/workspace/demo/vue/src/views/other/TableInnerEditList.vue
 2020-06-03 20:03:21.491 [main] WARN  org.hyw.tools.generator.Generator[Generator.java:168] --  override:/Users/a123/workspace/demo/vue/src/views/other/RoleList.vue
 2020-06-03 20:03:21.493 [main] WARN  org.hyw.tools.generator.Generator[Generator.java:168] --  override:/Users/a123/workspace/demo/vue/src/views/other/PermissionList.vue
 2020-06-03 20:03:21.495 [main] WARN  org.hyw.tools.generator.Generator[Generator.java:168] --  override:/Users/a123/workspace/demo/vue/src/views/other/IconSelectorView.vue
 2020-06-03 20:03:21.498 [main] WARN  org.hyw.tools.generator.Generator[Generator.java:168] --  override:/Users/a123/workspace/demo/vue/src/views/list/table/List.vue
 2020-06-03 20:03:21.501 [main] WARN  org.hyw.tools.generator.Generator[Generator.java:168] --  override:/Users/a123/workspace/demo/vue/src/views/list/table/Edit.vue
 2020-06-03 20:03:21.510 [main] WARN  org.hyw.tools.generator.Generator[Generator.java:168] --  override:/Users/a123/workspace/demo/vue/src/views/list/search/components/IconText.vue
 2020-06-03 20:03:21.510 [main] WARN  org.hyw.tools.generator.Generator[Generator.java:168] --  override:/Users/a123/workspace/demo/vue/src/views/list/search/components/CardInfo.vue
 2020-06-03 20:03:21.511 [main] WARN  org.hyw.tools.generator.Generator[Generator.java:168] --  override:/Users/a123/workspace/demo/vue/src/views/list/search/SearchLayout.vue
 2020-06-03 20:03:21.512 [main] WARN  org.hyw.tools.generator.Generator[Generator.java:168] --  override:/Users/a123/workspace/demo/vue/src/views/list/search/Projects.vue
 2020-06-03 20:03:21.516 [main] WARN  org.hyw.tools.generator.Generator[Generator.java:168] --  override:/Users/a123/workspace/demo/vue/src/views/list/search/Article.vue
 2020-06-03 20:03:21.520 [main] WARN  org.hyw.tools.generator.Generator[Generator.java:168] --  override:/Users/a123/workspace/demo/vue/src/views/list/search/Applications.vue
 2020-06-03 20:03:21.526 [main] WARN  org.hyw.tools.generator.Generator[Generator.java:168] --  override:/Users/a123/workspace/demo/vue/src/views/list/modules/TaskForm.vue
 2020-06-03 20:03:21.527 [main] WARN  org.hyw.tools.generator.Generator[Generator.java:168] --  override:/Users/a123/workspace/demo/vue/src/views/list/modules/StepByStepModal.vue
 2020-06-03 20:03:21.529 [main] WARN  org.hyw.tools.generator.Generator[Generator.java:168] --  override:/Users/a123/workspace/demo/vue/src/views/list/modules/CreateForm.vue
 2020-06-03 20:03:21.530 [main] WARN  org.hyw.tools.generator.Generator[Generator.java:168] --  override:/Users/a123/workspace/demo/vue/src/views/list/TableList.vue
 2020-06-03 20:03:21.531 [main] WARN  org.hyw.tools.generator.Generator[Generator.java:168] --  override:/Users/a123/workspace/demo/vue/src/views/list/StandardList.vue
 2020-06-03 20:03:21.533 [main] WARN  org.hyw.tools.generator.Generator[Generator.java:168] --  override:/Users/a123/workspace/demo/vue/src/views/list/QueryList.vue
 2020-06-03 20:03:21.534 [main] WARN  org.hyw.tools.generator.Generator[Generator.java:168] --  override:/Users/a123/workspace/demo/vue/src/views/list/CardList.vue
 2020-06-03 20:03:21.536 [main] WARN  org.hyw.tools.generator.Generator[Generator.java:168] --  override:/Users/a123/workspace/demo/vue/src/views/form/stepForm/StepForm.vue
 2020-06-03 20:03:21.537 [main] WARN  org.hyw.tools.generator.Generator[Generator.java:168] --  override:/Users/a123/workspace/demo/vue/src/views/form/stepForm/Step3.vue
 2020-06-03 20:03:21.538 [main] WARN  org.hyw.tools.generator.Generator[Generator.java:168] --  override:/Users/a123/workspace/demo/vue/src/views/form/stepForm/Step2.vue
 2020-06-03 20:03:21.539 [main] WARN  org.hyw.tools.generator.Generator[Generator.java:168] --  override:/Users/a123/workspace/demo/vue/src/views/form/stepForm/Step1.vue
 2020-06-03 20:03:21.540 [main] WARN  org.hyw.tools.generator.Generator[Generator.java:168] --  override:/Users/a123/workspace/demo/vue/src/views/form/advancedForm/TaskForm.vue
 2020-06-03 20:03:21.540 [main] WARN  org.hyw.tools.generator.Generator[Generator.java:168] --  override:/Users/a123/workspace/demo/vue/src/views/form/advancedForm/RepositoryForm.vue
 2020-06-03 20:03:21.541 [main] WARN  org.hyw.tools.generator.Generator[Generator.java:168] --  override:/Users/a123/workspace/demo/vue/src/views/form/advancedForm/AdvancedForm.vue
 2020-06-03 20:03:21.542 [main] WARN  org.hyw.tools.generator.Generator[Generator.java:168] --  override:/Users/a123/workspace/demo/vue/src/views/form/BasicForm.vue
 2020-06-03 20:03:21.543 [main] WARN  org.hyw.tools.generator.Generator[Generator.java:168] --  override:/Users/a123/workspace/demo/vue/src/views/exception/500.vue
 2020-06-03 20:03:21.544 [main] WARN  org.hyw.tools.generator.Generator[Generator.java:168] --  override:/Users/a123/workspace/demo/vue/src/views/exception/404.vue
 2020-06-03 20:03:21.546 [main] WARN  org.hyw.tools.generator.Generator[Generator.java:168] --  override:/Users/a123/workspace/demo/vue/src/views/exception/403.vue
 2020-06-03 20:03:21.548 [main] WARN  org.hyw.tools.generator.Generator[Generator.java:168] --  override:/Users/a123/workspace/demo/vue/src/views/dashboard/Workplace.vue
 2020-06-03 20:03:21.550 [main] WARN  org.hyw.tools.generator.Generator[Generator.java:168] --  override:/Users/a123/workspace/demo/vue/src/views/dashboard/Monitor.vue
 2020-06-03 20:03:21.551 [main] WARN  org.hyw.tools.generator.Generator[Generator.java:168] --  override:/Users/a123/workspace/demo/vue/src/views/dashboard/Analysis.vue
 2020-06-03 20:03:21.553 [main] WARN  org.hyw.tools.generator.Generator[Generator.java:168] --  override:/Users/a123/workspace/demo/vue/src/views/common/ListView.vue
 2020-06-03 20:03:21.554 [main] WARN  org.hyw.tools.generator.Generator[Generator.java:168] --  override:/Users/a123/workspace/demo/vue/src/views/common/CreateForm.vue
 2020-06-03 20:03:21.555 [main] WARN  org.hyw.tools.generator.Generator[Generator.java:168] --  override:/Users/a123/workspace/demo/vue/src/views/account/settings/Security.vue
 2020-06-03 20:03:21.555 [main] WARN  org.hyw.tools.generator.Generator[Generator.java:168] --  override:/Users/a123/workspace/demo/vue/src/views/account/settings/Notification.vue
 2020-06-03 20:03:21.556 [main] WARN  org.hyw.tools.generator.Generator[Generator.java:168] --  override:/Users/a123/workspace/demo/vue/src/views/account/settings/Index.vue
 2020-06-03 20:03:21.557 [main] WARN  org.hyw.tools.generator.Generator[Generator.java:168] --  override:/Users/a123/workspace/demo/vue/src/views/account/settings/Custom.vue
 2020-06-03 20:03:21.558 [main] WARN  org.hyw.tools.generator.Generator[Generator.java:168] --  override:/Users/a123/workspace/demo/vue/src/views/account/settings/Binding.vue
 2020-06-03 20:03:21.559 [main] WARN  org.hyw.tools.generator.Generator[Generator.java:168] --  override:/Users/a123/workspace/demo/vue/src/views/account/settings/BaseSetting.vue
 2020-06-03 20:03:21.560 [main] WARN  org.hyw.tools.generator.Generator[Generator.java:168] --  override:/Users/a123/workspace/demo/vue/src/views/account/settings/AvatarModal.vue
 2020-06-03 20:03:21.561 [main] WARN  org.hyw.tools.generator.Generator[Generator.java:168] --  override:/Users/a123/workspace/demo/vue/src/views/account/center/page/index.js
 2020-06-03 20:03:21.562 [main] WARN  org.hyw.tools.generator.Generator[Generator.java:168] --  override:/Users/a123/workspace/demo/vue/src/views/account/center/page/Project.vue
 2020-06-03 20:03:21.563 [main] WARN  org.hyw.tools.generator.Generator[Generator.java:168] --  override:/Users/a123/workspace/demo/vue/src/views/account/center/page/Article.vue
 2020-06-03 20:03:21.564 [main] WARN  org.hyw.tools.generator.Generator[Generator.java:168] --  override:/Users/a123/workspace/demo/vue/src/views/account/center/page/App.vue
 2020-06-03 20:03:21.565 [main] WARN  org.hyw.tools.generator.Generator[Generator.java:168] --  override:/Users/a123/workspace/demo/vue/src/views/account/center/Index.vue
 2020-06-03 20:03:21.566 [main] WARN  org.hyw.tools.generator.Generator[Generator.java:168] --  override:/Users/a123/workspace/demo/vue/src/views/Home.vue
 2020-06-03 20:03:21.568 [main] WARN  org.hyw.tools.generator.Generator[Generator.java:168] --  override:/Users/a123/workspace/demo/vue/src/views/404.vue
 2020-06-03 20:03:21.570 [main] WARN  org.hyw.tools.generator.Generator[Generator.java:168] --  override:/Users/a123/workspace/demo/vue/src/utils/utils.less
 2020-06-03 20:03:21.576 [main] WARN  org.hyw.tools.generator.Generator[Generator.java:168] --  override:/Users/a123/workspace/demo/vue/src/utils/util.js
 2020-06-03 20:03:21.577 [main] WARN  org.hyw.tools.generator.Generator[Generator.java:168] --  override:/Users/a123/workspace/demo/vue/src/utils/storage.js
 2020-06-03 20:03:21.579 [main] WARN  org.hyw.tools.generator.Generator[Generator.java:168] --  override:/Users/a123/workspace/demo/vue/src/utils/request.js
 2020-06-03 20:03:21.580 [main] WARN  org.hyw.tools.generator.Generator[Generator.java:168] --  override:/Users/a123/workspace/demo/vue/src/utils/permissions.js
 2020-06-03 20:03:21.581 [main] WARN  org.hyw.tools.generator.Generator[Generator.java:168] --  override:/Users/a123/workspace/demo/vue/src/utils/mixin.js
 2020-06-03 20:03:21.582 [main] WARN  org.hyw.tools.generator.Generator[Generator.java:168] --  override:/Users/a123/workspace/demo/vue/src/utils/helper/permission.js
 2020-06-03 20:03:21.583 [main] WARN  org.hyw.tools.generator.Generator[Generator.java:168] --  override:/Users/a123/workspace/demo/vue/src/utils/filter.js
 2020-06-03 20:03:21.584 [main] WARN  org.hyw.tools.generator.Generator[Generator.java:168] --  override:/Users/a123/workspace/demo/vue/src/utils/device.js
 2020-06-03 20:03:21.586 [main] WARN  org.hyw.tools.generator.Generator[Generator.java:168] --  override:/Users/a123/workspace/demo/vue/src/utils/axios.js
 2020-06-03 20:03:21.587 [main] WARN  org.hyw.tools.generator.Generator[Generator.java:168] --  override:/Users/a123/workspace/demo/vue/src/store/mutation-types.js
 2020-06-03 20:03:21.589 [main] WARN  org.hyw.tools.generator.Generator[Generator.java:168] --  override:/Users/a123/workspace/demo/vue/src/store/modules/user.js
 2020-06-03 20:03:21.590 [main] WARN  org.hyw.tools.generator.Generator[Generator.java:168] --  override:/Users/a123/workspace/demo/vue/src/store/modules/permission.js
 2020-06-03 20:03:21.594 [main] WARN  org.hyw.tools.generator.Generator[Generator.java:168] --  override:/Users/a123/workspace/demo/vue/src/store/modules/app.js
 2020-06-03 20:03:21.595 [main] WARN  org.hyw.tools.generator.Generator[Generator.java:168] --  override:/Users/a123/workspace/demo/vue/src/store/index.js
 2020-06-03 20:03:21.596 [main] WARN  org.hyw.tools.generator.Generator[Generator.java:168] --  override:/Users/a123/workspace/demo/vue/src/store/getters.js
 2020-06-03 20:03:21.597 [main] WARN  org.hyw.tools.generator.Generator[Generator.java:168] --  override:/Users/a123/workspace/demo/vue/src/router/index.js
 2020-06-03 20:03:21.601 [main] WARN  org.hyw.tools.generator.Generator[Generator.java:168] --  override:/Users/a123/workspace/demo/vue/src/router/README.md
 2020-06-03 20:03:21.602 [main] WARN  org.hyw.tools.generator.Generator[Generator.java:168] --  override:/Users/a123/workspace/demo/vue/src/permission.js
 2020-06-03 20:03:21.604 [main] WARN  org.hyw.tools.generator.Generator[Generator.java:168] --  override:/Users/a123/workspace/demo/vue/src/mock/util.js
 2020-06-03 20:03:21.605 [main] WARN  org.hyw.tools.generator.Generator[Generator.java:168] --  override:/Users/a123/workspace/demo/vue/src/mock/services/user.js
 2020-06-03 20:03:21.606 [main] WARN  org.hyw.tools.generator.Generator[Generator.java:168] --  override:/Users/a123/workspace/demo/vue/src/mock/services/tagCloud.js
 2020-06-03 20:03:21.607 [main] WARN  org.hyw.tools.generator.Generator[Generator.java:168] --  override:/Users/a123/workspace/demo/vue/src/mock/services/other.js
 2020-06-03 20:03:21.610 [main] WARN  org.hyw.tools.generator.Generator[Generator.java:168] --  override:/Users/a123/workspace/demo/vue/src/mock/services/manage.js
 2020-06-03 20:03:21.611 [main] WARN  org.hyw.tools.generator.Generator[Generator.java:168] --  override:/Users/a123/workspace/demo/vue/src/mock/services/auth.js
 2020-06-03 20:03:21.612 [main] WARN  org.hyw.tools.generator.Generator[Generator.java:168] --  override:/Users/a123/workspace/demo/vue/src/mock/services/article.js
 2020-06-03 20:03:21.614 [main] WARN  org.hyw.tools.generator.Generator[Generator.java:168] --  override:/Users/a123/workspace/demo/vue/src/mock/index.js
 2020-06-03 20:03:21.614 [main] WARN  org.hyw.tools.generator.Generator[Generator.java:168] --  override:/Users/a123/workspace/demo/vue/src/main.js
 2020-06-03 20:03:21.616 [main] WARN  org.hyw.tools.generator.Generator[Generator.java:168] --  override:/Users/a123/workspace/demo/vue/src/layouts/index.js
 2020-06-03 20:03:21.617 [main] WARN  org.hyw.tools.generator.Generator[Generator.java:168] --  override:/Users/a123/workspace/demo/vue/src/layouts/RouteView.vue
 2020-06-03 20:03:21.618 [main] WARN  org.hyw.tools.generator.Generator[Generator.java:168] --  override:/Users/a123/workspace/demo/vue/src/layouts/PageView.vue
 2020-06-03 20:03:21.619 [main] WARN  org.hyw.tools.generator.Generator[Generator.java:168] --  override:/Users/a123/workspace/demo/vue/src/layouts/IframeView.vue
 2020-06-03 20:03:21.620 [main] WARN  org.hyw.tools.generator.Generator[Generator.java:168] --  override:/Users/a123/workspace/demo/vue/src/layouts/BlankLayout.vue
 2020-06-03 20:03:21.621 [main] WARN  org.hyw.tools.generator.Generator[Generator.java:168] --  override:/Users/a123/workspace/demo/vue/src/layouts/BasicLayout.vue
 2020-06-03 20:03:21.622 [main] WARN  org.hyw.tools.generator.Generator[Generator.java:168] --  override:/Users/a123/workspace/demo/vue/src/core/use.js
 2020-06-03 20:03:21.623 [main] WARN  org.hyw.tools.generator.Generator[Generator.java:168] --  override:/Users/a123/workspace/demo/vue/src/core/lazy_use.js
 2020-06-03 20:03:21.624 [main] WARN  org.hyw.tools.generator.Generator[Generator.java:168] --  override:/Users/a123/workspace/demo/vue/src/core/lazy_lib/components_use.js
 2020-06-03 20:03:21.625 [main] WARN  org.hyw.tools.generator.Generator[Generator.java:168] --  override:/Users/a123/workspace/demo/vue/src/core/icons.js
 2020-06-03 20:03:21.626 [main] WARN  org.hyw.tools.generator.Generator[Generator.java:168] --  override:/Users/a123/workspace/demo/vue/src/core/directives/action.js
 2020-06-03 20:03:21.634 [main] WARN  org.hyw.tools.generator.Generator[Generator.java:168] --  override:/Users/a123/workspace/demo/vue/src/core/bootstrap.js
 2020-06-03 20:03:21.635 [main] WARN  org.hyw.tools.generator.Generator[Generator.java:168] --  override:/Users/a123/workspace/demo/vue/src/config/router.config.js
 2020-06-03 20:03:21.637 [main] WARN  org.hyw.tools.generator.Generator[Generator.java:168] --  override:/Users/a123/workspace/demo/vue/src/config/defaultSettings.js
 2020-06-03 20:03:21.638 [main] WARN  org.hyw.tools.generator.Generator[Generator.java:168] --  override:/Users/a123/workspace/demo/vue/src/components/tools/UserMenu.vue
 2020-06-03 20:03:21.640 [main] WARN  org.hyw.tools.generator.Generator[Generator.java:168] --  override:/Users/a123/workspace/demo/vue/src/components/tools/TwoStepCaptcha.vue
 2020-06-03 20:03:21.641 [main] WARN  org.hyw.tools.generator.Generator[Generator.java:168] --  override:/Users/a123/workspace/demo/vue/src/components/tools/Logo.vue
 2020-06-03 20:03:21.642 [main] WARN  org.hyw.tools.generator.Generator[Generator.java:168] --  override:/Users/a123/workspace/demo/vue/src/components/tools/HeadInfo.vue
 2020-06-03 20:03:21.643 [main] WARN  org.hyw.tools.generator.Generator[Generator.java:168] --  override:/Users/a123/workspace/demo/vue/src/components/tools/DetailList.vue
 2020-06-03 20:03:21.644 [main] WARN  org.hyw.tools.generator.Generator[Generator.java:168] --  override:/Users/a123/workspace/demo/vue/src/components/tools/Breadcrumb.vue
 2020-06-03 20:03:21.645 [main] WARN  org.hyw.tools.generator.Generator[Generator.java:168] --  override:/Users/a123/workspace/demo/vue/src/components/index.less
 2020-06-03 20:03:21.648 [main] WARN  org.hyw.tools.generator.Generator[Generator.java:168] --  override:/Users/a123/workspace/demo/vue/src/components/index.js
 2020-06-03 20:03:21.651 [main] WARN  org.hyw.tools.generator.Generator[Generator.java:168] --  override:/Users/a123/workspace/demo/vue/src/components/global.less
 2020-06-03 20:03:21.652 [main] WARN  org.hyw.tools.generator.Generator[Generator.java:168] --  override:/Users/a123/workspace/demo/vue/src/components/_util/util.js
 2020-06-03 20:03:21.653 [main] WARN  org.hyw.tools.generator.Generator[Generator.java:168] --  override:/Users/a123/workspace/demo/vue/src/components/Trend/index.md
 2020-06-03 20:03:21.655 [main] WARN  org.hyw.tools.generator.Generator[Generator.java:168] --  override:/Users/a123/workspace/demo/vue/src/components/Trend/index.less
 2020-06-03 20:03:21.656 [main] WARN  org.hyw.tools.generator.Generator[Generator.java:168] --  override:/Users/a123/workspace/demo/vue/src/components/Trend/index.js
 2020-06-03 20:03:21.658 [main] WARN  org.hyw.tools.generator.Generator[Generator.java:168] --  override:/Users/a123/workspace/demo/vue/src/components/Trend/Trend.vue
 2020-06-03 20:03:21.659 [main] WARN  org.hyw.tools.generator.Generator[Generator.java:168] --  override:/Users/a123/workspace/demo/vue/src/components/Tree/Tree.jsx
 2020-06-03 20:03:21.660 [main] WARN  org.hyw.tools.generator.Generator[Generator.java:168] --  override:/Users/a123/workspace/demo/vue/src/components/TagSelect/index.jsx
 2020-06-03 20:03:21.661 [main] WARN  org.hyw.tools.generator.Generator[Generator.java:168] --  override:/Users/a123/workspace/demo/vue/src/components/TagSelect/TagSelectOption.jsx
 2020-06-03 20:03:21.662 [main] WARN  org.hyw.tools.generator.Generator[Generator.java:168] --  override:/Users/a123/workspace/demo/vue/src/components/Table/index.js
 2020-06-03 20:03:21.663 [main] WARN  org.hyw.tools.generator.Generator[Generator.java:168] --  override:/Users/a123/workspace/demo/vue/src/components/Table/README.md
 2020-06-03 20:03:21.666 [main] WARN  org.hyw.tools.generator.Generator[Generator.java:168] --  override:/Users/a123/workspace/demo/vue/src/components/StandardFormRow/index.js
 2020-06-03 20:03:21.667 [main] WARN  org.hyw.tools.generator.Generator[Generator.java:168] --  override:/Users/a123/workspace/demo/vue/src/components/StandardFormRow/StandardFormRow.vue
 2020-06-03 20:03:21.670 [main] WARN  org.hyw.tools.generator.Generator[Generator.java:168] --  override:/Users/a123/workspace/demo/vue/src/components/SettingDrawer/themeColor.js
 2020-06-03 20:03:21.671 [main] WARN  org.hyw.tools.generator.Generator[Generator.java:168] --  override:/Users/a123/workspace/demo/vue/src/components/SettingDrawer/settingConfig.js
 2020-06-03 20:03:21.672 [main] WARN  org.hyw.tools.generator.Generator[Generator.java:168] --  override:/Users/a123/workspace/demo/vue/src/components/SettingDrawer/index.js
 2020-06-03 20:03:21.672 [main] WARN  org.hyw.tools.generator.Generator[Generator.java:168] --  override:/Users/a123/workspace/demo/vue/src/components/SettingDrawer/SettingItem.vue
 2020-06-03 20:03:21.673 [main] WARN  org.hyw.tools.generator.Generator[Generator.java:168] --  override:/Users/a123/workspace/demo/vue/src/components/SettingDrawer/SettingDrawer.vue
 2020-06-03 20:03:21.674 [main] WARN  org.hyw.tools.generator.Generator[Generator.java:168] --  override:/Users/a123/workspace/demo/vue/src/components/Result/index.js
 2020-06-03 20:03:21.675 [main] WARN  org.hyw.tools.generator.Generator[Generator.java:168] --  override:/Users/a123/workspace/demo/vue/src/components/Result/Result.vue
 2020-06-03 20:03:21.676 [main] WARN  org.hyw.tools.generator.Generator[Generator.java:168] --  override:/Users/a123/workspace/demo/vue/src/components/PageLoading/index.jsx
 2020-06-03 20:03:21.677 [main] WARN  org.hyw.tools.generator.Generator[Generator.java:168] --  override:/Users/a123/workspace/demo/vue/src/components/PageHeader/index.js
 2020-06-03 20:03:21.677 [main] WARN  org.hyw.tools.generator.Generator[Generator.java:168] --  override:/Users/a123/workspace/demo/vue/src/components/PageHeader/PageHeader.vue
 2020-06-03 20:03:21.678 [main] WARN  org.hyw.tools.generator.Generator[Generator.java:168] --  override:/Users/a123/workspace/demo/vue/src/components/NumberInfo/index.md
 2020-06-03 20:03:21.679 [main] WARN  org.hyw.tools.generator.Generator[Generator.java:168] --  override:/Users/a123/workspace/demo/vue/src/components/NumberInfo/index.less
 2020-06-03 20:03:21.679 [main] WARN  org.hyw.tools.generator.Generator[Generator.java:168] --  override:/Users/a123/workspace/demo/vue/src/components/NumberInfo/index.js
 2020-06-03 20:03:21.680 [main] WARN  org.hyw.tools.generator.Generator[Generator.java:168] --  override:/Users/a123/workspace/demo/vue/src/components/NumberInfo/NumberInfo.vue
 2020-06-03 20:03:21.681 [main] WARN  org.hyw.tools.generator.Generator[Generator.java:168] --  override:/Users/a123/workspace/demo/vue/src/components/NoticeIcon/index.js
 2020-06-03 20:03:21.682 [main] WARN  org.hyw.tools.generator.Generator[Generator.java:168] --  override:/Users/a123/workspace/demo/vue/src/components/NoticeIcon/NoticeIcon.vue
 2020-06-03 20:03:21.683 [main] WARN  org.hyw.tools.generator.Generator[Generator.java:168] --  override:/Users/a123/workspace/demo/vue/src/components/MultiTab/index.less
 2020-06-03 20:03:21.684 [main] WARN  org.hyw.tools.generator.Generator[Generator.java:168] --  override:/Users/a123/workspace/demo/vue/src/components/MultiTab/index.js
 2020-06-03 20:03:21.684 [main] WARN  org.hyw.tools.generator.Generator[Generator.java:168] --  override:/Users/a123/workspace/demo/vue/src/components/MultiTab/MultiTab.vue
 2020-06-03 20:03:21.685 [main] WARN  org.hyw.tools.generator.Generator[Generator.java:168] --  override:/Users/a123/workspace/demo/vue/src/components/Menu/menu.render.js
 2020-06-03 20:03:21.686 [main] WARN  org.hyw.tools.generator.Generator[Generator.java:168] --  override:/Users/a123/workspace/demo/vue/src/components/Menu/menu.js
 2020-06-03 20:03:21.687 [main] WARN  org.hyw.tools.generator.Generator[Generator.java:168] --  override:/Users/a123/workspace/demo/vue/src/components/Menu/index.js
 2020-06-03 20:03:21.688 [main] WARN  org.hyw.tools.generator.Generator[Generator.java:168] --  override:/Users/a123/workspace/demo/vue/src/components/Menu/SideMenu.vue
 2020-06-03 20:03:21.689 [main] WARN  org.hyw.tools.generator.Generator[Generator.java:168] --  override:/Users/a123/workspace/demo/vue/src/components/IconSelector/index.js
 2020-06-03 20:03:21.690 [main] WARN  org.hyw.tools.generator.Generator[Generator.java:168] --  override:/Users/a123/workspace/demo/vue/src/components/IconSelector/icons.js
 2020-06-03 20:03:21.691 [main] WARN  org.hyw.tools.generator.Generator[Generator.java:168] --  override:/Users/a123/workspace/demo/vue/src/components/IconSelector/README.md
 2020-06-03 20:03:21.691 [main] WARN  org.hyw.tools.generator.Generator[Generator.java:168] --  override:/Users/a123/workspace/demo/vue/src/components/IconSelector/IconSelector.vue
 2020-06-03 20:03:21.692 [main] WARN  org.hyw.tools.generator.Generator[Generator.java:168] --  override:/Users/a123/workspace/demo/vue/src/components/GlobalHeader/index.js
 2020-06-03 20:03:21.693 [main] WARN  org.hyw.tools.generator.Generator[Generator.java:168] --  override:/Users/a123/workspace/demo/vue/src/components/GlobalHeader/GlobalHeader.vue
 2020-06-03 20:03:21.694 [main] WARN  org.hyw.tools.generator.Generator[Generator.java:168] --  override:/Users/a123/workspace/demo/vue/src/components/GlobalFooter/index.js
 2020-06-03 20:03:21.694 [main] WARN  org.hyw.tools.generator.Generator[Generator.java:168] --  override:/Users/a123/workspace/demo/vue/src/components/FooterToolbar/index.md
 2020-06-03 20:03:21.695 [main] WARN  org.hyw.tools.generator.Generator[Generator.java:168] --  override:/Users/a123/workspace/demo/vue/src/components/FooterToolbar/index.less
 2020-06-03 20:03:21.696 [main] WARN  org.hyw.tools.generator.Generator[Generator.java:168] --  override:/Users/a123/workspace/demo/vue/src/components/FooterToolbar/index.js
 2020-06-03 20:03:21.701 [main] WARN  org.hyw.tools.generator.Generator[Generator.java:168] --  override:/Users/a123/workspace/demo/vue/src/components/FooterToolbar/FooterToolBar.vue
 2020-06-03 20:03:21.702 [main] WARN  org.hyw.tools.generator.Generator[Generator.java:168] --  override:/Users/a123/workspace/demo/vue/src/components/Exception/type.js
 2020-06-03 20:03:21.703 [main] WARN  org.hyw.tools.generator.Generator[Generator.java:168] --  override:/Users/a123/workspace/demo/vue/src/components/Exception/index.js
 2020-06-03 20:03:21.703 [main] WARN  org.hyw.tools.generator.Generator[Generator.java:168] --  override:/Users/a123/workspace/demo/vue/src/components/Exception/ExceptionPage.vue
 2020-06-03 20:03:21.704 [main] WARN  org.hyw.tools.generator.Generator[Generator.java:168] --  override:/Users/a123/workspace/demo/vue/src/components/Ellipsis/index.md
 2020-06-03 20:03:21.706 [main] WARN  org.hyw.tools.generator.Generator[Generator.java:168] --  override:/Users/a123/workspace/demo/vue/src/components/Ellipsis/index.js
 2020-06-03 20:03:21.706 [main] WARN  org.hyw.tools.generator.Generator[Generator.java:168] --  override:/Users/a123/workspace/demo/vue/src/components/Ellipsis/Ellipsis.vue
 2020-06-03 20:03:21.707 [main] WARN  org.hyw.tools.generator.Generator[Generator.java:168] --  override:/Users/a123/workspace/demo/vue/src/components/Editor/WangEditor.vue
 2020-06-03 20:03:21.708 [main] WARN  org.hyw.tools.generator.Generator[Generator.java:168] --  override:/Users/a123/workspace/demo/vue/src/components/Editor/QuillEditor.vue
 2020-06-03 20:03:21.709 [main] WARN  org.hyw.tools.generator.Generator[Generator.java:168] --  override:/Users/a123/workspace/demo/vue/src/components/DescriptionList/index.js
 2020-06-03 20:03:21.710 [main] WARN  org.hyw.tools.generator.Generator[Generator.java:168] --  override:/Users/a123/workspace/demo/vue/src/components/DescriptionList/DescriptionList.vue
 2020-06-03 20:03:21.711 [main] WARN  org.hyw.tools.generator.Generator[Generator.java:168] --  override:/Users/a123/workspace/demo/vue/src/components/CountDown/index.md
 2020-06-03 20:03:21.712 [main] WARN  org.hyw.tools.generator.Generator[Generator.java:168] --  override:/Users/a123/workspace/demo/vue/src/components/CountDown/index.js
 2020-06-03 20:03:21.712 [main] WARN  org.hyw.tools.generator.Generator[Generator.java:168] --  override:/Users/a123/workspace/demo/vue/src/components/CountDown/CountDown.vue
 2020-06-03 20:03:21.713 [main] WARN  org.hyw.tools.generator.Generator[Generator.java:168] --  override:/Users/a123/workspace/demo/vue/src/components/Charts/smooth.area.less
 2020-06-03 20:03:21.714 [main] WARN  org.hyw.tools.generator.Generator[Generator.java:168] --  override:/Users/a123/workspace/demo/vue/src/components/Charts/chart.less
 2020-06-03 20:03:21.715 [main] WARN  org.hyw.tools.generator.Generator[Generator.java:168] --  override:/Users/a123/workspace/demo/vue/src/components/Charts/Trend.vue
 2020-06-03 20:03:21.716 [main] WARN  org.hyw.tools.generator.Generator[Generator.java:168] --  override:/Users/a123/workspace/demo/vue/src/components/Charts/TransferBar.vue
 2020-06-03 20:03:21.717 [main] WARN  org.hyw.tools.generator.Generator[Generator.java:168] --  override:/Users/a123/workspace/demo/vue/src/components/Charts/TagCloud.vue
 2020-06-03 20:03:21.718 [main] WARN  org.hyw.tools.generator.Generator[Generator.java:168] --  override:/Users/a123/workspace/demo/vue/src/components/Charts/RankList.vue
 2020-06-03 20:03:21.719 [main] WARN  org.hyw.tools.generator.Generator[Generator.java:168] --  override:/Users/a123/workspace/demo/vue/src/components/Charts/Radar.vue
 2020-06-03 20:03:21.720 [main] WARN  org.hyw.tools.generator.Generator[Generator.java:168] --  override:/Users/a123/workspace/demo/vue/src/components/Charts/MiniSmoothArea.vue
 2020-06-03 20:03:21.724 [main] WARN  org.hyw.tools.generator.Generator[Generator.java:168] --  override:/Users/a123/workspace/demo/vue/src/components/Charts/MiniProgress.vue
 2020-06-03 20:03:21.725 [main] WARN  org.hyw.tools.generator.Generator[Generator.java:168] --  override:/Users/a123/workspace/demo/vue/src/components/Charts/MiniBar.vue
 2020-06-03 20:03:21.726 [main] WARN  org.hyw.tools.generator.Generator[Generator.java:168] --  override:/Users/a123/workspace/demo/vue/src/components/Charts/MiniArea.vue
 2020-06-03 20:03:21.727 [main] WARN  org.hyw.tools.generator.Generator[Generator.java:168] --  override:/Users/a123/workspace/demo/vue/src/components/Charts/Liquid.vue
 2020-06-03 20:03:21.728 [main] WARN  org.hyw.tools.generator.Generator[Generator.java:168] --  override:/Users/a123/workspace/demo/vue/src/components/Charts/ChartCard.vue
 2020-06-03 20:03:21.728 [main] WARN  org.hyw.tools.generator.Generator[Generator.java:168] --  override:/Users/a123/workspace/demo/vue/src/components/Charts/Bar.vue
 2020-06-03 20:03:21.729 [main] WARN  org.hyw.tools.generator.Generator[Generator.java:168] --  override:/Users/a123/workspace/demo/vue/src/components/AvatarList/index.md
 2020-06-03 20:03:21.731 [main] WARN  org.hyw.tools.generator.Generator[Generator.java:168] --  override:/Users/a123/workspace/demo/vue/src/components/AvatarList/index.less
 2020-06-03 20:03:21.732 [main] WARN  org.hyw.tools.generator.Generator[Generator.java:168] --  override:/Users/a123/workspace/demo/vue/src/components/AvatarList/index.js
 2020-06-03 20:03:21.733 [main] WARN  org.hyw.tools.generator.Generator[Generator.java:168] --  override:/Users/a123/workspace/demo/vue/src/components/AvatarList/List.vue
 2020-06-03 20:03:21.734 [main] WARN  org.hyw.tools.generator.Generator[Generator.java:168] --  override:/Users/a123/workspace/demo/vue/src/components/AvatarList/Item.vue
 2020-06-03 20:03:21.735 [main] WARN  org.hyw.tools.generator.Generator[Generator.java:168] --  override:/Users/a123/workspace/demo/vue/src/components/ArticleListContent/index.js
 2020-06-03 20:03:21.738 [main] WARN  org.hyw.tools.generator.Generator[Generator.java:168] --  override:/Users/a123/workspace/demo/vue/src/components/ArticleListContent/ArticleListContent.vue
 2020-06-03 20:03:21.739 [main] WARN  org.hyw.tools.generator.Generator[Generator.java:168] --  override:/Users/a123/workspace/demo/vue/src/assets/logo.svg
 2020-06-03 20:03:21.740 [main] WARN  org.hyw.tools.generator.Generator[Generator.java:168] --  override:/Users/a123/workspace/demo/vue/src/assets/logo.png
 2020-06-03 20:03:21.741 [main] WARN  org.hyw.tools.generator.Generator[Generator.java:168] --  override:/Users/a123/workspace/demo/vue/src/assets/icons/bx-analyse.svg
 2020-06-03 20:03:21.742 [main] WARN  org.hyw.tools.generator.Generator[Generator.java:168] --  override:/Users/a123/workspace/demo/vue/src/assets/background.svg
 2020-06-03 20:03:21.743 [main] WARN  org.hyw.tools.generator.Generator[Generator.java:168] --  override:/Users/a123/workspace/demo/vue/src/api/userrolemapping.js
 2020-06-03 20:03:21.754 [main] WARN  org.hyw.tools.generator.Generator[Generator.java:168] --  override:/Users/a123/workspace/demo/vue/src/api/userpostmapping.js
 2020-06-03 20:03:21.755 [main] WARN  org.hyw.tools.generator.Generator[Generator.java:168] --  override:/Users/a123/workspace/demo/vue/src/api/usergrouprolemapping.js
 2020-06-03 20:03:21.756 [main] WARN  org.hyw.tools.generator.Generator[Generator.java:168] --  override:/Users/a123/workspace/demo/vue/src/api/usergroupmapping.js
 2020-06-03 20:03:21.756 [main] WARN  org.hyw.tools.generator.Generator[Generator.java:168] --  override:/Users/a123/workspace/demo/vue/src/api/userdeptmapping.js
 2020-06-03 20:03:21.757 [main] WARN  org.hyw.tools.generator.Generator[Generator.java:168] --  override:/Users/a123/workspace/demo/vue/src/api/user.js
 2020-06-03 20:03:21.758 [main] WARN  org.hyw.tools.generator.Generator[Generator.java:168] --  override:/Users/a123/workspace/demo/vue/src/api/tool.js
 2020-06-03 20:03:21.759 [main] WARN  org.hyw.tools.generator.Generator[Generator.java:168] --  override:/Users/a123/workspace/demo/vue/src/api/roleresourcemapping.js
 2020-06-03 20:03:21.759 [main] WARN  org.hyw.tools.generator.Generator[Generator.java:168] --  override:/Users/a123/workspace/demo/vue/src/api/role.js
 2020-06-03 20:03:21.766 [main] WARN  org.hyw.tools.generator.Generator[Generator.java:168] --  override:/Users/a123/workspace/demo/vue/src/api/param.js
 2020-06-03 20:03:21.770 [main] WARN  org.hyw.tools.generator.Generator[Generator.java:168] --  override:/Users/a123/workspace/demo/vue/src/api/media.js
 2020-06-03 20:03:21.771 [main] WARN  org.hyw.tools.generator.Generator[Generator.java:168] --  override:/Users/a123/workspace/demo/vue/src/api/manage.js
 2020-06-03 20:03:21.776 [main] WARN  org.hyw.tools.generator.Generator[Generator.java:168] --  override:/Users/a123/workspace/demo/vue/src/api/login.js
 2020-06-03 20:03:21.777 [main] WARN  org.hyw.tools.generator.Generator[Generator.java:168] --  override:/Users/a123/workspace/demo/vue/src/api/index.js
 2020-06-03 20:03:21.777 [main] WARN  org.hyw.tools.generator.Generator[Generator.java:168] --  override:/Users/a123/workspace/demo/vue/src/api/gallery.js
 2020-06-03 20:03:21.778 [main] WARN  org.hyw.tools.generator.Generator[Generator.java:168] --  override:/Users/a123/workspace/demo/vue/src/api/cuser.js
 2020-06-03 20:03:21.779 [main] WARN  org.hyw.tools.generator.Generator[Generator.java:168] --  override:/Users/a123/workspace/demo/vue/src/api/crole.js
 2020-06-03 20:03:21.780 [main] WARN  org.hyw.tools.generator.Generator[Generator.java:168] --  override:/Users/a123/workspace/demo/vue/src/api/cresource.js
 2020-06-03 20:03:21.783 [main] WARN  org.hyw.tools.generator.Generator[Generator.java:168] --  override:/Users/a123/workspace/demo/vue/src/App.vue
 2020-06-03 20:03:21.783 [main] WARN  org.hyw.tools.generator.Generator[Generator.java:168] --  override:/Users/a123/workspace/demo/vue/public/logo.png
 2020-06-03 20:03:21.788 [main] WARN  org.hyw.tools.generator.Generator[Generator.java:168] --  override:/Users/a123/workspace/demo/vue/public/loading/option2/loading.svg
 2020-06-03 20:03:21.791 [main] WARN  org.hyw.tools.generator.Generator[Generator.java:168] --  override:/Users/a123/workspace/demo/vue/public/loading/option2/loading.css
 2020-06-03 20:03:21.791 [main] WARN  org.hyw.tools.generator.Generator[Generator.java:168] --  override:/Users/a123/workspace/demo/vue/public/loading/option2/html_code_segment.html
 2020-06-03 20:03:21.792 [main] WARN  org.hyw.tools.generator.Generator[Generator.java:168] --  override:/Users/a123/workspace/demo/vue/public/loading/loading.html
 2020-06-03 20:03:21.793 [main] WARN  org.hyw.tools.generator.Generator[Generator.java:168] --  override:/Users/a123/workspace/demo/vue/public/loading/loading.css
 2020-06-03 20:03:21.794 [main] WARN  org.hyw.tools.generator.Generator[Generator.java:168] --  override:/Users/a123/workspace/demo/vue/public/color.less
 2020-06-03 20:03:21.799 [main] WARN  org.hyw.tools.generator.Generator[Generator.java:168] --  override:/Users/a123/workspace/demo/vue/public/avatar2.jpg
 2020-06-03 20:03:21.801 [main] WARN  org.hyw.tools.generator.Generator[Generator.java:168] --  override:/Users/a123/workspace/demo/vue/package.json
 2020-06-03 20:03:21.802 [main] WARN  org.hyw.tools.generator.Generator[Generator.java:168] --  override:/Users/a123/workspace/demo/vue/jsconfig.json
 2020-06-03 20:03:21.802 [main] WARN  org.hyw.tools.generator.Generator[Generator.java:168] --  override:/Users/a123/workspace/demo/vue/jest.config.js
 2020-06-03 20:03:21.803 [main] WARN  org.hyw.tools.generator.Generator[Generator.java:168] --  override:/Users/a123/workspace/demo/vue/babel.config.js
 2020-06-03 20:03:21.804 [main] WARN  org.hyw.tools.generator.Generator[Generator.java:168] --  override:/Users/a123/workspace/demo/vue/README.md
 2020-06-03 20:03:21.807 [main] WARN  org.hyw.tools.generator.Generator[Generator.java:168] --  override:/Users/a123/workspace/demo/vue/LICENSE
 2020-06-03 20:03:21.808 [main] WARN  org.hyw.tools.generator.Generator[Generator.java:168] --  override:/Users/a123/workspace/demo/vue/.travis.yml
 2020-06-03 20:03:21.810 [main] WARN  org.hyw.tools.generator.Generator[Generator.java:168] --  override:/Users/a123/workspace/demo/vue/.project
 2020-06-03 20:03:21.810 [main] WARN  org.hyw.tools.generator.Generator[Generator.java:168] --  override:/Users/a123/workspace/demo/vue/.prettierrc
 2020-06-03 20:03:21.811 [main] WARN  org.hyw.tools.generator.Generator[Generator.java:168] --  override:/Users/a123/workspace/demo/vue/.env.preview
 2020-06-03 20:03:21.812 [main] WARN  org.hyw.tools.generator.Generator[Generator.java:168] --  override:/Users/a123/workspace/demo/vue/.env
 2020-06-03 20:03:21.813 [main] WARN  org.hyw.tools.generator.Generator[Generator.java:168] --  override:/Users/a123/workspace/demo/vue/.editorconfig
 2020-06-03 20:03:21.814 [main] WARN  org.hyw.tools.generator.Generator[Generator.java:168] --  override:/Users/a123/workspace/demo/vue/.classpath
 2020-06-03 20:03:21.868 [main] WARN  org.hyw.tools.generator.Generator[Generator.java:168] --  override:/Users/a123/workspace/demo/vue/src/utils/domUtil.js
 2020-06-03 20:03:21.877 [main] WARN  org.hyw.tools.generator.Generator[Generator.java:168] --  override:/Users/a123/workspace/demo/vue/src/layouts/UserLayout.vue
 2020-06-03 20:03:21.906 [main] WARN  org.hyw.tools.generator.Generator[Generator.java:168] --  override:/Users/a123/workspace/demo/vue/src/components/GlobalFooter/GlobalFooter.vue
 2020-06-03 20:03:21.909 [main] WARN  org.hyw.tools.generator.Generator[Generator.java:168] --  override:/Users/a123/workspace/demo/vue/public/index.html
 2020-06-03 20:03:21.922 [main] WARN  org.hyw.tools.generator.Generator[Generator.java:168] --  override:/Users/a123/workspace/demo/vue/.project
 2020-06-03 20:03:22.009 [main] WARN  org.hyw.tools.generator.Generator[Generator.java:168] --  override:/Users/a123/workspace/demo/app/src/test/resources/zookeeper.data
 2020-06-03 20:03:22.011 [main] WARN  org.hyw.tools.generator.Generator[Generator.java:168] --  override:/Users/a123/workspace/demo/app/src/test/resources/bootstrap.yml
 2020-06-03 20:03:22.033 [main] WARN  org.hyw.tools.generator.Generator[Generator.java:168] --  override:/Users/a123/workspace/demo/app/src/test/resources/application.yml
 2020-06-03 20:03:22.037 [main] WARN  org.hyw.tools.generator.Generator[Generator.java:168] --  override:/Users/a123/workspace/demo/app/src/test/java/com/big/box/demo/app/test/zookeeper/ZkTool.java
 2020-06-03 20:03:22.043 [main] WARN  org.hyw.tools.generator.Generator[Generator.java:168] --  override:/Users/a123/workspace/demo/app/src/test/java/com/big/box/demo/app/test/redis/RedisTemplateTest.java
 2020-06-03 20:03:22.050 [main] WARN  org.hyw.tools.generator.Generator[Generator.java:168] --  override:/Users/a123/workspace/demo/app/src/test/java/com/big/box/demo/app/test/dubbo/DubboTest.java
 2020-06-03 20:03:22.061 [main] WARN  org.hyw.tools.generator.Generator[Generator.java:168] --  override:/Users/a123/workspace/demo/app/src/main/resources/maven/assembly.xml
 2020-06-03 20:03:22.068 [main] WARN  org.hyw.tools.generator.Generator[Generator.java:168] --  override:/Users/a123/workspace/demo/app/src/main/resources/logback.xml
 2020-06-03 20:03:22.070 [main] WARN  org.hyw.tools.generator.Generator[Generator.java:168] --  override:/Users/a123/workspace/demo/app/src/main/resources/data/UserInfo.json
 2020-06-03 20:03:22.101 [main] WARN  org.hyw.tools.generator.Generator[Generator.java:168] --  override:/Users/a123/workspace/demo/app/src/main/resources/data/ResourceResponseVo.json
 2020-06-03 20:03:22.103 [main] WARN  org.hyw.tools.generator.Generator[Generator.java:168] --  override:/Users/a123/workspace/demo/app/src/main/resources/conf/messages.properties
 2020-06-03 20:03:22.119 [main] WARN  org.hyw.tools.generator.Generator[Generator.java:168] --  override:/Users/a123/workspace/demo/app/src/main/resources/bootstrap.yml
 2020-06-03 20:03:22.121 [main] WARN  org.hyw.tools.generator.Generator[Generator.java:168] --  override:/Users/a123/workspace/demo/app/src/main/resources/bin/stop.sh
 2020-06-03 20:03:22.123 [main] WARN  org.hyw.tools.generator.Generator[Generator.java:168] --  override:/Users/a123/workspace/demo/app/src/main/resources/bin/startup.sh
 2020-06-03 20:03:22.129 [main] WARN  org.hyw.tools.generator.Generator[Generator.java:168] --  override:/Users/a123/workspace/demo/app/src/main/resources/banner.txt
 2020-06-03 20:03:22.170 [main] WARN  org.hyw.tools.generator.Generator[Generator.java:168] --  override:/Users/a123/workspace/demo/app/src/main/java/com/big/box/demo/app/vo/UserInfo.java
 2020-06-03 20:03:22.173 [main] WARN  org.hyw.tools.generator.Generator[Generator.java:168] --  override:/Users/a123/workspace/demo/app/src/main/java/com/big/box/demo/app/vo/UserAuthCache.java
 2020-06-03 20:03:22.176 [main] WARN  org.hyw.tools.generator.Generator[Generator.java:168] --  override:/Users/a123/workspace/demo/app/src/main/java/com/big/box/demo/app/vo/TokenVo.java
 2020-06-03 20:03:22.177 [main] WARN  org.hyw.tools.generator.Generator[Generator.java:168] --  override:/Users/a123/workspace/demo/app/src/main/java/com/big/box/demo/app/vo/Role.java
 2020-06-03 20:03:22.180 [main] WARN  org.hyw.tools.generator.Generator[Generator.java:168] --  override:/Users/a123/workspace/demo/app/src/main/java/com/big/box/demo/app/vo/ResourceResponseVo.java
 2020-06-03 20:03:22.183 [main] WARN  org.hyw.tools.generator.Generator[Generator.java:168] --  override:/Users/a123/workspace/demo/app/src/main/java/com/big/box/demo/app/vo/Resource.java
 2020-06-03 20:03:22.185 [main] WARN  org.hyw.tools.generator.Generator[Generator.java:168] --  override:/Users/a123/workspace/demo/app/src/main/java/com/big/box/demo/app/vo/LoginVo.java
 2020-06-03 20:03:22.187 [main] WARN  org.hyw.tools.generator.Generator[Generator.java:168] --  override:/Users/a123/workspace/demo/app/src/main/java/com/big/box/demo/app/vo/LoginResponseVo.java
 2020-06-03 20:03:22.189 [main] WARN  org.hyw.tools.generator.Generator[Generator.java:168] --  override:/Users/a123/workspace/demo/app/src/main/java/com/big/box/demo/app/vo/BaseModel.java
 2020-06-03 20:03:22.192 [main] WARN  org.hyw.tools.generator.Generator[Generator.java:168] --  override:/Users/a123/workspace/demo/app/src/main/java/com/big/box/demo/app/utils/SpringUtils.java
 2020-06-03 20:03:22.194 [main] WARN  org.hyw.tools.generator.Generator[Generator.java:168] --  override:/Users/a123/workspace/demo/app/src/main/java/com/big/box/demo/app/utils/JWTUtil.java
 2020-06-03 20:03:22.196 [main] WARN  org.hyw.tools.generator.Generator[Generator.java:168] --  override:/Users/a123/workspace/demo/app/src/main/java/com/big/box/demo/app/utils/HttpUtils.java
 2020-06-03 20:03:22.199 [main] WARN  org.hyw.tools.generator.Generator[Generator.java:168] --  override:/Users/a123/workspace/demo/app/src/main/java/com/big/box/demo/app/springboot/swagger2/Swagger2Configuration.java
 2020-06-03 20:03:22.202 [main] WARN  org.hyw.tools.generator.Generator[Generator.java:168] --  override:/Users/a123/workspace/demo/app/src/main/java/com/big/box/demo/app/springboot/runner/StartupRunner.java
 2020-06-03 20:03:22.210 [main] WARN  org.hyw.tools.generator.Generator[Generator.java:168] --  override:/Users/a123/workspace/demo/app/src/main/java/com/big/box/demo/app/shiro/ShiroRealm.java
 2020-06-03 20:03:22.213 [main] WARN  org.hyw.tools.generator.Generator[Generator.java:168] --  override:/Users/a123/workspace/demo/app/src/main/java/com/big/box/demo/app/shiro/ShiroConfig.java
 2020-06-03 20:03:22.221 [main] WARN  org.hyw.tools.generator.Generator[Generator.java:168] --  override:/Users/a123/workspace/demo/app/src/main/java/com/big/box/demo/app/service/impl/TokenServiceImpl.java
 2020-06-03 20:03:22.259 [main] WARN  org.hyw.tools.generator.Generator[Generator.java:168] --  override:/Users/a123/workspace/demo/app/src/main/java/com/big/box/demo/app/service/impl/BaseServiceImpl.java
 2020-06-03 20:03:22.266 [main] WARN  org.hyw.tools.generator.Generator[Generator.java:168] --  override:/Users/a123/workspace/demo/app/src/main/java/com/big/box/demo/app/service/TokenService.java
 2020-06-03 20:03:22.268 [main] WARN  org.hyw.tools.generator.Generator[Generator.java:168] --  override:/Users/a123/workspace/demo/app/src/main/java/com/big/box/demo/app/plus/MybatisPlusMetaObjectHandler.java
 2020-06-03 20:03:22.274 [main] WARN  org.hyw.tools.generator.Generator[Generator.java:168] --  override:/Users/a123/workspace/demo/app/src/main/java/com/big/box/demo/app/plus/MybatisPlusConfiguration.java
 2020-06-03 20:03:22.285 [main] WARN  org.hyw.tools.generator.Generator[Generator.java:168] --  override:/Users/a123/workspace/demo/app/src/main/java/com/big/box/demo/app/mvc/WebMvcConfigurer.java
 2020-06-03 20:03:22.287 [main] WARN  org.hyw.tools.generator.Generator[Generator.java:168] --  override:/Users/a123/workspace/demo/app/src/main/java/com/big/box/demo/app/mvc/JsonFormContentFilter.java
 2020-06-03 20:03:22.297 [main] WARN  org.hyw.tools.generator.Generator[Generator.java:168] --  override:/Users/a123/workspace/demo/app/src/main/java/com/big/box/demo/app/interceptor/ContextInterceptor.java
 2020-06-03 20:03:22.307 [main] WARN  org.hyw.tools.generator.Generator[Generator.java:168] --  override:/Users/a123/workspace/demo/app/src/main/java/com/big/box/demo/app/filter/JWTFilter.java
 2020-06-03 20:03:22.314 [main] WARN  org.hyw.tools.generator.Generator[Generator.java:168] --  override:/Users/a123/workspace/demo/app/src/main/java/com/big/box/demo/app/controller/commons/ErrorController.java
 2020-06-03 20:03:22.323 [main] WARN  org.hyw.tools.generator.Generator[Generator.java:168] --  override:/Users/a123/workspace/demo/app/src/main/java/com/big/box/demo/app/controller/commons/BaseController.java
 2020-06-03 20:03:22.349 [main] WARN  org.hyw.tools.generator.Generator[Generator.java:168] --  override:/Users/a123/workspace/demo/app/src/main/java/com/big/box/demo/app/controller/LoginController.java
 2020-06-03 20:03:22.356 [main] WARN  org.hyw.tools.generator.Generator[Generator.java:168] --  override:/Users/a123/workspace/demo/app/src/main/java/com/big/box/demo/app/aspects/LogAspect.java
 2020-06-03 20:03:22.363 [main] WARN  org.hyw.tools.generator.Generator[Generator.java:168] --  override:/Users/a123/workspace/demo/app/src/main/java/com/big/box/demo/app/Booter.java
 2020-06-03 20:03:22.366 [main] WARN  org.hyw.tools.generator.Generator[Generator.java:168] --  override:/Users/a123/workspace/demo/api/src/main/java/com/big/box/demo/api/vo/Result.java
 2020-06-03 20:03:22.373 [main] WARN  org.hyw.tools.generator.Generator[Generator.java:168] --  override:/Users/a123/workspace/demo/api/src/main/java/com/big/box/demo/api/service/BaseService.java
 2020-06-03 20:03:22.377 [main] WARN  org.hyw.tools.generator.Generator[Generator.java:168] --  override:/Users/a123/workspace/demo/api/src/main/java/com/big/box/demo/api/enums/StatusCode.java
 2020-06-03 20:03:22.383 [main] WARN  org.hyw.tools.generator.Generator[Generator.java:168] --  override:/Users/a123/workspace/demo/api/src/main/java/com/big/box/demo/api/entity/BaseEntity.java
 2020-06-03 20:03:22.492 [main] WARN  org.hyw.tools.generator.Generator[Generator.java:168] --  override:/Users/a123/workspace/demo/vue/src/views/Device/DeviceList.vue
 2020-06-03 20:03:22.523 [main] WARN  org.hyw.tools.generator.Generator[Generator.java:168] --  override:/Users/a123/workspace/demo/vue/src/views/Device/DeviceForm.vue
 2020-06-03 20:03:22.551 [main] WARN  org.hyw.tools.generator.Generator[Generator.java:168] --  override:/Users/a123/workspace/demo/vue/src/api/Device.js
 2020-06-03 20:03:22.554 [main] WARN  org.hyw.tools.generator.Generator[Generator.java:168] --  override:/Users/a123/workspace/demo/vue/.project
 2020-06-03 20:03:22.562 [main] WARN  org.hyw.tools.generator.Generator[Generator.java:168] --  override:/Users/a123/workspace/demo/app/src/test/java/com/big/box/demo/app/test/controller/DeviceControllerTest.java
 2020-06-03 20:03:22.673 [main] WARN  org.hyw.tools.generator.Generator[Generator.java:168] --  override:/Users/a123/workspace/demo/app/src/main/resources/mappers/DeviceMapper.xml
 2020-06-03 20:03:22.721 [main] WARN  org.hyw.tools.generator.Generator[Generator.java:168] --  override:/Users/a123/workspace/demo/app/src/main/java/com/big/box/demo/app/service/impl/DeviceServiceImpl.java
 2020-06-03 20:03:22.784 [main] WARN  org.hyw.tools.generator.Generator[Generator.java:168] --  override:/Users/a123/workspace/demo/app/src/main/java/com/big/box/demo/app/mapper/DeviceMapper.java
 2020-06-03 20:03:22.885 [main] WARN  org.hyw.tools.generator.Generator[Generator.java:168] --  override:/Users/a123/workspace/demo/app/src/main/java/com/big/box/demo/app/controller/DeviceController.java
 2020-06-03 20:03:22.912 [main] WARN  org.hyw.tools.generator.Generator[Generator.java:168] --  override:/Users/a123/workspace/demo/api/src/main/java/com/big/box/demo/api/service/DeviceService.java
 2020-06-03 20:03:22.996 [main] WARN  org.hyw.tools.generator.Generator[Generator.java:168] --  override:/Users/a123/workspace/demo/api/src/main/java/com/big/box/demo/api/entity/Device.java
 2020-06-03 20:03:22.997 [main] INFO  org.hyw.tools.generator.AbstractGenerator[AbstractGenerator.java:225] --  文件已生成:/Users/a123/workspace/demo
 